<?xml version="1.0" encoding="UTF-8"?>
<testsuite xmlns:xsi="http://www.w3.org/2001/XMLSchema-instance" xsi:noNamespaceSchemaLocation="https://maven.apache.org/surefire/maven-surefire-plugin/xsd/surefire-test-report-3.0.xsd" version="3.0" name="be.vives.ti.CycloCrossApi.CycloCrossApiApplicationTests" time="7.235" tests="1" errors="0" skipped="0" failures="0">
  <properties>
    <property name="java.specification.version" value="21"/>
    <property name="sun.cpu.isalist" value="amd64"/>
    <property name="sun.jnu.encoding" value="Cp1252"/>
    <property name="java.class.path" value="C:\Users\Jonas Notredame\Derde jaar Software Dev\Java backend\ex\local\JavaBackendApplication\target\test-classes;C:\Users\Jonas Notredame\Derde jaar Software Dev\Java backend\ex\local\JavaBackendApplication\target\classes;C:\Users\Jonas Notredame\.m2\repository\org\springframework\boot\spring-boot-starter-actuator\3.1.5\spring-boot-starter-actuator-3.1.5.jar;C:\Users\Jonas Notredame\.m2\repository\org\springframework\boot\spring-boot-starter\3.1.5\spring-boot-starter-3.1.5.jar;C:\Users\Jonas Notredame\.m2\repository\org\springframework\boot\spring-boot\3.1.5\spring-boot-3.1.5.jar;C:\Users\Jonas Notredame\.m2\repository\org\springframework\boot\spring-boot-autoconfigure\3.1.5\spring-boot-autoconfigure-3.1.5.jar;C:\Users\Jonas Notredame\.m2\repository\org\springframework\boot\spring-boot-starter-logging\3.1.5\spring-boot-starter-logging-3.1.5.jar;C:\Users\Jonas Notredame\.m2\repository\ch\qos\logback\logback-classic\1.4.11\logback-classic-1.4.11.jar;C:\Users\Jonas Notredame\.m2\repository\ch\qos\logback\logback-core\1.4.11\logback-core-1.4.11.jar;C:\Users\Jonas Notredame\.m2\repository\org\apache\logging\log4j\log4j-to-slf4j\2.20.0\log4j-to-slf4j-2.20.0.jar;C:\Users\Jonas Notredame\.m2\repository\org\apache\logging\log4j\log4j-api\2.20.0\log4j-api-2.20.0.jar;C:\Users\Jonas Notredame\.m2\repository\org\slf4j\jul-to-slf4j\2.0.9\jul-to-slf4j-2.0.9.jar;C:\Users\Jonas Notredame\.m2\repository\jakarta\annotation\jakarta.annotation-api\2.1.1\jakarta.annotation-api-2.1.1.jar;C:\Users\Jonas Notredame\.m2\repository\org\yaml\snakeyaml\1.33\snakeyaml-1.33.jar;C:\Users\Jonas Notredame\.m2\repository\org\springframework\boot\spring-boot-actuator-autoconfigure\3.1.5\spring-boot-actuator-autoconfigure-3.1.5.jar;C:\Users\Jonas Notredame\.m2\repository\org\springframework\boot\spring-boot-actuator\3.1.5\spring-boot-actuator-3.1.5.jar;C:\Users\Jonas Notredame\.m2\repository\com\fasterxml\jackson\core\jackson-databind\2.15.3\jackson-databind-2.15.3.jar;C:\Users\Jonas Notredame\.m2\repository\com\fasterxml\jackson\core\jackson-annotations\2.15.3\jackson-annotations-2.15.3.jar;C:\Users\Jonas Notredame\.m2\repository\com\fasterxml\jackson\core\jackson-core\2.15.3\jackson-core-2.15.3.jar;C:\Users\Jonas Notredame\.m2\repository\com\fasterxml\jackson\datatype\jackson-datatype-jsr310\2.15.3\jackson-datatype-jsr310-2.15.3.jar;C:\Users\Jonas Notredame\.m2\repository\io\micrometer\micrometer-observation\1.11.5\micrometer-observation-1.11.5.jar;C:\Users\Jonas Notredame\.m2\repository\io\micrometer\micrometer-commons\1.11.5\micrometer-commons-1.11.5.jar;C:\Users\Jonas Notredame\.m2\repository\io\micrometer\micrometer-core\1.11.5\micrometer-core-1.11.5.jar;C:\Users\Jonas Notredame\.m2\repository\org\hdrhistogram\HdrHistogram\2.1.12\HdrHistogram-2.1.12.jar;C:\Users\Jonas Notredame\.m2\repository\org\latencyutils\LatencyUtils\2.0.3\LatencyUtils-2.0.3.jar;C:\Users\Jonas Notredame\.m2\repository\org\springframework\boot\spring-boot-starter-data-jpa\3.1.5\spring-boot-starter-data-jpa-3.1.5.jar;C:\Users\Jonas Notredame\.m2\repository\org\springframework\boot\spring-boot-starter-aop\3.1.5\spring-boot-starter-aop-3.1.5.jar;C:\Users\Jonas Notredame\.m2\repository\org\springframework\spring-aop\6.0.13\spring-aop-6.0.13.jar;C:\Users\Jonas Notredame\.m2\repository\org\aspectj\aspectjweaver\1.9.20\aspectjweaver-1.9.20.jar;C:\Users\Jonas Notredame\.m2\repository\org\springframework\boot\spring-boot-starter-jdbc\3.1.5\spring-boot-starter-jdbc-3.1.5.jar;C:\Users\Jonas Notredame\.m2\repository\com\zaxxer\HikariCP\5.0.1\HikariCP-5.0.1.jar;C:\Users\Jonas Notredame\.m2\repository\org\springframework\spring-jdbc\6.0.13\spring-jdbc-6.0.13.jar;C:\Users\Jonas Notredame\.m2\repository\org\hibernate\orm\hibernate-core\6.2.13.Final\hibernate-core-6.2.13.Final.jar;C:\Users\Jonas Notredame\.m2\repository\jakarta\persistence\jakarta.persistence-api\3.1.0\jakarta.persistence-api-3.1.0.jar;C:\Users\Jonas Notredame\.m2\repository\jakarta\transaction\jakarta.transaction-api\2.0.1\jakarta.transaction-api-2.0.1.jar;C:\Users\Jonas Notredame\.m2\repository\org\jboss\logging\jboss-logging\3.5.3.Final\jboss-logging-3.5.3.Final.jar;C:\Users\Jonas Notredame\.m2\repository\org\hibernate\common\hibernate-commons-annotations\6.0.6.Final\hibernate-commons-annotations-6.0.6.Final.jar;C:\Users\Jonas Notredame\.m2\repository\io\smallrye\jandex\3.0.5\jandex-3.0.5.jar;C:\Users\Jonas Notredame\.m2\repository\com\fasterxml\classmate\1.5.1\classmate-1.5.1.jar;C:\Users\Jonas Notredame\.m2\repository\net\bytebuddy\byte-buddy\1.14.9\byte-buddy-1.14.9.jar;C:\Users\Jonas Notredame\.m2\repository\org\glassfish\jaxb\jaxb-runtime\4.0.3\jaxb-runtime-4.0.3.jar;C:\Users\Jonas Notredame\.m2\repository\org\glassfish\jaxb\jaxb-core\4.0.3\jaxb-core-4.0.3.jar;C:\Users\Jonas Notredame\.m2\repository\org\eclipse\angus\angus-activation\2.0.1\angus-activation-2.0.1.jar;C:\Users\Jonas Notredame\.m2\repository\org\glassfish\jaxb\txw2\4.0.3\txw2-4.0.3.jar;C:\Users\Jonas Notredame\.m2\repository\com\sun\istack\istack-commons-runtime\4.1.2\istack-commons-runtime-4.1.2.jar;C:\Users\Jonas Notredame\.m2\repository\jakarta\inject\jakarta.inject-api\2.0.1\jakarta.inject-api-2.0.1.jar;C:\Users\Jonas Notredame\.m2\repository\org\antlr\antlr4-runtime\4.10.1\antlr4-runtime-4.10.1.jar;C:\Users\Jonas Notredame\.m2\repository\org\springframework\data\spring-data-jpa\3.1.5\spring-data-jpa-3.1.5.jar;C:\Users\Jonas Notredame\.m2\repository\org\springframework\data\spring-data-commons\3.1.5\spring-data-commons-3.1.5.jar;C:\Users\Jonas Notredame\.m2\repository\org\springframework\spring-orm\6.0.13\spring-orm-6.0.13.jar;C:\Users\Jonas Notredame\.m2\repository\org\springframework\spring-context\6.0.13\spring-context-6.0.13.jar;C:\Users\Jonas Notredame\.m2\repository\org\springframework\spring-tx\6.0.13\spring-tx-6.0.13.jar;C:\Users\Jonas Notredame\.m2\repository\org\springframework\spring-beans\6.0.13\spring-beans-6.0.13.jar;C:\Users\Jonas Notredame\.m2\repository\org\slf4j\slf4j-api\2.0.9\slf4j-api-2.0.9.jar;C:\Users\Jonas Notredame\.m2\repository\org\springframework\spring-aspects\6.0.13\spring-aspects-6.0.13.jar;C:\Users\Jonas Notredame\.m2\repository\org\springframework\boot\spring-boot-starter-validation\3.1.5\spring-boot-starter-validation-3.1.5.jar;C:\Users\Jonas Notredame\.m2\repository\org\apache\tomcat\embed\tomcat-embed-el\10.1.15\tomcat-embed-el-10.1.15.jar;C:\Users\Jonas Notredame\.m2\repository\org\hibernate\validator\hibernate-validator\8.0.1.Final\hibernate-validator-8.0.1.Final.jar;C:\Users\Jonas Notredame\.m2\repository\jakarta\validation\jakarta.validation-api\3.0.2\jakarta.validation-api-3.0.2.jar;C:\Users\Jonas Notredame\.m2\repository\org\springframework\boot\spring-boot-starter-web\3.1.5\spring-boot-starter-web-3.1.5.jar;C:\Users\Jonas Notredame\.m2\repository\org\springframework\boot\spring-boot-starter-json\3.1.5\spring-boot-starter-json-3.1.5.jar;C:\Users\Jonas Notredame\.m2\repository\com\fasterxml\jackson\datatype\jackson-datatype-jdk8\2.15.3\jackson-datatype-jdk8-2.15.3.jar;C:\Users\Jonas Notredame\.m2\repository\com\fasterxml\jackson\module\jackson-module-parameter-names\2.15.3\jackson-module-parameter-names-2.15.3.jar;C:\Users\Jonas Notredame\.m2\repository\org\springframework\boot\spring-boot-starter-tomcat\3.1.5\spring-boot-starter-tomcat-3.1.5.jar;C:\Users\Jonas Notredame\.m2\repository\org\apache\tomcat\embed\tomcat-embed-core\10.1.15\tomcat-embed-core-10.1.15.jar;C:\Users\Jonas Notredame\.m2\repository\org\apache\tomcat\embed\tomcat-embed-websocket\10.1.15\tomcat-embed-websocket-10.1.15.jar;C:\Users\Jonas Notredame\.m2\repository\org\springframework\spring-web\6.0.13\spring-web-6.0.13.jar;C:\Users\Jonas Notredame\.m2\repository\org\springframework\spring-webmvc\6.0.13\spring-webmvc-6.0.13.jar;C:\Users\Jonas Notredame\.m2\repository\org\springframework\spring-expression\6.0.13\spring-expression-6.0.13.jar;C:\Users\Jonas Notredame\.m2\repository\com\h2database\h2\2.1.214\h2-2.1.214.jar;C:\Users\Jonas Notredame\.m2\repository\org\springframework\boot\spring-boot-starter-test\3.1.5\spring-boot-starter-test-3.1.5.jar;C:\Users\Jonas Notredame\.m2\repository\org\springframework\boot\spring-boot-test\3.1.5\spring-boot-test-3.1.5.jar;C:\Users\Jonas Notredame\.m2\repository\org\springframework\boot\spring-boot-test-autoconfigure\3.1.5\spring-boot-test-autoconfigure-3.1.5.jar;C:\Users\Jonas Notredame\.m2\repository\com\jayway\jsonpath\json-path\2.8.0\json-path-2.8.0.jar;C:\Users\Jonas Notredame\.m2\repository\jakarta\xml\bind\jakarta.xml.bind-api\4.0.1\jakarta.xml.bind-api-4.0.1.jar;C:\Users\Jonas Notredame\.m2\repository\jakarta\activation\jakarta.activation-api\2.1.2\jakarta.activation-api-2.1.2.jar;C:\Users\Jonas Notredame\.m2\repository\net\minidev\json-smart\2.4.11\json-smart-2.4.11.jar;C:\Users\Jonas Notredame\.m2\repository\net\minidev\accessors-smart\2.4.11\accessors-smart-2.4.11.jar;C:\Users\Jonas Notredame\.m2\repository\org\ow2\asm\asm\9.3\asm-9.3.jar;C:\Users\Jonas Notredame\.m2\repository\org\assertj\assertj-core\3.24.2\assertj-core-3.24.2.jar;C:\Users\Jonas Notredame\.m2\repository\org\hamcrest\hamcrest\2.2\hamcrest-2.2.jar;C:\Users\Jonas Notredame\.m2\repository\org\junit\jupiter\junit-jupiter\5.9.3\junit-jupiter-5.9.3.jar;C:\Users\Jonas Notredame\.m2\repository\org\junit\jupiter\junit-jupiter-api\5.9.3\junit-jupiter-api-5.9.3.jar;C:\Users\Jonas Notredame\.m2\repository\org\opentest4j\opentest4j\1.2.0\opentest4j-1.2.0.jar;C:\Users\Jonas Notredame\.m2\repository\org\junit\platform\junit-platform-commons\1.9.3\junit-platform-commons-1.9.3.jar;C:\Users\Jonas Notredame\.m2\repository\org\apiguardian\apiguardian-api\1.1.2\apiguardian-api-1.1.2.jar;C:\Users\Jonas Notredame\.m2\repository\org\junit\jupiter\junit-jupiter-params\5.9.3\junit-jupiter-params-5.9.3.jar;C:\Users\Jonas Notredame\.m2\repository\org\junit\jupiter\junit-jupiter-engine\5.9.3\junit-jupiter-engine-5.9.3.jar;C:\Users\Jonas Notredame\.m2\repository\org\junit\platform\junit-platform-engine\1.9.3\junit-platform-engine-1.9.3.jar;C:\Users\Jonas Notredame\.m2\repository\org\mockito\mockito-core\5.3.1\mockito-core-5.3.1.jar;C:\Users\Jonas Notredame\.m2\repository\net\bytebuddy\byte-buddy-agent\1.14.9\byte-buddy-agent-1.14.9.jar;C:\Users\Jonas Notredame\.m2\repository\org\objenesis\objenesis\3.3\objenesis-3.3.jar;C:\Users\Jonas Notredame\.m2\repository\org\mockito\mockito-junit-jupiter\5.3.1\mockito-junit-jupiter-5.3.1.jar;C:\Users\Jonas Notredame\.m2\repository\org\skyscreamer\jsonassert\1.5.1\jsonassert-1.5.1.jar;C:\Users\Jonas Notredame\.m2\repository\com\vaadin\external\google\android-json\0.0.20131108.vaadin1\android-json-0.0.20131108.vaadin1.jar;C:\Users\Jonas Notredame\.m2\repository\org\springframework\spring-core\6.0.13\spring-core-6.0.13.jar;C:\Users\Jonas Notredame\.m2\repository\org\springframework\spring-jcl\6.0.13\spring-jcl-6.0.13.jar;C:\Users\Jonas Notredame\.m2\repository\org\springframework\spring-test\6.0.13\spring-test-6.0.13.jar;C:\Users\Jonas Notredame\.m2\repository\org\xmlunit\xmlunit-core\2.9.1\xmlunit-core-2.9.1.jar;C:\Users\Jonas Notredame\.m2\repository\org\springdoc\springdoc-openapi-starter-webmvc-ui\2.1.0\springdoc-openapi-starter-webmvc-ui-2.1.0.jar;C:\Users\Jonas Notredame\.m2\repository\org\springdoc\springdoc-openapi-starter-webmvc-api\2.1.0\springdoc-openapi-starter-webmvc-api-2.1.0.jar;C:\Users\Jonas Notredame\.m2\repository\org\springdoc\springdoc-openapi-starter-common\2.1.0\springdoc-openapi-starter-common-2.1.0.jar;C:\Users\Jonas Notredame\.m2\repository\io\swagger\core\v3\swagger-core-jakarta\2.2.9\swagger-core-jakarta-2.2.9.jar;C:\Users\Jonas Notredame\.m2\repository\org\apache\commons\commons-lang3\3.12.0\commons-lang3-3.12.0.jar;C:\Users\Jonas Notredame\.m2\repository\io\swagger\core\v3\swagger-annotations-jakarta\2.2.9\swagger-annotations-jakarta-2.2.9.jar;C:\Users\Jonas Notredame\.m2\repository\io\swagger\core\v3\swagger-models-jakarta\2.2.9\swagger-models-jakarta-2.2.9.jar;C:\Users\Jonas Notredame\.m2\repository\com\fasterxml\jackson\dataformat\jackson-dataformat-yaml\2.15.3\jackson-dataformat-yaml-2.15.3.jar;C:\Users\Jonas Notredame\.m2\repository\org\webjars\swagger-ui\4.18.2\swagger-ui-4.18.2.jar;"/>
    <property name="java.vm.vendor" value="Oracle Corporation"/>
    <property name="sun.arch.data.model" value="64"/>
    <property name="user.variant" value=""/>
    <property name="java.vendor.url" value="https://java.oracle.com/"/>
    <property name="user.timezone" value="Europe/Brussels"/>
    <property name="org.jboss.logging.provider" value="slf4j"/>
    <property name="os.name" value="Windows 11"/>
    <property name="java.vm.specification.version" value="21"/>
    <property name="sun.java.launcher" value="SUN_STANDARD"/>
    <property name="user.country" value="US"/>
    <property name="sun.boot.library.path" value="C:\Program Files\Java\jdk-21\bin"/>
    <property name="sun.java.command" value="C:\Users\Jonas Notredame\AppData\Local\Temp\surefire1353021406877063098\surefirebooter-20231130161118710_3.jar C:\Users\Jonas Notredame\AppData\Local\Temp\surefire1353021406877063098 2023-11-30T16-11-18_617-jvmRun1 surefire-20231130161118710_1tmp surefire_0-20231130161118710_2tmp"/>
    <property name="jdk.debug" value="release"/>
    <property name="surefire.test.class.path" value="C:\Users\Jonas Notredame\Derde jaar Software Dev\Java backend\ex\local\JavaBackendApplication\target\test-classes;C:\Users\Jonas Notredame\Derde jaar Software Dev\Java backend\ex\local\JavaBackendApplication\target\classes;C:\Users\Jonas Notredame\.m2\repository\org\springframework\boot\spring-boot-starter-actuator\3.1.5\spring-boot-starter-actuator-3.1.5.jar;C:\Users\Jonas Notredame\.m2\repository\org\springframework\boot\spring-boot-starter\3.1.5\spring-boot-starter-3.1.5.jar;C:\Users\Jonas Notredame\.m2\repository\org\springframework\boot\spring-boot\3.1.5\spring-boot-3.1.5.jar;C:\Users\Jonas Notredame\.m2\repository\org\springframework\boot\spring-boot-autoconfigure\3.1.5\spring-boot-autoconfigure-3.1.5.jar;C:\Users\Jonas Notredame\.m2\repository\org\springframework\boot\spring-boot-starter-logging\3.1.5\spring-boot-starter-logging-3.1.5.jar;C:\Users\Jonas Notredame\.m2\repository\ch\qos\logback\logback-classic\1.4.11\logback-classic-1.4.11.jar;C:\Users\Jonas Notredame\.m2\repository\ch\qos\logback\logback-core\1.4.11\logback-core-1.4.11.jar;C:\Users\Jonas Notredame\.m2\repository\org\apache\logging\log4j\log4j-to-slf4j\2.20.0\log4j-to-slf4j-2.20.0.jar;C:\Users\Jonas Notredame\.m2\repository\org\apache\logging\log4j\log4j-api\2.20.0\log4j-api-2.20.0.jar;C:\Users\Jonas Notredame\.m2\repository\org\slf4j\jul-to-slf4j\2.0.9\jul-to-slf4j-2.0.9.jar;C:\Users\Jonas Notredame\.m2\repository\jakarta\annotation\jakarta.annotation-api\2.1.1\jakarta.annotation-api-2.1.1.jar;C:\Users\Jonas Notredame\.m2\repository\org\yaml\snakeyaml\1.33\snakeyaml-1.33.jar;C:\Users\Jonas Notredame\.m2\repository\org\springframework\boot\spring-boot-actuator-autoconfigure\3.1.5\spring-boot-actuator-autoconfigure-3.1.5.jar;C:\Users\Jonas Notredame\.m2\repository\org\springframework\boot\spring-boot-actuator\3.1.5\spring-boot-actuator-3.1.5.jar;C:\Users\Jonas Notredame\.m2\repository\com\fasterxml\jackson\core\jackson-databind\2.15.3\jackson-databind-2.15.3.jar;C:\Users\Jonas Notredame\.m2\repository\com\fasterxml\jackson\core\jackson-annotations\2.15.3\jackson-annotations-2.15.3.jar;C:\Users\Jonas Notredame\.m2\repository\com\fasterxml\jackson\core\jackson-core\2.15.3\jackson-core-2.15.3.jar;C:\Users\Jonas Notredame\.m2\repository\com\fasterxml\jackson\datatype\jackson-datatype-jsr310\2.15.3\jackson-datatype-jsr310-2.15.3.jar;C:\Users\Jonas Notredame\.m2\repository\io\micrometer\micrometer-observation\1.11.5\micrometer-observation-1.11.5.jar;C:\Users\Jonas Notredame\.m2\repository\io\micrometer\micrometer-commons\1.11.5\micrometer-commons-1.11.5.jar;C:\Users\Jonas Notredame\.m2\repository\io\micrometer\micrometer-core\1.11.5\micrometer-core-1.11.5.jar;C:\Users\Jonas Notredame\.m2\repository\org\hdrhistogram\HdrHistogram\2.1.12\HdrHistogram-2.1.12.jar;C:\Users\Jonas Notredame\.m2\repository\org\latencyutils\LatencyUtils\2.0.3\LatencyUtils-2.0.3.jar;C:\Users\Jonas Notredame\.m2\repository\org\springframework\boot\spring-boot-starter-data-jpa\3.1.5\spring-boot-starter-data-jpa-3.1.5.jar;C:\Users\Jonas Notredame\.m2\repository\org\springframework\boot\spring-boot-starter-aop\3.1.5\spring-boot-starter-aop-3.1.5.jar;C:\Users\Jonas Notredame\.m2\repository\org\springframework\spring-aop\6.0.13\spring-aop-6.0.13.jar;C:\Users\Jonas Notredame\.m2\repository\org\aspectj\aspectjweaver\1.9.20\aspectjweaver-1.9.20.jar;C:\Users\Jonas Notredame\.m2\repository\org\springframework\boot\spring-boot-starter-jdbc\3.1.5\spring-boot-starter-jdbc-3.1.5.jar;C:\Users\Jonas Notredame\.m2\repository\com\zaxxer\HikariCP\5.0.1\HikariCP-5.0.1.jar;C:\Users\Jonas Notredame\.m2\repository\org\springframework\spring-jdbc\6.0.13\spring-jdbc-6.0.13.jar;C:\Users\Jonas Notredame\.m2\repository\org\hibernate\orm\hibernate-core\6.2.13.Final\hibernate-core-6.2.13.Final.jar;C:\Users\Jonas Notredame\.m2\repository\jakarta\persistence\jakarta.persistence-api\3.1.0\jakarta.persistence-api-3.1.0.jar;C:\Users\Jonas Notredame\.m2\repository\jakarta\transaction\jakarta.transaction-api\2.0.1\jakarta.transaction-api-2.0.1.jar;C:\Users\Jonas Notredame\.m2\repository\org\jboss\logging\jboss-logging\3.5.3.Final\jboss-logging-3.5.3.Final.jar;C:\Users\Jonas Notredame\.m2\repository\org\hibernate\common\hibernate-commons-annotations\6.0.6.Final\hibernate-commons-annotations-6.0.6.Final.jar;C:\Users\Jonas Notredame\.m2\repository\io\smallrye\jandex\3.0.5\jandex-3.0.5.jar;C:\Users\Jonas Notredame\.m2\repository\com\fasterxml\classmate\1.5.1\classmate-1.5.1.jar;C:\Users\Jonas Notredame\.m2\repository\net\bytebuddy\byte-buddy\1.14.9\byte-buddy-1.14.9.jar;C:\Users\Jonas Notredame\.m2\repository\org\glassfish\jaxb\jaxb-runtime\4.0.3\jaxb-runtime-4.0.3.jar;C:\Users\Jonas Notredame\.m2\repository\org\glassfish\jaxb\jaxb-core\4.0.3\jaxb-core-4.0.3.jar;C:\Users\Jonas Notredame\.m2\repository\org\eclipse\angus\angus-activation\2.0.1\angus-activation-2.0.1.jar;C:\Users\Jonas Notredame\.m2\repository\org\glassfish\jaxb\txw2\4.0.3\txw2-4.0.3.jar;C:\Users\Jonas Notredame\.m2\repository\com\sun\istack\istack-commons-runtime\4.1.2\istack-commons-runtime-4.1.2.jar;C:\Users\Jonas Notredame\.m2\repository\jakarta\inject\jakarta.inject-api\2.0.1\jakarta.inject-api-2.0.1.jar;C:\Users\Jonas Notredame\.m2\repository\org\antlr\antlr4-runtime\4.10.1\antlr4-runtime-4.10.1.jar;C:\Users\Jonas Notredame\.m2\repository\org\springframework\data\spring-data-jpa\3.1.5\spring-data-jpa-3.1.5.jar;C:\Users\Jonas Notredame\.m2\repository\org\springframework\data\spring-data-commons\3.1.5\spring-data-commons-3.1.5.jar;C:\Users\Jonas Notredame\.m2\repository\org\springframework\spring-orm\6.0.13\spring-orm-6.0.13.jar;C:\Users\Jonas Notredame\.m2\repository\org\springframework\spring-context\6.0.13\spring-context-6.0.13.jar;C:\Users\Jonas Notredame\.m2\repository\org\springframework\spring-tx\6.0.13\spring-tx-6.0.13.jar;C:\Users\Jonas Notredame\.m2\repository\org\springframework\spring-beans\6.0.13\spring-beans-6.0.13.jar;C:\Users\Jonas Notredame\.m2\repository\org\slf4j\slf4j-api\2.0.9\slf4j-api-2.0.9.jar;C:\Users\Jonas Notredame\.m2\repository\org\springframework\spring-aspects\6.0.13\spring-aspects-6.0.13.jar;C:\Users\Jonas Notredame\.m2\repository\org\springframework\boot\spring-boot-starter-validation\3.1.5\spring-boot-starter-validation-3.1.5.jar;C:\Users\Jonas Notredame\.m2\repository\org\apache\tomcat\embed\tomcat-embed-el\10.1.15\tomcat-embed-el-10.1.15.jar;C:\Users\Jonas Notredame\.m2\repository\org\hibernate\validator\hibernate-validator\8.0.1.Final\hibernate-validator-8.0.1.Final.jar;C:\Users\Jonas Notredame\.m2\repository\jakarta\validation\jakarta.validation-api\3.0.2\jakarta.validation-api-3.0.2.jar;C:\Users\Jonas Notredame\.m2\repository\org\springframework\boot\spring-boot-starter-web\3.1.5\spring-boot-starter-web-3.1.5.jar;C:\Users\Jonas Notredame\.m2\repository\org\springframework\boot\spring-boot-starter-json\3.1.5\spring-boot-starter-json-3.1.5.jar;C:\Users\Jonas Notredame\.m2\repository\com\fasterxml\jackson\datatype\jackson-datatype-jdk8\2.15.3\jackson-datatype-jdk8-2.15.3.jar;C:\Users\Jonas Notredame\.m2\repository\com\fasterxml\jackson\module\jackson-module-parameter-names\2.15.3\jackson-module-parameter-names-2.15.3.jar;C:\Users\Jonas Notredame\.m2\repository\org\springframework\boot\spring-boot-starter-tomcat\3.1.5\spring-boot-starter-tomcat-3.1.5.jar;C:\Users\Jonas Notredame\.m2\repository\org\apache\tomcat\embed\tomcat-embed-core\10.1.15\tomcat-embed-core-10.1.15.jar;C:\Users\Jonas Notredame\.m2\repository\org\apache\tomcat\embed\tomcat-embed-websocket\10.1.15\tomcat-embed-websocket-10.1.15.jar;C:\Users\Jonas Notredame\.m2\repository\org\springframework\spring-web\6.0.13\spring-web-6.0.13.jar;C:\Users\Jonas Notredame\.m2\repository\org\springframework\spring-webmvc\6.0.13\spring-webmvc-6.0.13.jar;C:\Users\Jonas Notredame\.m2\repository\org\springframework\spring-expression\6.0.13\spring-expression-6.0.13.jar;C:\Users\Jonas Notredame\.m2\repository\com\h2database\h2\2.1.214\h2-2.1.214.jar;C:\Users\Jonas Notredame\.m2\repository\org\springframework\boot\spring-boot-starter-test\3.1.5\spring-boot-starter-test-3.1.5.jar;C:\Users\Jonas Notredame\.m2\repository\org\springframework\boot\spring-boot-test\3.1.5\spring-boot-test-3.1.5.jar;C:\Users\Jonas Notredame\.m2\repository\org\springframework\boot\spring-boot-test-autoconfigure\3.1.5\spring-boot-test-autoconfigure-3.1.5.jar;C:\Users\Jonas Notredame\.m2\repository\com\jayway\jsonpath\json-path\2.8.0\json-path-2.8.0.jar;C:\Users\Jonas Notredame\.m2\repository\jakarta\xml\bind\jakarta.xml.bind-api\4.0.1\jakarta.xml.bind-api-4.0.1.jar;C:\Users\Jonas Notredame\.m2\repository\jakarta\activation\jakarta.activation-api\2.1.2\jakarta.activation-api-2.1.2.jar;C:\Users\Jonas Notredame\.m2\repository\net\minidev\json-smart\2.4.11\json-smart-2.4.11.jar;C:\Users\Jonas Notredame\.m2\repository\net\minidev\accessors-smart\2.4.11\accessors-smart-2.4.11.jar;C:\Users\Jonas Notredame\.m2\repository\org\ow2\asm\asm\9.3\asm-9.3.jar;C:\Users\Jonas Notredame\.m2\repository\org\assertj\assertj-core\3.24.2\assertj-core-3.24.2.jar;C:\Users\Jonas Notredame\.m2\repository\org\hamcrest\hamcrest\2.2\hamcrest-2.2.jar;C:\Users\Jonas Notredame\.m2\repository\org\junit\jupiter\junit-jupiter\5.9.3\junit-jupiter-5.9.3.jar;C:\Users\Jonas Notredame\.m2\repository\org\junit\jupiter\junit-jupiter-api\5.9.3\junit-jupiter-api-5.9.3.jar;C:\Users\Jonas Notredame\.m2\repository\org\opentest4j\opentest4j\1.2.0\opentest4j-1.2.0.jar;C:\Users\Jonas Notredame\.m2\repository\org\junit\platform\junit-platform-commons\1.9.3\junit-platform-commons-1.9.3.jar;C:\Users\Jonas Notredame\.m2\repository\org\apiguardian\apiguardian-api\1.1.2\apiguardian-api-1.1.2.jar;C:\Users\Jonas Notredame\.m2\repository\org\junit\jupiter\junit-jupiter-params\5.9.3\junit-jupiter-params-5.9.3.jar;C:\Users\Jonas Notredame\.m2\repository\org\junit\jupiter\junit-jupiter-engine\5.9.3\junit-jupiter-engine-5.9.3.jar;C:\Users\Jonas Notredame\.m2\repository\org\junit\platform\junit-platform-engine\1.9.3\junit-platform-engine-1.9.3.jar;C:\Users\Jonas Notredame\.m2\repository\org\mockito\mockito-core\5.3.1\mockito-core-5.3.1.jar;C:\Users\Jonas Notredame\.m2\repository\net\bytebuddy\byte-buddy-agent\1.14.9\byte-buddy-agent-1.14.9.jar;C:\Users\Jonas Notredame\.m2\repository\org\objenesis\objenesis\3.3\objenesis-3.3.jar;C:\Users\Jonas Notredame\.m2\repository\org\mockito\mockito-junit-jupiter\5.3.1\mockito-junit-jupiter-5.3.1.jar;C:\Users\Jonas Notredame\.m2\repository\org\skyscreamer\jsonassert\1.5.1\jsonassert-1.5.1.jar;C:\Users\Jonas Notredame\.m2\repository\com\vaadin\external\google\android-json\0.0.20131108.vaadin1\android-json-0.0.20131108.vaadin1.jar;C:\Users\Jonas Notredame\.m2\repository\org\springframework\spring-core\6.0.13\spring-core-6.0.13.jar;C:\Users\Jonas Notredame\.m2\repository\org\springframework\spring-jcl\6.0.13\spring-jcl-6.0.13.jar;C:\Users\Jonas Notredame\.m2\repository\org\springframework\spring-test\6.0.13\spring-test-6.0.13.jar;C:\Users\Jonas Notredame\.m2\repository\org\xmlunit\xmlunit-core\2.9.1\xmlunit-core-2.9.1.jar;C:\Users\Jonas Notredame\.m2\repository\org\springdoc\springdoc-openapi-starter-webmvc-ui\2.1.0\springdoc-openapi-starter-webmvc-ui-2.1.0.jar;C:\Users\Jonas Notredame\.m2\repository\org\springdoc\springdoc-openapi-starter-webmvc-api\2.1.0\springdoc-openapi-starter-webmvc-api-2.1.0.jar;C:\Users\Jonas Notredame\.m2\repository\org\springdoc\springdoc-openapi-starter-common\2.1.0\springdoc-openapi-starter-common-2.1.0.jar;C:\Users\Jonas Notredame\.m2\repository\io\swagger\core\v3\swagger-core-jakarta\2.2.9\swagger-core-jakarta-2.2.9.jar;C:\Users\Jonas Notredame\.m2\repository\org\apache\commons\commons-lang3\3.12.0\commons-lang3-3.12.0.jar;C:\Users\Jonas Notredame\.m2\repository\io\swagger\core\v3\swagger-annotations-jakarta\2.2.9\swagger-annotations-jakarta-2.2.9.jar;C:\Users\Jonas Notredame\.m2\repository\io\swagger\core\v3\swagger-models-jakarta\2.2.9\swagger-models-jakarta-2.2.9.jar;C:\Users\Jonas Notredame\.m2\repository\com\fasterxml\jackson\dataformat\jackson-dataformat-yaml\2.15.3\jackson-dataformat-yaml-2.15.3.jar;C:\Users\Jonas Notredame\.m2\repository\org\webjars\swagger-ui\4.18.2\swagger-ui-4.18.2.jar;"/>
    <property name="sun.cpu.endian" value="little"/>
    <property name="user.home" value="C:\Users\Jonas Notredame"/>
    <property name="user.language" value="en"/>
    <property name="java.specification.vendor" value="Oracle Corporation"/>
    <property name="java.version.date" value="2023-10-17"/>
    <property name="java.home" value="C:\Program Files\Java\jdk-21"/>
    <property name="file.separator" value="\"/>
    <property name="basedir" value="C:\Users\Jonas Notredame\Derde jaar Software Dev\Java backend\ex\local\JavaBackendApplication"/>
    <property name="java.vm.compressedOopsMode" value="Zero based"/>
    <property name="line.separator" value="&#10;"/>
    <property name="java.vm.specification.vendor" value="Oracle Corporation"/>
    <property name="java.specification.name" value="Java Platform API Specification"/>
    <property name="FILE_LOG_CHARSET" value="UTF-8"/>
    <property name="java.awt.headless" value="true"/>
    <property name="surefire.real.class.path" value="C:\Users\Jonas Notredame\AppData\Local\Temp\surefire1353021406877063098\surefirebooter-20231130161118710_3.jar"/>
    <property name="user.script" value=""/>
    <property name="sun.management.compiler" value="HotSpot 64-Bit Tiered Compilers"/>
    <property name="java.runtime.version" value="21.0.1+12-LTS-29"/>
    <property name="user.name" value="Jonas Notredame"/>
    <property name="stdout.encoding" value="Cp1252"/>
    <property name="path.separator" value=";"/>
    <property name="os.version" value="10.0"/>
    <property name="java.runtime.name" value="Java(TM) SE Runtime Environment"/>
    <property name="file.encoding" value="UTF-8"/>
    <property name="java.vm.name" value="Java HotSpot(TM) 64-Bit Server VM"/>
    <property name="localRepository" value="C:\Users\Jonas Notredame\.m2\repository"/>
    <property name="java.vendor.url.bug" value="https://bugreport.java.com/bugreport/"/>
    <property name="java.io.tmpdir" value="C:\Users\JONASN~1\AppData\Local\Temp\"/>
    <property name="idea.version" value="2023.2.5"/>
    <property name="com.zaxxer.hikari.pool_number" value="1"/>
    <property name="java.version" value="21.0.1"/>
    <property name="user.dir" value="C:\Users\Jonas Notredame\Derde jaar Software Dev\Java backend\ex\local\JavaBackendApplication"/>
    <property name="os.arch" value="amd64"/>
    <property name="java.vm.specification.name" value="Java Virtual Machine Specification"/>
    <property name="PID" value="5524"/>
    <property name="sun.os.patch.level" value=""/>
    <property name="CONSOLE_LOG_CHARSET" value="UTF-8"/>
    <property name="native.encoding" value="Cp1252"/>
    <property name="java.library.path" value="C:\Program Files\Java\jdk-21\bin;C:\WINDOWS\Sun\Java\bin;C:\WINDOWS\system32;C:\WINDOWS;C:\Program Files (x86)\VMware\VMware Player\bin\;C:\Program Files\Common Files\Oracle\Java\javapath;C:\windows\system32;C:\windows;C:\windows\System32\Wbem;C:\windows\System32\WindowsPowerShell\v1.0\;C:\windows\System32\OpenSSH\;C:\Program Files (x86)\NVIDIA Corporation\PhysX\Common;C:\Program Files\NVIDIA Corporation\NVIDIA NvDLISR;C:\Program Files\Git\cmd;C:\Program Files (x86)\Microsoft SQL Server\150\DTS\Binn\;C:\Program Files\Azure Data Studio\bin;C:\Program Files\Microsoft SQL Server\Client SDK\ODBC\170\Tools\Binn\;C:\Program Files (x86)\Microsoft SQL Server\150\Tools\Binn\;C:\Program Files\Microsoft SQL Server\150\Tools\Binn\;C:\Program Files\Microsoft SQL Server\150\DTS\Binn\;C:\WINDOWS\system32;C:\WINDOWS;C:\WINDOWS\System32\Wbem;C:\WINDOWS\System32\WindowsPowerShell\v1.0\;C:\WINDOWS\System32\OpenSSH\;C:\Program Files\dotnet\;C:\WINDOWS\system32;C:\WINDOWS;C:\WINDOWS\System32\Wbem;C:\WINDOWS\System32\WindowsPowerShell\v1.0\;C:\WINDOWS\System32\OpenSSH\;C:\Program Files\nodejs\;C:\Program Files\Docker\Docker\resources\bin;C:\Program Files\Microsoft\Azure Functions Core Tools\;C:\Program Files\Kubernetes\Minikube;;C:\minikube;C:\Program Files (x86)\Microsoft SQL Server\160\Tools\Binn\;C:\Program Files\Microsoft SQL Server\160\Tools\Binn\;C:\Program Files\Microsoft SQL Server\160\DTS\Binn\;C:\Program Files (x86)\Microsoft SQL Server\160\DTS\Binn\;C:\Users\Jonas Notredame\AppData\Local\Microsoft\WindowsApps;C:\Program Files\JetBrains\DataGrip 2021.3.4\bin;;C:\Program Files\JetBrains\IntelliJ IDEA 2021.3.2\bin;;C:\Program Files\Azure Data Studio\bin;C:\Users\Jonas Notredame\AppData\Local\Programs\Microsoft VS Code\bin;C:\Users\Jonas Notredame\.dotnet\tools;C:\Program Files\heroku\bin;C:\Users\Jonas Notredame\AppData\Roaming\npm;."/>
    <property name="java.vm.info" value="mixed mode, sharing"/>
    <property name="stderr.encoding" value="Cp1252"/>
    <property name="java.vendor" value="Oracle Corporation"/>
    <property name="java.vm.version" value="21.0.1+12-LTS-29"/>
    <property name="sun.io.unicode.encoding" value="UnicodeLittle"/>
    <property name="java.class.version" value="65.0"/>
  </properties>
  <testcase name="contextLoads" classname="be.vives.ti.CycloCrossApi.CycloCrossApiApplicationTests" time="0.456">
    <system-out><![CDATA[16:11:19.426 [main] INFO org.springframework.test.context.support.AnnotationConfigContextLoaderUtils -- Could not detect default configuration classes for test class [be.vives.ti.CycloCrossApi.CycloCrossApiApplicationTests]: CycloCrossApiApplicationTests does not declare any static, non-private, non-final, nested classes annotated with @Configuration.
16:11:19.517 [main] INFO org.springframework.boot.test.context.SpringBootTestContextBootstrapper -- Found @SpringBootConfiguration be.vives.ti.CycloCrossApi.CycloCrossApiApplication for test class be.vives.ti.CycloCrossApi.CycloCrossApiApplicationTests

  .   ____          _            __ _ _
 /\\ / ___'_ __ _ _(_)_ __  __ _ \ \ \ \
( ( )\___ | '_ | '_| | '_ \/ _` | \ \ \ \
 \\/  ___)| |_)| | | | | || (_| |  ) ) ) )
  '  |____| .__|_| |_|_| |_\__, | / / / /
 =========|_|==============|___/=/_/_/_/
 :: Spring Boot ::                (v3.1.5)

2023-11-30T16:11:19.866+01:00  INFO 5524 --- [           main] b.v.t.C.CycloCrossApiApplicationTests    : Starting CycloCrossApiApplicationTests using Java 21.0.1 with PID 5524 (started by Jonas Notredame in C:\Users\Jonas Notredame\Derde jaar Software Dev\Java backend\ex\local\JavaBackendApplication)
2023-11-30T16:11:19.867+01:00  INFO 5524 --- [           main] b.v.t.C.CycloCrossApiApplicationTests    : The following 1 profile is active: "dev"
2023-11-30T16:11:20.720+01:00  INFO 5524 --- [           main] .s.d.r.c.RepositoryConfigurationDelegate : Bootstrapping Spring Data JPA repositories in DEFAULT mode.
2023-11-30T16:11:20.779+01:00  INFO 5524 --- [           main] .s.d.r.c.RepositoryConfigurationDelegate : Finished Spring Data repository scanning in 50 ms. Found 4 JPA repository interfaces.
2023-11-30T16:11:21.192+01:00  INFO 5524 --- [           main] com.zaxxer.hikari.HikariDataSource       : HikariPool-1 - Starting...
2023-11-30T16:11:21.409+01:00  INFO 5524 --- [           main] com.zaxxer.hikari.pool.HikariPool        : HikariPool-1 - Added connection conn0: url=jdbc:h2:mem:cyclocrossdb user=SA
2023-11-30T16:11:21.411+01:00  INFO 5524 --- [           main] com.zaxxer.hikari.HikariDataSource       : HikariPool-1 - Start completed.
2023-11-30T16:11:21.456+01:00  INFO 5524 --- [           main] o.hibernate.jpa.internal.util.LogHelper  : HHH000204: Processing PersistenceUnitInfo [name: default]
2023-11-30T16:11:21.552+01:00  INFO 5524 --- [           main] org.hibernate.Version                    : HHH000412: Hibernate ORM core version 6.2.13.Final
2023-11-30T16:11:21.555+01:00  INFO 5524 --- [           main] org.hibernate.cfg.Environment            : HHH000406: Using bytecode reflection optimizer
2023-11-30T16:11:21.868+01:00  INFO 5524 --- [           main] o.s.o.j.p.SpringPersistenceUnitInfo      : No LoadTimeWeaver setup: ignoring JPA class transformer
2023-11-30T16:11:21.920+01:00  WARN 5524 --- [           main] org.hibernate.orm.deprecation            : HHH90000025: H2Dialect does not need to be specified explicitly using 'hibernate.dialect' (remove the property setting and it will be selected by default)
2023-11-30T16:11:22.761+01:00  INFO 5524 --- [           main] o.h.e.t.j.p.i.JtaPlatformInitiator       : HHH000489: No JTA platform available (set 'hibernate.transaction.jta.platform' to enable JTA platform integration)
Hibernate: drop table if exists calendar cascade 
Hibernate: drop table if exists race cascade 
Hibernate: drop table if exists rider cascade 
Hibernate: drop table if exists rider_program cascade 
Hibernate: drop table if exists riders_in_race cascade 
Hibernate: drop table if exists team cascade 
Hibernate: drop sequence if exists calendar_seq
Hibernate: drop sequence if exists rider_seq
Hibernate: drop sequence if exists team_seq
Hibernate: create sequence calendar_seq start with 1 increment by 50
Hibernate: create sequence rider_seq start with 1 increment by 50
Hibernate: create sequence team_seq start with 1 increment by 50
Hibernate: create table calendar (end_year integer not null, start_year integer not null, id bigint not null, primary key (id))
Hibernate: create table race (count_of_viewers integer not null, date date not null, calendar_id bigint, id bigint generated by default as identity, winner_id bigint, country_code varchar(255) not null, location varchar(255) not null, name varchar(255) not null, race_creator varchar(255), primary key (id))
Hibernate: create table rider (birth_day date not null, wins integer not null, fk_team bigint not null, id bigint not null, country_code varchar(255) not null, first_name varchar(255) not null, gear_description varchar(255), last_name varchar(255) not null, primary key (id))
Hibernate: create table rider_program (race_id bigint not null, rider_id bigint not null)
Hibernate: create table riders_in_race (race_id bigint not null, rider_id bigint not null)
Hibernate: create table team (id bigint not null, head_sponsor varchar(255) not null, name varchar(255) not null, primary key (id))
Hibernate: alter table if exists race add constraint FK6nvi38h2rai34pe50pcg0qcij foreign key (winner_id) references rider
Hibernate: alter table if exists race add constraint FKbta85pxdi3v2vxu31xlksv5if foreign key (calendar_id) references calendar
Hibernate: alter table if exists rider add constraint FKn1iuow8ttt6a7du9uordyyycv foreign key (fk_team) references team
Hibernate: alter table if exists rider_program add constraint FKi601hig4mbnn0u8jcf4xs0tre foreign key (race_id) references race
Hibernate: alter table if exists rider_program add constraint FKer7d24oddjg19uwxjrr2pev1r foreign key (rider_id) references rider
Hibernate: alter table if exists riders_in_race add constraint FKbtfwihiqtnq1sxnkwra1974rb foreign key (rider_id) references rider
Hibernate: alter table if exists riders_in_race add constraint FKdds15yqke7334dshksexyw1w6 foreign key (race_id) references race
2023-11-30T16:11:22.806+01:00  INFO 5524 --- [           main] j.LocalContainerEntityManagerFactoryBean : Initialized JPA EntityManagerFactory for persistence unit 'default'
2023-11-30T16:11:23.568+01:00  WARN 5524 --- [           main] JpaBaseConfiguration$JpaWebConfiguration : spring.jpa.open-in-view is enabled by default. Therefore, database queries may be performed during view rendering. Explicitly configure spring.jpa.open-in-view to disable this warning
2023-11-30T16:11:24.277+01:00  INFO 5524 --- [           main] o.s.b.a.h2.H2ConsoleAutoConfiguration    : H2 console available at '/h2-console'. Database available at 'jdbc:h2:mem:cyclocrossdb'
2023-11-30T16:11:24.305+01:00  INFO 5524 --- [           main] o.s.b.a.e.web.EndpointLinksResolver      : Exposing 1 endpoint(s) beneath base path '/actuator'
2023-11-30T16:11:24.407+01:00  INFO 5524 --- [           main] b.v.t.C.CycloCrossApiApplicationTests    : Started CycloCrossApiApplicationTests in 4.765 seconds (process running for 5.608)
Hibernate: select next value for calendar_seq
Hibernate: select t1_0.id,t1_0.head_sponsor,t1_0.name,m1_0.fk_team,m1_0.id,m1_0.birth_day,m1_0.country_code,m1_0.first_name,m1_0.gear_description,m1_0.last_name,m1_0.wins from team t1_0 left join rider m1_0 on t1_0.id=m1_0.fk_team where t1_0.id=?
Hibernate: select next value for team_seq
Hibernate: select r1_0.id,r1_0.birth_day,r1_0.country_code,r1_0.first_name,r1_0.gear_description,r1_0.last_name,r1_0.fk_team,t1_0.id,t1_0.head_sponsor,t1_0.name,r1_0.wins,p1_0.rider_id,p1_1.id,p1_1.count_of_viewers,p1_1.country_code,p1_1.date,p1_1.location,p1_1.name,p1_1.race_creator,w1_0.id,w1_0.birth_day,w1_0.country_code,w1_0.first_name,w1_0.gear_description,w1_0.last_name,w1_0.fk_team,t2_0.id,t2_0.head_sponsor,t2_0.name,w1_0.wins from rider r1_0 join team t1_0 on t1_0.id=r1_0.fk_team left join (rider_program p1_0 join race p1_1 on p1_1.id=p1_0.race_id) on r1_0.id=p1_0.rider_id left join rider w1_0 on w1_0.id=p1_1.winner_id left join team t2_0 on t2_0.id=w1_0.fk_team where r1_0.id=?
Hibernate: select next value for rider_seq
Hibernate: select r1_0.id,r1_0.count_of_viewers,r1_0.country_code,r1_0.date,r1_0.location,r1_0.name,r1_0.race_creator,w1_0.id,w1_0.birth_day,w1_0.country_code,w1_0.first_name,w1_0.gear_description,w1_0.last_name,w1_0.fk_team,t1_0.id,t1_0.head_sponsor,t1_0.name,w1_0.wins,p1_0.rider_id,p1_1.id,p1_1.count_of_viewers,p1_1.country_code,p1_1.date,p1_1.location,p1_1.name,p1_1.race_creator from race r1_0 left join rider w1_0 on w1_0.id=r1_0.winner_id left join team t1_0 on t1_0.id=w1_0.fk_team left join (rider_program p1_0 join race p1_1 on p1_1.id=p1_0.race_id) on w1_0.id=p1_0.rider_id where r1_0.id=?
Hibernate: insert into calendar (end_year,start_year,id) values (?,?,?)
Hibernate: insert into team (head_sponsor,name,id) values (?,?,?)
Hibernate: insert into rider (birth_day,country_code,first_name,gear_description,last_name,fk_team,wins,id) values (?,?,?,?,?,?,?,?)
Hibernate: insert into race (count_of_viewers,country_code,date,location,name,race_creator,winner_id,id) values (?,?,?,?,?,?,?,default)
Hibernate: update rider set birth_day=?,country_code=?,first_name=?,gear_description=?,last_name=?,fk_team=?,wins=? where id=?
Hibernate: update race set count_of_viewers=?,country_code=?,date=?,location=?,name=?,race_creator=?,winner_id=? where id=?
Hibernate: update race set calendar_id=? where id=?
Hibernate: insert into riders_in_race (race_id,rider_id) values (?,?)
Hibernate: select r1_0.id,r1_0.birth_day,r1_0.country_code,r1_0.first_name,r1_0.gear_description,r1_0.last_name,r1_0.fk_team,r1_0.wins from rider r1_0 where r1_0.first_name=? and r1_0.last_name=?
Hibernate: select next value for calendar_seq
Hibernate: select t1_0.id,t1_0.head_sponsor,t1_0.name,m1_0.fk_team,m1_0.id,m1_0.birth_day,m1_0.country_code,m1_0.first_name,m1_0.gear_description,m1_0.last_name,m1_0.wins from team t1_0 left join rider m1_0 on t1_0.id=m1_0.fk_team where t1_0.id=?
Hibernate: select next value for team_seq
Hibernate: select r1_0.id,r1_0.birth_day,r1_0.country_code,r1_0.first_name,r1_0.gear_description,r1_0.last_name,r1_0.fk_team,t1_0.id,t1_0.head_sponsor,t1_0.name,r1_0.wins,p1_0.rider_id,p1_1.id,p1_1.count_of_viewers,p1_1.country_code,p1_1.date,p1_1.location,p1_1.name,p1_1.race_creator,w1_0.id,w1_0.birth_day,w1_0.country_code,w1_0.first_name,w1_0.gear_description,w1_0.last_name,w1_0.fk_team,t2_0.id,t2_0.head_sponsor,t2_0.name,w1_0.wins from rider r1_0 join team t1_0 on t1_0.id=r1_0.fk_team left join (rider_program p1_0 join race p1_1 on p1_1.id=p1_0.race_id) on r1_0.id=p1_0.rider_id left join rider w1_0 on w1_0.id=p1_1.winner_id left join team t2_0 on t2_0.id=w1_0.fk_team where r1_0.id=?
Hibernate: select next value for rider_seq
Hibernate: select r1_0.id,r1_0.count_of_viewers,r1_0.country_code,r1_0.date,r1_0.location,r1_0.name,r1_0.race_creator,w1_0.id,w1_0.birth_day,w1_0.country_code,w1_0.first_name,w1_0.gear_description,w1_0.last_name,w1_0.fk_team,t1_0.id,t1_0.head_sponsor,t1_0.name,w1_0.wins,p1_0.rider_id,p1_1.id,p1_1.count_of_viewers,p1_1.country_code,p1_1.date,p1_1.location,p1_1.name,p1_1.race_creator from race r1_0 left join rider w1_0 on w1_0.id=r1_0.winner_id left join team t1_0 on t1_0.id=w1_0.fk_team left join (rider_program p1_0 join race p1_1 on p1_1.id=p1_0.race_id) on w1_0.id=p1_0.rider_id where r1_0.id=?
Hibernate: insert into calendar (end_year,start_year,id) values (?,?,?)
Hibernate: insert into team (head_sponsor,name,id) values (?,?,?)
Hibernate: insert into rider (birth_day,country_code,first_name,gear_description,last_name,fk_team,wins,id) values (?,?,?,?,?,?,?,?)
Hibernate: insert into race (count_of_viewers,country_code,date,location,name,race_creator,winner_id,id) values (?,?,?,?,?,?,?,default)
Hibernate: update rider set birth_day=?,country_code=?,first_name=?,gear_description=?,last_name=?,fk_team=?,wins=? where id=?
Hibernate: update race set count_of_viewers=?,country_code=?,date=?,location=?,name=?,race_creator=?,winner_id=? where id=?
Hibernate: insert into rider_program (rider_id,race_id) values (?,?)
Hibernate: update race set calendar_id=? where id=?
Hibernate: insert into riders_in_race (race_id,rider_id) values (?,?)
Hibernate: select r1_0.id,r1_0.birth_day,r1_0.country_code,r1_0.first_name,r1_0.gear_description,r1_0.last_name,r1_0.fk_team,r1_0.wins from rider r1_0 where r1_0.first_name=? and r1_0.last_name=?
Hibernate: select t1_0.id,t1_0.head_sponsor,t1_0.name,m1_0.fk_team,m1_0.id,m1_0.birth_day,m1_0.country_code,m1_0.first_name,m1_0.gear_description,m1_0.last_name,m1_0.wins from team t1_0 left join rider m1_0 on t1_0.id=m1_0.fk_team where t1_0.id=?
Hibernate: select r1_0.id,r1_0.birth_day,r1_0.country_code,r1_0.first_name,r1_0.gear_description,r1_0.last_name,r1_0.fk_team,t1_0.id,t1_0.head_sponsor,t1_0.name,r1_0.wins,p1_0.rider_id,p1_1.id,p1_1.count_of_viewers,p1_1.country_code,p1_1.date,p1_1.location,p1_1.name,p1_1.race_creator,w1_0.id,w1_0.birth_day,w1_0.country_code,w1_0.first_name,w1_0.gear_description,w1_0.last_name,w1_0.fk_team,t2_0.id,t2_0.head_sponsor,t2_0.name,w1_0.wins from rider r1_0 join team t1_0 on t1_0.id=r1_0.fk_team left join (rider_program p1_0 join race p1_1 on p1_1.id=p1_0.race_id) on r1_0.id=p1_0.rider_id left join rider w1_0 on w1_0.id=p1_1.winner_id left join team t2_0 on t2_0.id=w1_0.fk_team where r1_0.id=?
Hibernate: select r1_0.id,r1_0.count_of_viewers,r1_0.country_code,r1_0.date,r1_0.location,r1_0.name,r1_0.race_creator,w1_0.id,w1_0.birth_day,w1_0.country_code,w1_0.first_name,w1_0.gear_description,w1_0.last_name,w1_0.fk_team,t1_0.id,t1_0.head_sponsor,t1_0.name,w1_0.wins,p1_0.rider_id,p1_1.id,p1_1.count_of_viewers,p1_1.country_code,p1_1.date,p1_1.location,p1_1.name,p1_1.race_creator from race r1_0 left join rider w1_0 on w1_0.id=r1_0.winner_id left join team t1_0 on t1_0.id=w1_0.fk_team left join (rider_program p1_0 join race p1_1 on p1_1.id=p1_0.race_id) on w1_0.id=p1_0.rider_id where r1_0.id=?
Hibernate: insert into calendar (end_year,start_year,id) values (?,?,?)
Hibernate: insert into team (head_sponsor,name,id) values (?,?,?)
Hibernate: insert into rider (birth_day,country_code,first_name,gear_description,last_name,fk_team,wins,id) values (?,?,?,?,?,?,?,?)
Hibernate: insert into race (count_of_viewers,country_code,date,location,name,race_creator,winner_id,id) values (?,?,?,?,?,?,?,default)
Hibernate: update rider set birth_day=?,country_code=?,first_name=?,gear_description=?,last_name=?,fk_team=?,wins=? where id=?
Hibernate: update race set count_of_viewers=?,country_code=?,date=?,location=?,name=?,race_creator=?,winner_id=? where id=?
Hibernate: insert into rider_program (rider_id,race_id) values (?,?)
Hibernate: update race set calendar_id=? where id=?
Hibernate: insert into riders_in_race (race_id,rider_id) values (?,?)
Hibernate: select r1_0.id,r1_0.birth_day,r1_0.country_code,r1_0.first_name,r1_0.gear_description,r1_0.last_name,r1_0.fk_team,r1_0.wins from rider r1_0 where r1_0.first_name=? and r1_0.last_name=?
Hibernate: select t1_0.id,t1_0.head_sponsor,t1_0.name,m1_0.fk_team,m1_0.id,m1_0.birth_day,m1_0.country_code,m1_0.first_name,m1_0.gear_description,m1_0.last_name,m1_0.wins from team t1_0 left join rider m1_0 on t1_0.id=m1_0.fk_team where t1_0.id=?
Hibernate: select r1_0.id,r1_0.birth_day,r1_0.country_code,r1_0.first_name,r1_0.gear_description,r1_0.last_name,r1_0.fk_team,t1_0.id,t1_0.head_sponsor,t1_0.name,r1_0.wins,p1_0.rider_id,p1_1.id,p1_1.count_of_viewers,p1_1.country_code,p1_1.date,p1_1.location,p1_1.name,p1_1.race_creator,w1_0.id,w1_0.birth_day,w1_0.country_code,w1_0.first_name,w1_0.gear_description,w1_0.last_name,w1_0.fk_team,t2_0.id,t2_0.head_sponsor,t2_0.name,w1_0.wins from rider r1_0 join team t1_0 on t1_0.id=r1_0.fk_team left join (rider_program p1_0 join race p1_1 on p1_1.id=p1_0.race_id) on r1_0.id=p1_0.rider_id left join rider w1_0 on w1_0.id=p1_1.winner_id left join team t2_0 on t2_0.id=w1_0.fk_team where r1_0.id=?
Hibernate: select r1_0.id,r1_0.count_of_viewers,r1_0.country_code,r1_0.date,r1_0.location,r1_0.name,r1_0.race_creator,w1_0.id,w1_0.birth_day,w1_0.country_code,w1_0.first_name,w1_0.gear_description,w1_0.last_name,w1_0.fk_team,t1_0.id,t1_0.head_sponsor,t1_0.name,w1_0.wins,p1_0.rider_id,p1_1.id,p1_1.count_of_viewers,p1_1.country_code,p1_1.date,p1_1.location,p1_1.name,p1_1.race_creator from race r1_0 left join rider w1_0 on w1_0.id=r1_0.winner_id left join team t1_0 on t1_0.id=w1_0.fk_team left join (rider_program p1_0 join race p1_1 on p1_1.id=p1_0.race_id) on w1_0.id=p1_0.rider_id where r1_0.id=?
Hibernate: insert into calendar (end_year,start_year,id) values (?,?,?)
Hibernate: insert into team (head_sponsor,name,id) values (?,?,?)
Hibernate: insert into rider (birth_day,country_code,first_name,gear_description,last_name,fk_team,wins,id) values (?,?,?,?,?,?,?,?)
Hibernate: insert into race (count_of_viewers,country_code,date,location,name,race_creator,winner_id,id) values (?,?,?,?,?,?,?,default)
Hibernate: update rider set birth_day=?,country_code=?,first_name=?,gear_description=?,last_name=?,fk_team=?,wins=? where id=?
Hibernate: update race set count_of_viewers=?,country_code=?,date=?,location=?,name=?,race_creator=?,winner_id=? where id=?
Hibernate: insert into rider_program (rider_id,race_id) values (?,?)
Hibernate: update race set calendar_id=? where id=?
Hibernate: insert into riders_in_race (race_id,rider_id) values (?,?)
Hibernate: select r1_0.id,r1_0.birth_day,r1_0.country_code,r1_0.first_name,r1_0.gear_description,r1_0.last_name,r1_0.fk_team,r1_0.wins from rider r1_0 where r1_0.first_name=? and r1_0.last_name=?
Hibernate: select t1_0.id,t1_0.head_sponsor,t1_0.name,m1_0.fk_team,m1_0.id,m1_0.birth_day,m1_0.country_code,m1_0.first_name,m1_0.gear_description,m1_0.last_name,m1_0.wins from team t1_0 left join rider m1_0 on t1_0.id=m1_0.fk_team where t1_0.id=?
Hibernate: select r1_0.id,r1_0.birth_day,r1_0.country_code,r1_0.first_name,r1_0.gear_description,r1_0.last_name,r1_0.fk_team,t1_0.id,t1_0.head_sponsor,t1_0.name,r1_0.wins,p1_0.rider_id,p1_1.id,p1_1.count_of_viewers,p1_1.country_code,p1_1.date,p1_1.location,p1_1.name,p1_1.race_creator,w1_0.id,w1_0.birth_day,w1_0.country_code,w1_0.first_name,w1_0.gear_description,w1_0.last_name,w1_0.fk_team,t2_0.id,t2_0.head_sponsor,t2_0.name,w1_0.wins from rider r1_0 join team t1_0 on t1_0.id=r1_0.fk_team left join (rider_program p1_0 join race p1_1 on p1_1.id=p1_0.race_id) on r1_0.id=p1_0.rider_id left join rider w1_0 on w1_0.id=p1_1.winner_id left join team t2_0 on t2_0.id=w1_0.fk_team where r1_0.id=?
Hibernate: select r1_0.id,r1_0.count_of_viewers,r1_0.country_code,r1_0.date,r1_0.location,r1_0.name,r1_0.race_creator,w1_0.id,w1_0.birth_day,w1_0.country_code,w1_0.first_name,w1_0.gear_description,w1_0.last_name,w1_0.fk_team,t1_0.id,t1_0.head_sponsor,t1_0.name,w1_0.wins,p1_0.rider_id,p1_1.id,p1_1.count_of_viewers,p1_1.country_code,p1_1.date,p1_1.location,p1_1.name,p1_1.race_creator from race r1_0 left join rider w1_0 on w1_0.id=r1_0.winner_id left join team t1_0 on t1_0.id=w1_0.fk_team left join (rider_program p1_0 join race p1_1 on p1_1.id=p1_0.race_id) on w1_0.id=p1_0.rider_id where r1_0.id=?
Hibernate: insert into calendar (end_year,start_year,id) values (?,?,?)
Hibernate: insert into team (head_sponsor,name,id) values (?,?,?)
Hibernate: insert into rider (birth_day,country_code,first_name,gear_description,last_name,fk_team,wins,id) values (?,?,?,?,?,?,?,?)
Hibernate: insert into race (count_of_viewers,country_code,date,location,name,race_creator,winner_id,id) values (?,?,?,?,?,?,?,default)
Hibernate: update rider set birth_day=?,country_code=?,first_name=?,gear_description=?,last_name=?,fk_team=?,wins=? where id=?
Hibernate: update race set count_of_viewers=?,country_code=?,date=?,location=?,name=?,race_creator=?,winner_id=? where id=?
Hibernate: insert into rider_program (rider_id,race_id) values (?,?)
Hibernate: update race set calendar_id=? where id=?
Hibernate: insert into riders_in_race (race_id,rider_id) values (?,?)
Hibernate: select r1_0.id,r1_0.birth_day,r1_0.country_code,r1_0.first_name,r1_0.gear_description,r1_0.last_name,r1_0.fk_team,r1_0.wins from rider r1_0 where r1_0.first_name=? and r1_0.last_name=?
Hibernate: select t1_0.id,t1_0.head_sponsor,t1_0.name,m1_0.fk_team,m1_0.id,m1_0.birth_day,m1_0.country_code,m1_0.first_name,m1_0.gear_description,m1_0.last_name,m1_0.wins from team t1_0 left join rider m1_0 on t1_0.id=m1_0.fk_team where t1_0.id=?
Hibernate: select r1_0.id,r1_0.birth_day,r1_0.country_code,r1_0.first_name,r1_0.gear_description,r1_0.last_name,r1_0.fk_team,t1_0.id,t1_0.head_sponsor,t1_0.name,r1_0.wins,p1_0.rider_id,p1_1.id,p1_1.count_of_viewers,p1_1.country_code,p1_1.date,p1_1.location,p1_1.name,p1_1.race_creator,w1_0.id,w1_0.birth_day,w1_0.country_code,w1_0.first_name,w1_0.gear_description,w1_0.last_name,w1_0.fk_team,t2_0.id,t2_0.head_sponsor,t2_0.name,w1_0.wins from rider r1_0 join team t1_0 on t1_0.id=r1_0.fk_team left join (rider_program p1_0 join race p1_1 on p1_1.id=p1_0.race_id) on r1_0.id=p1_0.rider_id left join rider w1_0 on w1_0.id=p1_1.winner_id left join team t2_0 on t2_0.id=w1_0.fk_team where r1_0.id=?
Hibernate: select r1_0.id,r1_0.count_of_viewers,r1_0.country_code,r1_0.date,r1_0.location,r1_0.name,r1_0.race_creator,w1_0.id,w1_0.birth_day,w1_0.country_code,w1_0.first_name,w1_0.gear_description,w1_0.last_name,w1_0.fk_team,t1_0.id,t1_0.head_sponsor,t1_0.name,w1_0.wins,p1_0.rider_id,p1_1.id,p1_1.count_of_viewers,p1_1.country_code,p1_1.date,p1_1.location,p1_1.name,p1_1.race_creator from race r1_0 left join rider w1_0 on w1_0.id=r1_0.winner_id left join team t1_0 on t1_0.id=w1_0.fk_team left join (rider_program p1_0 join race p1_1 on p1_1.id=p1_0.race_id) on w1_0.id=p1_0.rider_id where r1_0.id=?
Hibernate: insert into calendar (end_year,start_year,id) values (?,?,?)
Hibernate: insert into team (head_sponsor,name,id) values (?,?,?)
Hibernate: insert into rider (birth_day,country_code,first_name,gear_description,last_name,fk_team,wins,id) values (?,?,?,?,?,?,?,?)
Hibernate: insert into race (count_of_viewers,country_code,date,location,name,race_creator,winner_id,id) values (?,?,?,?,?,?,?,default)
Hibernate: update rider set birth_day=?,country_code=?,first_name=?,gear_description=?,last_name=?,fk_team=?,wins=? where id=?
Hibernate: update race set count_of_viewers=?,country_code=?,date=?,location=?,name=?,race_creator=?,winner_id=? where id=?
Hibernate: insert into rider_program (rider_id,race_id) values (?,?)
Hibernate: update race set calendar_id=? where id=?
Hibernate: insert into riders_in_race (race_id,rider_id) values (?,?)
Hibernate: select r1_0.id,r1_0.birth_day,r1_0.country_code,r1_0.first_name,r1_0.gear_description,r1_0.last_name,r1_0.fk_team,r1_0.wins from rider r1_0 where r1_0.first_name=? and r1_0.last_name=?
Hibernate: select t1_0.id,t1_0.head_sponsor,t1_0.name,m1_0.fk_team,m1_0.id,m1_0.birth_day,m1_0.country_code,m1_0.first_name,m1_0.gear_description,m1_0.last_name,m1_0.wins from team t1_0 left join rider m1_0 on t1_0.id=m1_0.fk_team where t1_0.id=?
Hibernate: select r1_0.id,r1_0.birth_day,r1_0.country_code,r1_0.first_name,r1_0.gear_description,r1_0.last_name,r1_0.fk_team,t1_0.id,t1_0.head_sponsor,t1_0.name,r1_0.wins,p1_0.rider_id,p1_1.id,p1_1.count_of_viewers,p1_1.country_code,p1_1.date,p1_1.location,p1_1.name,p1_1.race_creator,w1_0.id,w1_0.birth_day,w1_0.country_code,w1_0.first_name,w1_0.gear_description,w1_0.last_name,w1_0.fk_team,t2_0.id,t2_0.head_sponsor,t2_0.name,w1_0.wins from rider r1_0 join team t1_0 on t1_0.id=r1_0.fk_team left join (rider_program p1_0 join race p1_1 on p1_1.id=p1_0.race_id) on r1_0.id=p1_0.rider_id left join rider w1_0 on w1_0.id=p1_1.winner_id left join team t2_0 on t2_0.id=w1_0.fk_team where r1_0.id=?
Hibernate: select r1_0.id,r1_0.count_of_viewers,r1_0.country_code,r1_0.date,r1_0.location,r1_0.name,r1_0.race_creator,w1_0.id,w1_0.birth_day,w1_0.country_code,w1_0.first_name,w1_0.gear_description,w1_0.last_name,w1_0.fk_team,t1_0.id,t1_0.head_sponsor,t1_0.name,w1_0.wins,p1_0.rider_id,p1_1.id,p1_1.count_of_viewers,p1_1.country_code,p1_1.date,p1_1.location,p1_1.name,p1_1.race_creator from race r1_0 left join rider w1_0 on w1_0.id=r1_0.winner_id left join team t1_0 on t1_0.id=w1_0.fk_team left join (rider_program p1_0 join race p1_1 on p1_1.id=p1_0.race_id) on w1_0.id=p1_0.rider_id where r1_0.id=?
Hibernate: insert into calendar (end_year,start_year,id) values (?,?,?)
Hibernate: insert into team (head_sponsor,name,id) values (?,?,?)
Hibernate: insert into rider (birth_day,country_code,first_name,gear_description,last_name,fk_team,wins,id) values (?,?,?,?,?,?,?,?)
Hibernate: insert into race (count_of_viewers,country_code,date,location,name,race_creator,winner_id,id) values (?,?,?,?,?,?,?,default)
Hibernate: update rider set birth_day=?,country_code=?,first_name=?,gear_description=?,last_name=?,fk_team=?,wins=? where id=?
Hibernate: update race set count_of_viewers=?,country_code=?,date=?,location=?,name=?,race_creator=?,winner_id=? where id=?
Hibernate: insert into rider_program (rider_id,race_id) values (?,?)
Hibernate: update race set calendar_id=? where id=?
Hibernate: insert into riders_in_race (race_id,rider_id) values (?,?)
Hibernate: select r1_0.id,r1_0.birth_day,r1_0.country_code,r1_0.first_name,r1_0.gear_description,r1_0.last_name,r1_0.fk_team,r1_0.wins from rider r1_0 where r1_0.first_name=? and r1_0.last_name=?
Hibernate: select t1_0.id,t1_0.head_sponsor,t1_0.name,m1_0.fk_team,m1_0.id,m1_0.birth_day,m1_0.country_code,m1_0.first_name,m1_0.gear_description,m1_0.last_name,m1_0.wins from team t1_0 left join rider m1_0 on t1_0.id=m1_0.fk_team where t1_0.id=?
Hibernate: select r1_0.id,r1_0.birth_day,r1_0.country_code,r1_0.first_name,r1_0.gear_description,r1_0.last_name,r1_0.fk_team,t1_0.id,t1_0.head_sponsor,t1_0.name,r1_0.wins,p1_0.rider_id,p1_1.id,p1_1.count_of_viewers,p1_1.country_code,p1_1.date,p1_1.location,p1_1.name,p1_1.race_creator,w1_0.id,w1_0.birth_day,w1_0.country_code,w1_0.first_name,w1_0.gear_description,w1_0.last_name,w1_0.fk_team,t2_0.id,t2_0.head_sponsor,t2_0.name,w1_0.wins from rider r1_0 join team t1_0 on t1_0.id=r1_0.fk_team left join (rider_program p1_0 join race p1_1 on p1_1.id=p1_0.race_id) on r1_0.id=p1_0.rider_id left join rider w1_0 on w1_0.id=p1_1.winner_id left join team t2_0 on t2_0.id=w1_0.fk_team where r1_0.id=?
Hibernate: select r1_0.id,r1_0.count_of_viewers,r1_0.country_code,r1_0.date,r1_0.location,r1_0.name,r1_0.race_creator,w1_0.id,w1_0.birth_day,w1_0.country_code,w1_0.first_name,w1_0.gear_description,w1_0.last_name,w1_0.fk_team,t1_0.id,t1_0.head_sponsor,t1_0.name,w1_0.wins,p1_0.rider_id,p1_1.id,p1_1.count_of_viewers,p1_1.country_code,p1_1.date,p1_1.location,p1_1.name,p1_1.race_creator from race r1_0 left join rider w1_0 on w1_0.id=r1_0.winner_id left join team t1_0 on t1_0.id=w1_0.fk_team left join (rider_program p1_0 join race p1_1 on p1_1.id=p1_0.race_id) on w1_0.id=p1_0.rider_id where r1_0.id=?
Hibernate: insert into calendar (end_year,start_year,id) values (?,?,?)
Hibernate: insert into team (head_sponsor,name,id) values (?,?,?)
Hibernate: insert into rider (birth_day,country_code,first_name,gear_description,last_name,fk_team,wins,id) values (?,?,?,?,?,?,?,?)
Hibernate: insert into race (count_of_viewers,country_code,date,location,name,race_creator,winner_id,id) values (?,?,?,?,?,?,?,default)
Hibernate: update rider set birth_day=?,country_code=?,first_name=?,gear_description=?,last_name=?,fk_team=?,wins=? where id=?
Hibernate: update race set count_of_viewers=?,country_code=?,date=?,location=?,name=?,race_creator=?,winner_id=? where id=?
Hibernate: insert into rider_program (rider_id,race_id) values (?,?)
Hibernate: update race set calendar_id=? where id=?
Hibernate: insert into riders_in_race (race_id,rider_id) values (?,?)
Hibernate: select r1_0.id,r1_0.birth_day,r1_0.country_code,r1_0.first_name,r1_0.gear_description,r1_0.last_name,r1_0.fk_team,r1_0.wins from rider r1_0 where r1_0.first_name=? and r1_0.last_name=?
Hibernate: select t1_0.id,t1_0.head_sponsor,t1_0.name,m1_0.fk_team,m1_0.id,m1_0.birth_day,m1_0.country_code,m1_0.first_name,m1_0.gear_description,m1_0.last_name,m1_0.wins from team t1_0 left join rider m1_0 on t1_0.id=m1_0.fk_team where t1_0.id=?
Hibernate: select r1_0.id,r1_0.birth_day,r1_0.country_code,r1_0.first_name,r1_0.gear_description,r1_0.last_name,r1_0.fk_team,t1_0.id,t1_0.head_sponsor,t1_0.name,r1_0.wins,p1_0.rider_id,p1_1.id,p1_1.count_of_viewers,p1_1.country_code,p1_1.date,p1_1.location,p1_1.name,p1_1.race_creator,w1_0.id,w1_0.birth_day,w1_0.country_code,w1_0.first_name,w1_0.gear_description,w1_0.last_name,w1_0.fk_team,t2_0.id,t2_0.head_sponsor,t2_0.name,w1_0.wins from rider r1_0 join team t1_0 on t1_0.id=r1_0.fk_team left join (rider_program p1_0 join race p1_1 on p1_1.id=p1_0.race_id) on r1_0.id=p1_0.rider_id left join rider w1_0 on w1_0.id=p1_1.winner_id left join team t2_0 on t2_0.id=w1_0.fk_team where r1_0.id=?
Hibernate: select r1_0.id,r1_0.count_of_viewers,r1_0.country_code,r1_0.date,r1_0.location,r1_0.name,r1_0.race_creator,w1_0.id,w1_0.birth_day,w1_0.country_code,w1_0.first_name,w1_0.gear_description,w1_0.last_name,w1_0.fk_team,t1_0.id,t1_0.head_sponsor,t1_0.name,w1_0.wins,p1_0.rider_id,p1_1.id,p1_1.count_of_viewers,p1_1.country_code,p1_1.date,p1_1.location,p1_1.name,p1_1.race_creator from race r1_0 left join rider w1_0 on w1_0.id=r1_0.winner_id left join team t1_0 on t1_0.id=w1_0.fk_team left join (rider_program p1_0 join race p1_1 on p1_1.id=p1_0.race_id) on w1_0.id=p1_0.rider_id where r1_0.id=?
Hibernate: insert into calendar (end_year,start_year,id) values (?,?,?)
Hibernate: insert into team (head_sponsor,name,id) values (?,?,?)
Hibernate: insert into rider (birth_day,country_code,first_name,gear_description,last_name,fk_team,wins,id) values (?,?,?,?,?,?,?,?)
Hibernate: insert into race (count_of_viewers,country_code,date,location,name,race_creator,winner_id,id) values (?,?,?,?,?,?,?,default)
Hibernate: update rider set birth_day=?,country_code=?,first_name=?,gear_description=?,last_name=?,fk_team=?,wins=? where id=?
Hibernate: update race set count_of_viewers=?,country_code=?,date=?,location=?,name=?,race_creator=?,winner_id=? where id=?
Hibernate: insert into rider_program (rider_id,race_id) values (?,?)
Hibernate: update race set calendar_id=? where id=?
Hibernate: insert into riders_in_race (race_id,rider_id) values (?,?)
Hibernate: select r1_0.id,r1_0.birth_day,r1_0.country_code,r1_0.first_name,r1_0.gear_description,r1_0.last_name,r1_0.fk_team,r1_0.wins from rider r1_0 where r1_0.first_name=? and r1_0.last_name=?
Hibernate: select t1_0.id,t1_0.head_sponsor,t1_0.name,m1_0.fk_team,m1_0.id,m1_0.birth_day,m1_0.country_code,m1_0.first_name,m1_0.gear_description,m1_0.last_name,m1_0.wins from team t1_0 left join rider m1_0 on t1_0.id=m1_0.fk_team where t1_0.id=?
Hibernate: select r1_0.id,r1_0.birth_day,r1_0.country_code,r1_0.first_name,r1_0.gear_description,r1_0.last_name,r1_0.fk_team,t1_0.id,t1_0.head_sponsor,t1_0.name,r1_0.wins,p1_0.rider_id,p1_1.id,p1_1.count_of_viewers,p1_1.country_code,p1_1.date,p1_1.location,p1_1.name,p1_1.race_creator,w1_0.id,w1_0.birth_day,w1_0.country_code,w1_0.first_name,w1_0.gear_description,w1_0.last_name,w1_0.fk_team,t2_0.id,t2_0.head_sponsor,t2_0.name,w1_0.wins from rider r1_0 join team t1_0 on t1_0.id=r1_0.fk_team left join (rider_program p1_0 join race p1_1 on p1_1.id=p1_0.race_id) on r1_0.id=p1_0.rider_id left join rider w1_0 on w1_0.id=p1_1.winner_id left join team t2_0 on t2_0.id=w1_0.fk_team where r1_0.id=?
Hibernate: select r1_0.id,r1_0.count_of_viewers,r1_0.country_code,r1_0.date,r1_0.location,r1_0.name,r1_0.race_creator,w1_0.id,w1_0.birth_day,w1_0.country_code,w1_0.first_name,w1_0.gear_description,w1_0.last_name,w1_0.fk_team,t1_0.id,t1_0.head_sponsor,t1_0.name,w1_0.wins,p1_0.rider_id,p1_1.id,p1_1.count_of_viewers,p1_1.country_code,p1_1.date,p1_1.location,p1_1.name,p1_1.race_creator from race r1_0 left join rider w1_0 on w1_0.id=r1_0.winner_id left join team t1_0 on t1_0.id=w1_0.fk_team left join (rider_program p1_0 join race p1_1 on p1_1.id=p1_0.race_id) on w1_0.id=p1_0.rider_id where r1_0.id=?
Hibernate: insert into calendar (end_year,start_year,id) values (?,?,?)
Hibernate: insert into team (head_sponsor,name,id) values (?,?,?)
Hibernate: insert into rider (birth_day,country_code,first_name,gear_description,last_name,fk_team,wins,id) values (?,?,?,?,?,?,?,?)
Hibernate: insert into race (count_of_viewers,country_code,date,location,name,race_creator,winner_id,id) values (?,?,?,?,?,?,?,default)
Hibernate: update rider set birth_day=?,country_code=?,first_name=?,gear_description=?,last_name=?,fk_team=?,wins=? where id=?
Hibernate: update race set count_of_viewers=?,country_code=?,date=?,location=?,name=?,race_creator=?,winner_id=? where id=?
Hibernate: insert into rider_program (rider_id,race_id) values (?,?)
Hibernate: update race set calendar_id=? where id=?
Hibernate: insert into riders_in_race (race_id,rider_id) values (?,?)
Hibernate: select r1_0.id,r1_0.birth_day,r1_0.country_code,r1_0.first_name,r1_0.gear_description,r1_0.last_name,r1_0.fk_team,r1_0.wins from rider r1_0 where r1_0.first_name=? and r1_0.last_name=?
Hibernate: select t1_0.id,t1_0.head_sponsor,t1_0.name,m1_0.fk_team,m1_0.id,m1_0.birth_day,m1_0.country_code,m1_0.first_name,m1_0.gear_description,m1_0.last_name,m1_0.wins from team t1_0 left join rider m1_0 on t1_0.id=m1_0.fk_team where t1_0.id=?
Hibernate: select r1_0.id,r1_0.birth_day,r1_0.country_code,r1_0.first_name,r1_0.gear_description,r1_0.last_name,r1_0.fk_team,t1_0.id,t1_0.head_sponsor,t1_0.name,r1_0.wins,p1_0.rider_id,p1_1.id,p1_1.count_of_viewers,p1_1.country_code,p1_1.date,p1_1.location,p1_1.name,p1_1.race_creator,w1_0.id,w1_0.birth_day,w1_0.country_code,w1_0.first_name,w1_0.gear_description,w1_0.last_name,w1_0.fk_team,t2_0.id,t2_0.head_sponsor,t2_0.name,w1_0.wins from rider r1_0 join team t1_0 on t1_0.id=r1_0.fk_team left join (rider_program p1_0 join race p1_1 on p1_1.id=p1_0.race_id) on r1_0.id=p1_0.rider_id left join rider w1_0 on w1_0.id=p1_1.winner_id left join team t2_0 on t2_0.id=w1_0.fk_team where r1_0.id=?
Hibernate: select r1_0.id,r1_0.count_of_viewers,r1_0.country_code,r1_0.date,r1_0.location,r1_0.name,r1_0.race_creator,w1_0.id,w1_0.birth_day,w1_0.country_code,w1_0.first_name,w1_0.gear_description,w1_0.last_name,w1_0.fk_team,t1_0.id,t1_0.head_sponsor,t1_0.name,w1_0.wins,p1_0.rider_id,p1_1.id,p1_1.count_of_viewers,p1_1.country_code,p1_1.date,p1_1.location,p1_1.name,p1_1.race_creator from race r1_0 left join rider w1_0 on w1_0.id=r1_0.winner_id left join team t1_0 on t1_0.id=w1_0.fk_team left join (rider_program p1_0 join race p1_1 on p1_1.id=p1_0.race_id) on w1_0.id=p1_0.rider_id where r1_0.id=?
Hibernate: insert into calendar (end_year,start_year,id) values (?,?,?)
Hibernate: insert into team (head_sponsor,name,id) values (?,?,?)
Hibernate: insert into rider (birth_day,country_code,first_name,gear_description,last_name,fk_team,wins,id) values (?,?,?,?,?,?,?,?)
Hibernate: insert into race (count_of_viewers,country_code,date,location,name,race_creator,winner_id,id) values (?,?,?,?,?,?,?,default)
Hibernate: update rider set birth_day=?,country_code=?,first_name=?,gear_description=?,last_name=?,fk_team=?,wins=? where id=?
Hibernate: update race set count_of_viewers=?,country_code=?,date=?,location=?,name=?,race_creator=?,winner_id=? where id=?
Hibernate: insert into rider_program (rider_id,race_id) values (?,?)
Hibernate: update race set calendar_id=? where id=?
Hibernate: insert into riders_in_race (race_id,rider_id) values (?,?)
Hibernate: select r1_0.id,r1_0.birth_day,r1_0.country_code,r1_0.first_name,r1_0.gear_description,r1_0.last_name,r1_0.fk_team,r1_0.wins from rider r1_0 where r1_0.first_name=? and r1_0.last_name=?
Hibernate: select t1_0.id,t1_0.head_sponsor,t1_0.name,m1_0.fk_team,m1_0.id,m1_0.birth_day,m1_0.country_code,m1_0.first_name,m1_0.gear_description,m1_0.last_name,m1_0.wins from team t1_0 left join rider m1_0 on t1_0.id=m1_0.fk_team where t1_0.id=?
Hibernate: select r1_0.id,r1_0.birth_day,r1_0.country_code,r1_0.first_name,r1_0.gear_description,r1_0.last_name,r1_0.fk_team,t1_0.id,t1_0.head_sponsor,t1_0.name,r1_0.wins,p1_0.rider_id,p1_1.id,p1_1.count_of_viewers,p1_1.country_code,p1_1.date,p1_1.location,p1_1.name,p1_1.race_creator,w1_0.id,w1_0.birth_day,w1_0.country_code,w1_0.first_name,w1_0.gear_description,w1_0.last_name,w1_0.fk_team,t2_0.id,t2_0.head_sponsor,t2_0.name,w1_0.wins from rider r1_0 join team t1_0 on t1_0.id=r1_0.fk_team left join (rider_program p1_0 join race p1_1 on p1_1.id=p1_0.race_id) on r1_0.id=p1_0.rider_id left join rider w1_0 on w1_0.id=p1_1.winner_id left join team t2_0 on t2_0.id=w1_0.fk_team where r1_0.id=?
Hibernate: select r1_0.id,r1_0.count_of_viewers,r1_0.country_code,r1_0.date,r1_0.location,r1_0.name,r1_0.race_creator,w1_0.id,w1_0.birth_day,w1_0.country_code,w1_0.first_name,w1_0.gear_description,w1_0.last_name,w1_0.fk_team,t1_0.id,t1_0.head_sponsor,t1_0.name,w1_0.wins,p1_0.rider_id,p1_1.id,p1_1.count_of_viewers,p1_1.country_code,p1_1.date,p1_1.location,p1_1.name,p1_1.race_creator from race r1_0 left join rider w1_0 on w1_0.id=r1_0.winner_id left join team t1_0 on t1_0.id=w1_0.fk_team left join (rider_program p1_0 join race p1_1 on p1_1.id=p1_0.race_id) on w1_0.id=p1_0.rider_id where r1_0.id=?
Hibernate: insert into calendar (end_year,start_year,id) values (?,?,?)
Hibernate: insert into team (head_sponsor,name,id) values (?,?,?)
Hibernate: insert into rider (birth_day,country_code,first_name,gear_description,last_name,fk_team,wins,id) values (?,?,?,?,?,?,?,?)
Hibernate: insert into race (count_of_viewers,country_code,date,location,name,race_creator,winner_id,id) values (?,?,?,?,?,?,?,default)
Hibernate: update rider set birth_day=?,country_code=?,first_name=?,gear_description=?,last_name=?,fk_team=?,wins=? where id=?
Hibernate: update race set count_of_viewers=?,country_code=?,date=?,location=?,name=?,race_creator=?,winner_id=? where id=?
Hibernate: insert into rider_program (rider_id,race_id) values (?,?)
Hibernate: update race set calendar_id=? where id=?
Hibernate: insert into riders_in_race (race_id,rider_id) values (?,?)
Hibernate: select r1_0.id,r1_0.birth_day,r1_0.country_code,r1_0.first_name,r1_0.gear_description,r1_0.last_name,r1_0.fk_team,r1_0.wins from rider r1_0 where r1_0.first_name=? and r1_0.last_name=?
Hibernate: select t1_0.id,t1_0.head_sponsor,t1_0.name,m1_0.fk_team,m1_0.id,m1_0.birth_day,m1_0.country_code,m1_0.first_name,m1_0.gear_description,m1_0.last_name,m1_0.wins from team t1_0 left join rider m1_0 on t1_0.id=m1_0.fk_team where t1_0.id=?
Hibernate: select r1_0.id,r1_0.birth_day,r1_0.country_code,r1_0.first_name,r1_0.gear_description,r1_0.last_name,r1_0.fk_team,t1_0.id,t1_0.head_sponsor,t1_0.name,r1_0.wins,p1_0.rider_id,p1_1.id,p1_1.count_of_viewers,p1_1.country_code,p1_1.date,p1_1.location,p1_1.name,p1_1.race_creator,w1_0.id,w1_0.birth_day,w1_0.country_code,w1_0.first_name,w1_0.gear_description,w1_0.last_name,w1_0.fk_team,t2_0.id,t2_0.head_sponsor,t2_0.name,w1_0.wins from rider r1_0 join team t1_0 on t1_0.id=r1_0.fk_team left join (rider_program p1_0 join race p1_1 on p1_1.id=p1_0.race_id) on r1_0.id=p1_0.rider_id left join rider w1_0 on w1_0.id=p1_1.winner_id left join team t2_0 on t2_0.id=w1_0.fk_team where r1_0.id=?
Hibernate: select r1_0.id,r1_0.count_of_viewers,r1_0.country_code,r1_0.date,r1_0.location,r1_0.name,r1_0.race_creator,w1_0.id,w1_0.birth_day,w1_0.country_code,w1_0.first_name,w1_0.gear_description,w1_0.last_name,w1_0.fk_team,t1_0.id,t1_0.head_sponsor,t1_0.name,w1_0.wins,p1_0.rider_id,p1_1.id,p1_1.count_of_viewers,p1_1.country_code,p1_1.date,p1_1.location,p1_1.name,p1_1.race_creator from race r1_0 left join rider w1_0 on w1_0.id=r1_0.winner_id left join team t1_0 on t1_0.id=w1_0.fk_team left join (rider_program p1_0 join race p1_1 on p1_1.id=p1_0.race_id) on w1_0.id=p1_0.rider_id where r1_0.id=?
Hibernate: insert into calendar (end_year,start_year,id) values (?,?,?)
Hibernate: insert into team (head_sponsor,name,id) values (?,?,?)
Hibernate: insert into rider (birth_day,country_code,first_name,gear_description,last_name,fk_team,wins,id) values (?,?,?,?,?,?,?,?)
Hibernate: insert into race (count_of_viewers,country_code,date,location,name,race_creator,winner_id,id) values (?,?,?,?,?,?,?,default)
Hibernate: update rider set birth_day=?,country_code=?,first_name=?,gear_description=?,last_name=?,fk_team=?,wins=? where id=?
Hibernate: update race set count_of_viewers=?,country_code=?,date=?,location=?,name=?,race_creator=?,winner_id=? where id=?
Hibernate: insert into rider_program (rider_id,race_id) values (?,?)
Hibernate: update race set calendar_id=? where id=?
Hibernate: insert into riders_in_race (race_id,rider_id) values (?,?)
Hibernate: select r1_0.id,r1_0.birth_day,r1_0.country_code,r1_0.first_name,r1_0.gear_description,r1_0.last_name,r1_0.fk_team,r1_0.wins from rider r1_0 where r1_0.first_name=? and r1_0.last_name=?
Hibernate: select t1_0.id,t1_0.head_sponsor,t1_0.name,m1_0.fk_team,m1_0.id,m1_0.birth_day,m1_0.country_code,m1_0.first_name,m1_0.gear_description,m1_0.last_name,m1_0.wins from team t1_0 left join rider m1_0 on t1_0.id=m1_0.fk_team where t1_0.id=?
Hibernate: select r1_0.id,r1_0.birth_day,r1_0.country_code,r1_0.first_name,r1_0.gear_description,r1_0.last_name,r1_0.fk_team,t1_0.id,t1_0.head_sponsor,t1_0.name,r1_0.wins,p1_0.rider_id,p1_1.id,p1_1.count_of_viewers,p1_1.country_code,p1_1.date,p1_1.location,p1_1.name,p1_1.race_creator,w1_0.id,w1_0.birth_day,w1_0.country_code,w1_0.first_name,w1_0.gear_description,w1_0.last_name,w1_0.fk_team,t2_0.id,t2_0.head_sponsor,t2_0.name,w1_0.wins from rider r1_0 join team t1_0 on t1_0.id=r1_0.fk_team left join (rider_program p1_0 join race p1_1 on p1_1.id=p1_0.race_id) on r1_0.id=p1_0.rider_id left join rider w1_0 on w1_0.id=p1_1.winner_id left join team t2_0 on t2_0.id=w1_0.fk_team where r1_0.id=?
Hibernate: select r1_0.id,r1_0.count_of_viewers,r1_0.country_code,r1_0.date,r1_0.location,r1_0.name,r1_0.race_creator,w1_0.id,w1_0.birth_day,w1_0.country_code,w1_0.first_name,w1_0.gear_description,w1_0.last_name,w1_0.fk_team,t1_0.id,t1_0.head_sponsor,t1_0.name,w1_0.wins,p1_0.rider_id,p1_1.id,p1_1.count_of_viewers,p1_1.country_code,p1_1.date,p1_1.location,p1_1.name,p1_1.race_creator from race r1_0 left join rider w1_0 on w1_0.id=r1_0.winner_id left join team t1_0 on t1_0.id=w1_0.fk_team left join (rider_program p1_0 join race p1_1 on p1_1.id=p1_0.race_id) on w1_0.id=p1_0.rider_id where r1_0.id=?
Hibernate: insert into calendar (end_year,start_year,id) values (?,?,?)
Hibernate: insert into team (head_sponsor,name,id) values (?,?,?)
Hibernate: insert into rider (birth_day,country_code,first_name,gear_description,last_name,fk_team,wins,id) values (?,?,?,?,?,?,?,?)
Hibernate: insert into race (count_of_viewers,country_code,date,location,name,race_creator,winner_id,id) values (?,?,?,?,?,?,?,default)
Hibernate: update rider set birth_day=?,country_code=?,first_name=?,gear_description=?,last_name=?,fk_team=?,wins=? where id=?
Hibernate: update race set count_of_viewers=?,country_code=?,date=?,location=?,name=?,race_creator=?,winner_id=? where id=?
Hibernate: insert into rider_program (rider_id,race_id) values (?,?)
Hibernate: update race set calendar_id=? where id=?
Hibernate: insert into riders_in_race (race_id,rider_id) values (?,?)
Hibernate: select r1_0.id,r1_0.birth_day,r1_0.country_code,r1_0.first_name,r1_0.gear_description,r1_0.last_name,r1_0.fk_team,r1_0.wins from rider r1_0 where r1_0.first_name=? and r1_0.last_name=?
Hibernate: select t1_0.id,t1_0.head_sponsor,t1_0.name,m1_0.fk_team,m1_0.id,m1_0.birth_day,m1_0.country_code,m1_0.first_name,m1_0.gear_description,m1_0.last_name,m1_0.wins from team t1_0 left join rider m1_0 on t1_0.id=m1_0.fk_team where t1_0.id=?
Hibernate: select r1_0.id,r1_0.birth_day,r1_0.country_code,r1_0.first_name,r1_0.gear_description,r1_0.last_name,r1_0.fk_team,t1_0.id,t1_0.head_sponsor,t1_0.name,r1_0.wins,p1_0.rider_id,p1_1.id,p1_1.count_of_viewers,p1_1.country_code,p1_1.date,p1_1.location,p1_1.name,p1_1.race_creator,w1_0.id,w1_0.birth_day,w1_0.country_code,w1_0.first_name,w1_0.gear_description,w1_0.last_name,w1_0.fk_team,t2_0.id,t2_0.head_sponsor,t2_0.name,w1_0.wins from rider r1_0 join team t1_0 on t1_0.id=r1_0.fk_team left join (rider_program p1_0 join race p1_1 on p1_1.id=p1_0.race_id) on r1_0.id=p1_0.rider_id left join rider w1_0 on w1_0.id=p1_1.winner_id left join team t2_0 on t2_0.id=w1_0.fk_team where r1_0.id=?
Hibernate: select r1_0.id,r1_0.count_of_viewers,r1_0.country_code,r1_0.date,r1_0.location,r1_0.name,r1_0.race_creator,w1_0.id,w1_0.birth_day,w1_0.country_code,w1_0.first_name,w1_0.gear_description,w1_0.last_name,w1_0.fk_team,t1_0.id,t1_0.head_sponsor,t1_0.name,w1_0.wins,p1_0.rider_id,p1_1.id,p1_1.count_of_viewers,p1_1.country_code,p1_1.date,p1_1.location,p1_1.name,p1_1.race_creator from race r1_0 left join rider w1_0 on w1_0.id=r1_0.winner_id left join team t1_0 on t1_0.id=w1_0.fk_team left join (rider_program p1_0 join race p1_1 on p1_1.id=p1_0.race_id) on w1_0.id=p1_0.rider_id where r1_0.id=?
Hibernate: insert into calendar (end_year,start_year,id) values (?,?,?)
Hibernate: insert into team (head_sponsor,name,id) values (?,?,?)
Hibernate: insert into rider (birth_day,country_code,first_name,gear_description,last_name,fk_team,wins,id) values (?,?,?,?,?,?,?,?)
Hibernate: insert into race (count_of_viewers,country_code,date,location,name,race_creator,winner_id,id) values (?,?,?,?,?,?,?,default)
Hibernate: update rider set birth_day=?,country_code=?,first_name=?,gear_description=?,last_name=?,fk_team=?,wins=? where id=?
Hibernate: update race set count_of_viewers=?,country_code=?,date=?,location=?,name=?,race_creator=?,winner_id=? where id=?
Hibernate: insert into rider_program (rider_id,race_id) values (?,?)
Hibernate: update race set calendar_id=? where id=?
Hibernate: insert into riders_in_race (race_id,rider_id) values (?,?)
Hibernate: select r1_0.id,r1_0.birth_day,r1_0.country_code,r1_0.first_name,r1_0.gear_description,r1_0.last_name,r1_0.fk_team,r1_0.wins from rider r1_0 where r1_0.first_name=? and r1_0.last_name=?
Hibernate: select t1_0.id,t1_0.head_sponsor,t1_0.name,m1_0.fk_team,m1_0.id,m1_0.birth_day,m1_0.country_code,m1_0.first_name,m1_0.gear_description,m1_0.last_name,m1_0.wins from team t1_0 left join rider m1_0 on t1_0.id=m1_0.fk_team where t1_0.id=?
Hibernate: select r1_0.id,r1_0.birth_day,r1_0.country_code,r1_0.first_name,r1_0.gear_description,r1_0.last_name,r1_0.fk_team,t1_0.id,t1_0.head_sponsor,t1_0.name,r1_0.wins,p1_0.rider_id,p1_1.id,p1_1.count_of_viewers,p1_1.country_code,p1_1.date,p1_1.location,p1_1.name,p1_1.race_creator,w1_0.id,w1_0.birth_day,w1_0.country_code,w1_0.first_name,w1_0.gear_description,w1_0.last_name,w1_0.fk_team,t2_0.id,t2_0.head_sponsor,t2_0.name,w1_0.wins from rider r1_0 join team t1_0 on t1_0.id=r1_0.fk_team left join (rider_program p1_0 join race p1_1 on p1_1.id=p1_0.race_id) on r1_0.id=p1_0.rider_id left join rider w1_0 on w1_0.id=p1_1.winner_id left join team t2_0 on t2_0.id=w1_0.fk_team where r1_0.id=?
Hibernate: select r1_0.id,r1_0.count_of_viewers,r1_0.country_code,r1_0.date,r1_0.location,r1_0.name,r1_0.race_creator,w1_0.id,w1_0.birth_day,w1_0.country_code,w1_0.first_name,w1_0.gear_description,w1_0.last_name,w1_0.fk_team,t1_0.id,t1_0.head_sponsor,t1_0.name,w1_0.wins,p1_0.rider_id,p1_1.id,p1_1.count_of_viewers,p1_1.country_code,p1_1.date,p1_1.location,p1_1.name,p1_1.race_creator from race r1_0 left join rider w1_0 on w1_0.id=r1_0.winner_id left join team t1_0 on t1_0.id=w1_0.fk_team left join (rider_program p1_0 join race p1_1 on p1_1.id=p1_0.race_id) on w1_0.id=p1_0.rider_id where r1_0.id=?
Hibernate: insert into calendar (end_year,start_year,id) values (?,?,?)
Hibernate: insert into team (head_sponsor,name,id) values (?,?,?)
Hibernate: insert into rider (birth_day,country_code,first_name,gear_description,last_name,fk_team,wins,id) values (?,?,?,?,?,?,?,?)
Hibernate: insert into race (count_of_viewers,country_code,date,location,name,race_creator,winner_id,id) values (?,?,?,?,?,?,?,default)
Hibernate: update rider set birth_day=?,country_code=?,first_name=?,gear_description=?,last_name=?,fk_team=?,wins=? where id=?
Hibernate: update race set count_of_viewers=?,country_code=?,date=?,location=?,name=?,race_creator=?,winner_id=? where id=?
Hibernate: insert into rider_program (rider_id,race_id) values (?,?)
Hibernate: update race set calendar_id=? where id=?
Hibernate: insert into riders_in_race (race_id,rider_id) values (?,?)
Hibernate: select r1_0.id,r1_0.birth_day,r1_0.country_code,r1_0.first_name,r1_0.gear_description,r1_0.last_name,r1_0.fk_team,r1_0.wins from rider r1_0 where r1_0.first_name=? and r1_0.last_name=?
Hibernate: select t1_0.id,t1_0.head_sponsor,t1_0.name,m1_0.fk_team,m1_0.id,m1_0.birth_day,m1_0.country_code,m1_0.first_name,m1_0.gear_description,m1_0.last_name,m1_0.wins from team t1_0 left join rider m1_0 on t1_0.id=m1_0.fk_team where t1_0.id=?
Hibernate: select r1_0.id,r1_0.birth_day,r1_0.country_code,r1_0.first_name,r1_0.gear_description,r1_0.last_name,r1_0.fk_team,t1_0.id,t1_0.head_sponsor,t1_0.name,r1_0.wins,p1_0.rider_id,p1_1.id,p1_1.count_of_viewers,p1_1.country_code,p1_1.date,p1_1.location,p1_1.name,p1_1.race_creator,w1_0.id,w1_0.birth_day,w1_0.country_code,w1_0.first_name,w1_0.gear_description,w1_0.last_name,w1_0.fk_team,t2_0.id,t2_0.head_sponsor,t2_0.name,w1_0.wins from rider r1_0 join team t1_0 on t1_0.id=r1_0.fk_team left join (rider_program p1_0 join race p1_1 on p1_1.id=p1_0.race_id) on r1_0.id=p1_0.rider_id left join rider w1_0 on w1_0.id=p1_1.winner_id left join team t2_0 on t2_0.id=w1_0.fk_team where r1_0.id=?
Hibernate: select r1_0.id,r1_0.count_of_viewers,r1_0.country_code,r1_0.date,r1_0.location,r1_0.name,r1_0.race_creator,w1_0.id,w1_0.birth_day,w1_0.country_code,w1_0.first_name,w1_0.gear_description,w1_0.last_name,w1_0.fk_team,t1_0.id,t1_0.head_sponsor,t1_0.name,w1_0.wins,p1_0.rider_id,p1_1.id,p1_1.count_of_viewers,p1_1.country_code,p1_1.date,p1_1.location,p1_1.name,p1_1.race_creator from race r1_0 left join rider w1_0 on w1_0.id=r1_0.winner_id left join team t1_0 on t1_0.id=w1_0.fk_team left join (rider_program p1_0 join race p1_1 on p1_1.id=p1_0.race_id) on w1_0.id=p1_0.rider_id where r1_0.id=?
Hibernate: insert into calendar (end_year,start_year,id) values (?,?,?)
Hibernate: insert into team (head_sponsor,name,id) values (?,?,?)
Hibernate: insert into rider (birth_day,country_code,first_name,gear_description,last_name,fk_team,wins,id) values (?,?,?,?,?,?,?,?)
Hibernate: insert into race (count_of_viewers,country_code,date,location,name,race_creator,winner_id,id) values (?,?,?,?,?,?,?,default)
Hibernate: update rider set birth_day=?,country_code=?,first_name=?,gear_description=?,last_name=?,fk_team=?,wins=? where id=?
Hibernate: update race set count_of_viewers=?,country_code=?,date=?,location=?,name=?,race_creator=?,winner_id=? where id=?
Hibernate: insert into rider_program (rider_id,race_id) values (?,?)
Hibernate: update race set calendar_id=? where id=?
Hibernate: insert into riders_in_race (race_id,rider_id) values (?,?)
Hibernate: select r1_0.id,r1_0.birth_day,r1_0.country_code,r1_0.first_name,r1_0.gear_description,r1_0.last_name,r1_0.fk_team,r1_0.wins from rider r1_0 where r1_0.first_name=? and r1_0.last_name=?
Hibernate: select t1_0.id,t1_0.head_sponsor,t1_0.name,m1_0.fk_team,m1_0.id,m1_0.birth_day,m1_0.country_code,m1_0.first_name,m1_0.gear_description,m1_0.last_name,m1_0.wins from team t1_0 left join rider m1_0 on t1_0.id=m1_0.fk_team where t1_0.id=?
Hibernate: select r1_0.id,r1_0.birth_day,r1_0.country_code,r1_0.first_name,r1_0.gear_description,r1_0.last_name,r1_0.fk_team,t1_0.id,t1_0.head_sponsor,t1_0.name,r1_0.wins,p1_0.rider_id,p1_1.id,p1_1.count_of_viewers,p1_1.country_code,p1_1.date,p1_1.location,p1_1.name,p1_1.race_creator,w1_0.id,w1_0.birth_day,w1_0.country_code,w1_0.first_name,w1_0.gear_description,w1_0.last_name,w1_0.fk_team,t2_0.id,t2_0.head_sponsor,t2_0.name,w1_0.wins from rider r1_0 join team t1_0 on t1_0.id=r1_0.fk_team left join (rider_program p1_0 join race p1_1 on p1_1.id=p1_0.race_id) on r1_0.id=p1_0.rider_id left join rider w1_0 on w1_0.id=p1_1.winner_id left join team t2_0 on t2_0.id=w1_0.fk_team where r1_0.id=?
Hibernate: select r1_0.id,r1_0.count_of_viewers,r1_0.country_code,r1_0.date,r1_0.location,r1_0.name,r1_0.race_creator,w1_0.id,w1_0.birth_day,w1_0.country_code,w1_0.first_name,w1_0.gear_description,w1_0.last_name,w1_0.fk_team,t1_0.id,t1_0.head_sponsor,t1_0.name,w1_0.wins,p1_0.rider_id,p1_1.id,p1_1.count_of_viewers,p1_1.country_code,p1_1.date,p1_1.location,p1_1.name,p1_1.race_creator from race r1_0 left join rider w1_0 on w1_0.id=r1_0.winner_id left join team t1_0 on t1_0.id=w1_0.fk_team left join (rider_program p1_0 join race p1_1 on p1_1.id=p1_0.race_id) on w1_0.id=p1_0.rider_id where r1_0.id=?
Hibernate: insert into calendar (end_year,start_year,id) values (?,?,?)
Hibernate: insert into team (head_sponsor,name,id) values (?,?,?)
Hibernate: insert into rider (birth_day,country_code,first_name,gear_description,last_name,fk_team,wins,id) values (?,?,?,?,?,?,?,?)
Hibernate: insert into race (count_of_viewers,country_code,date,location,name,race_creator,winner_id,id) values (?,?,?,?,?,?,?,default)
Hibernate: update rider set birth_day=?,country_code=?,first_name=?,gear_description=?,last_name=?,fk_team=?,wins=? where id=?
Hibernate: update race set count_of_viewers=?,country_code=?,date=?,location=?,name=?,race_creator=?,winner_id=? where id=?
Hibernate: insert into rider_program (rider_id,race_id) values (?,?)
Hibernate: update race set calendar_id=? where id=?
Hibernate: insert into riders_in_race (race_id,rider_id) values (?,?)
Hibernate: select r1_0.id,r1_0.birth_day,r1_0.country_code,r1_0.first_name,r1_0.gear_description,r1_0.last_name,r1_0.fk_team,r1_0.wins from rider r1_0 where r1_0.first_name=? and r1_0.last_name=?
Hibernate: select t1_0.id,t1_0.head_sponsor,t1_0.name,m1_0.fk_team,m1_0.id,m1_0.birth_day,m1_0.country_code,m1_0.first_name,m1_0.gear_description,m1_0.last_name,m1_0.wins from team t1_0 left join rider m1_0 on t1_0.id=m1_0.fk_team where t1_0.id=?
Hibernate: select r1_0.id,r1_0.birth_day,r1_0.country_code,r1_0.first_name,r1_0.gear_description,r1_0.last_name,r1_0.fk_team,t1_0.id,t1_0.head_sponsor,t1_0.name,r1_0.wins,p1_0.rider_id,p1_1.id,p1_1.count_of_viewers,p1_1.country_code,p1_1.date,p1_1.location,p1_1.name,p1_1.race_creator,w1_0.id,w1_0.birth_day,w1_0.country_code,w1_0.first_name,w1_0.gear_description,w1_0.last_name,w1_0.fk_team,t2_0.id,t2_0.head_sponsor,t2_0.name,w1_0.wins from rider r1_0 join team t1_0 on t1_0.id=r1_0.fk_team left join (rider_program p1_0 join race p1_1 on p1_1.id=p1_0.race_id) on r1_0.id=p1_0.rider_id left join rider w1_0 on w1_0.id=p1_1.winner_id left join team t2_0 on t2_0.id=w1_0.fk_team where r1_0.id=?
Hibernate: select r1_0.id,r1_0.count_of_viewers,r1_0.country_code,r1_0.date,r1_0.location,r1_0.name,r1_0.race_creator,w1_0.id,w1_0.birth_day,w1_0.country_code,w1_0.first_name,w1_0.gear_description,w1_0.last_name,w1_0.fk_team,t1_0.id,t1_0.head_sponsor,t1_0.name,w1_0.wins,p1_0.rider_id,p1_1.id,p1_1.count_of_viewers,p1_1.country_code,p1_1.date,p1_1.location,p1_1.name,p1_1.race_creator from race r1_0 left join rider w1_0 on w1_0.id=r1_0.winner_id left join team t1_0 on t1_0.id=w1_0.fk_team left join (rider_program p1_0 join race p1_1 on p1_1.id=p1_0.race_id) on w1_0.id=p1_0.rider_id where r1_0.id=?
Hibernate: insert into calendar (end_year,start_year,id) values (?,?,?)
Hibernate: insert into team (head_sponsor,name,id) values (?,?,?)
Hibernate: insert into rider (birth_day,country_code,first_name,gear_description,last_name,fk_team,wins,id) values (?,?,?,?,?,?,?,?)
Hibernate: insert into race (count_of_viewers,country_code,date,location,name,race_creator,winner_id,id) values (?,?,?,?,?,?,?,default)
Hibernate: update rider set birth_day=?,country_code=?,first_name=?,gear_description=?,last_name=?,fk_team=?,wins=? where id=?
Hibernate: update race set count_of_viewers=?,country_code=?,date=?,location=?,name=?,race_creator=?,winner_id=? where id=?
Hibernate: insert into rider_program (rider_id,race_id) values (?,?)
Hibernate: update race set calendar_id=? where id=?
Hibernate: insert into riders_in_race (race_id,rider_id) values (?,?)
Hibernate: select r1_0.id,r1_0.birth_day,r1_0.country_code,r1_0.first_name,r1_0.gear_description,r1_0.last_name,r1_0.fk_team,r1_0.wins from rider r1_0 where r1_0.first_name=? and r1_0.last_name=?
Hibernate: select t1_0.id,t1_0.head_sponsor,t1_0.name,m1_0.fk_team,m1_0.id,m1_0.birth_day,m1_0.country_code,m1_0.first_name,m1_0.gear_description,m1_0.last_name,m1_0.wins from team t1_0 left join rider m1_0 on t1_0.id=m1_0.fk_team where t1_0.id=?
Hibernate: select r1_0.id,r1_0.birth_day,r1_0.country_code,r1_0.first_name,r1_0.gear_description,r1_0.last_name,r1_0.fk_team,t1_0.id,t1_0.head_sponsor,t1_0.name,r1_0.wins,p1_0.rider_id,p1_1.id,p1_1.count_of_viewers,p1_1.country_code,p1_1.date,p1_1.location,p1_1.name,p1_1.race_creator,w1_0.id,w1_0.birth_day,w1_0.country_code,w1_0.first_name,w1_0.gear_description,w1_0.last_name,w1_0.fk_team,t2_0.id,t2_0.head_sponsor,t2_0.name,w1_0.wins from rider r1_0 join team t1_0 on t1_0.id=r1_0.fk_team left join (rider_program p1_0 join race p1_1 on p1_1.id=p1_0.race_id) on r1_0.id=p1_0.rider_id left join rider w1_0 on w1_0.id=p1_1.winner_id left join team t2_0 on t2_0.id=w1_0.fk_team where r1_0.id=?
Hibernate: select r1_0.id,r1_0.count_of_viewers,r1_0.country_code,r1_0.date,r1_0.location,r1_0.name,r1_0.race_creator,w1_0.id,w1_0.birth_day,w1_0.country_code,w1_0.first_name,w1_0.gear_description,w1_0.last_name,w1_0.fk_team,t1_0.id,t1_0.head_sponsor,t1_0.name,w1_0.wins,p1_0.rider_id,p1_1.id,p1_1.count_of_viewers,p1_1.country_code,p1_1.date,p1_1.location,p1_1.name,p1_1.race_creator from race r1_0 left join rider w1_0 on w1_0.id=r1_0.winner_id left join team t1_0 on t1_0.id=w1_0.fk_team left join (rider_program p1_0 join race p1_1 on p1_1.id=p1_0.race_id) on w1_0.id=p1_0.rider_id where r1_0.id=?
Hibernate: insert into calendar (end_year,start_year,id) values (?,?,?)
Hibernate: insert into team (head_sponsor,name,id) values (?,?,?)
Hibernate: insert into rider (birth_day,country_code,first_name,gear_description,last_name,fk_team,wins,id) values (?,?,?,?,?,?,?,?)
Hibernate: insert into race (count_of_viewers,country_code,date,location,name,race_creator,winner_id,id) values (?,?,?,?,?,?,?,default)
Hibernate: update rider set birth_day=?,country_code=?,first_name=?,gear_description=?,last_name=?,fk_team=?,wins=? where id=?
Hibernate: update race set count_of_viewers=?,country_code=?,date=?,location=?,name=?,race_creator=?,winner_id=? where id=?
Hibernate: insert into rider_program (rider_id,race_id) values (?,?)
Hibernate: update race set calendar_id=? where id=?
Hibernate: insert into riders_in_race (race_id,rider_id) values (?,?)
Hibernate: select r1_0.id,r1_0.birth_day,r1_0.country_code,r1_0.first_name,r1_0.gear_description,r1_0.last_name,r1_0.fk_team,r1_0.wins from rider r1_0 where r1_0.first_name=? and r1_0.last_name=?
Hibernate: select t1_0.id,t1_0.head_sponsor,t1_0.name,m1_0.fk_team,m1_0.id,m1_0.birth_day,m1_0.country_code,m1_0.first_name,m1_0.gear_description,m1_0.last_name,m1_0.wins from team t1_0 left join rider m1_0 on t1_0.id=m1_0.fk_team where t1_0.id=?
Hibernate: select r1_0.id,r1_0.birth_day,r1_0.country_code,r1_0.first_name,r1_0.gear_description,r1_0.last_name,r1_0.fk_team,t1_0.id,t1_0.head_sponsor,t1_0.name,r1_0.wins,p1_0.rider_id,p1_1.id,p1_1.count_of_viewers,p1_1.country_code,p1_1.date,p1_1.location,p1_1.name,p1_1.race_creator,w1_0.id,w1_0.birth_day,w1_0.country_code,w1_0.first_name,w1_0.gear_description,w1_0.last_name,w1_0.fk_team,t2_0.id,t2_0.head_sponsor,t2_0.name,w1_0.wins from rider r1_0 join team t1_0 on t1_0.id=r1_0.fk_team left join (rider_program p1_0 join race p1_1 on p1_1.id=p1_0.race_id) on r1_0.id=p1_0.rider_id left join rider w1_0 on w1_0.id=p1_1.winner_id left join team t2_0 on t2_0.id=w1_0.fk_team where r1_0.id=?
Hibernate: select r1_0.id,r1_0.count_of_viewers,r1_0.country_code,r1_0.date,r1_0.location,r1_0.name,r1_0.race_creator,w1_0.id,w1_0.birth_day,w1_0.country_code,w1_0.first_name,w1_0.gear_description,w1_0.last_name,w1_0.fk_team,t1_0.id,t1_0.head_sponsor,t1_0.name,w1_0.wins,p1_0.rider_id,p1_1.id,p1_1.count_of_viewers,p1_1.country_code,p1_1.date,p1_1.location,p1_1.name,p1_1.race_creator from race r1_0 left join rider w1_0 on w1_0.id=r1_0.winner_id left join team t1_0 on t1_0.id=w1_0.fk_team left join (rider_program p1_0 join race p1_1 on p1_1.id=p1_0.race_id) on w1_0.id=p1_0.rider_id where r1_0.id=?
Hibernate: insert into calendar (end_year,start_year,id) values (?,?,?)
Hibernate: insert into team (head_sponsor,name,id) values (?,?,?)
Hibernate: insert into rider (birth_day,country_code,first_name,gear_description,last_name,fk_team,wins,id) values (?,?,?,?,?,?,?,?)
Hibernate: insert into race (count_of_viewers,country_code,date,location,name,race_creator,winner_id,id) values (?,?,?,?,?,?,?,default)
Hibernate: update rider set birth_day=?,country_code=?,first_name=?,gear_description=?,last_name=?,fk_team=?,wins=? where id=?
Hibernate: update race set count_of_viewers=?,country_code=?,date=?,location=?,name=?,race_creator=?,winner_id=? where id=?
Hibernate: insert into rider_program (rider_id,race_id) values (?,?)
Hibernate: update race set calendar_id=? where id=?
Hibernate: insert into riders_in_race (race_id,rider_id) values (?,?)
Hibernate: select r1_0.id,r1_0.birth_day,r1_0.country_code,r1_0.first_name,r1_0.gear_description,r1_0.last_name,r1_0.fk_team,r1_0.wins from rider r1_0 where r1_0.first_name=? and r1_0.last_name=?
Hibernate: select t1_0.id,t1_0.head_sponsor,t1_0.name,m1_0.fk_team,m1_0.id,m1_0.birth_day,m1_0.country_code,m1_0.first_name,m1_0.gear_description,m1_0.last_name,m1_0.wins from team t1_0 left join rider m1_0 on t1_0.id=m1_0.fk_team where t1_0.id=?
Hibernate: select r1_0.id,r1_0.birth_day,r1_0.country_code,r1_0.first_name,r1_0.gear_description,r1_0.last_name,r1_0.fk_team,t1_0.id,t1_0.head_sponsor,t1_0.name,r1_0.wins,p1_0.rider_id,p1_1.id,p1_1.count_of_viewers,p1_1.country_code,p1_1.date,p1_1.location,p1_1.name,p1_1.race_creator,w1_0.id,w1_0.birth_day,w1_0.country_code,w1_0.first_name,w1_0.gear_description,w1_0.last_name,w1_0.fk_team,t2_0.id,t2_0.head_sponsor,t2_0.name,w1_0.wins from rider r1_0 join team t1_0 on t1_0.id=r1_0.fk_team left join (rider_program p1_0 join race p1_1 on p1_1.id=p1_0.race_id) on r1_0.id=p1_0.rider_id left join rider w1_0 on w1_0.id=p1_1.winner_id left join team t2_0 on t2_0.id=w1_0.fk_team where r1_0.id=?
Hibernate: select r1_0.id,r1_0.count_of_viewers,r1_0.country_code,r1_0.date,r1_0.location,r1_0.name,r1_0.race_creator,w1_0.id,w1_0.birth_day,w1_0.country_code,w1_0.first_name,w1_0.gear_description,w1_0.last_name,w1_0.fk_team,t1_0.id,t1_0.head_sponsor,t1_0.name,w1_0.wins,p1_0.rider_id,p1_1.id,p1_1.count_of_viewers,p1_1.country_code,p1_1.date,p1_1.location,p1_1.name,p1_1.race_creator from race r1_0 left join rider w1_0 on w1_0.id=r1_0.winner_id left join team t1_0 on t1_0.id=w1_0.fk_team left join (rider_program p1_0 join race p1_1 on p1_1.id=p1_0.race_id) on w1_0.id=p1_0.rider_id where r1_0.id=?
Hibernate: insert into calendar (end_year,start_year,id) values (?,?,?)
Hibernate: insert into team (head_sponsor,name,id) values (?,?,?)
Hibernate: insert into rider (birth_day,country_code,first_name,gear_description,last_name,fk_team,wins,id) values (?,?,?,?,?,?,?,?)
Hibernate: insert into race (count_of_viewers,country_code,date,location,name,race_creator,winner_id,id) values (?,?,?,?,?,?,?,default)
Hibernate: update rider set birth_day=?,country_code=?,first_name=?,gear_description=?,last_name=?,fk_team=?,wins=? where id=?
Hibernate: update race set count_of_viewers=?,country_code=?,date=?,location=?,name=?,race_creator=?,winner_id=? where id=?
Hibernate: insert into rider_program (rider_id,race_id) values (?,?)
Hibernate: update race set calendar_id=? where id=?
Hibernate: insert into riders_in_race (race_id,rider_id) values (?,?)
Hibernate: select r1_0.id,r1_0.birth_day,r1_0.country_code,r1_0.first_name,r1_0.gear_description,r1_0.last_name,r1_0.fk_team,r1_0.wins from rider r1_0 where r1_0.first_name=? and r1_0.last_name=?
Hibernate: select t1_0.id,t1_0.head_sponsor,t1_0.name,m1_0.fk_team,m1_0.id,m1_0.birth_day,m1_0.country_code,m1_0.first_name,m1_0.gear_description,m1_0.last_name,m1_0.wins from team t1_0 left join rider m1_0 on t1_0.id=m1_0.fk_team where t1_0.id=?
Hibernate: select r1_0.id,r1_0.birth_day,r1_0.country_code,r1_0.first_name,r1_0.gear_description,r1_0.last_name,r1_0.fk_team,t1_0.id,t1_0.head_sponsor,t1_0.name,r1_0.wins,p1_0.rider_id,p1_1.id,p1_1.count_of_viewers,p1_1.country_code,p1_1.date,p1_1.location,p1_1.name,p1_1.race_creator,w1_0.id,w1_0.birth_day,w1_0.country_code,w1_0.first_name,w1_0.gear_description,w1_0.last_name,w1_0.fk_team,t2_0.id,t2_0.head_sponsor,t2_0.name,w1_0.wins from rider r1_0 join team t1_0 on t1_0.id=r1_0.fk_team left join (rider_program p1_0 join race p1_1 on p1_1.id=p1_0.race_id) on r1_0.id=p1_0.rider_id left join rider w1_0 on w1_0.id=p1_1.winner_id left join team t2_0 on t2_0.id=w1_0.fk_team where r1_0.id=?
Hibernate: select r1_0.id,r1_0.count_of_viewers,r1_0.country_code,r1_0.date,r1_0.location,r1_0.name,r1_0.race_creator,w1_0.id,w1_0.birth_day,w1_0.country_code,w1_0.first_name,w1_0.gear_description,w1_0.last_name,w1_0.fk_team,t1_0.id,t1_0.head_sponsor,t1_0.name,w1_0.wins,p1_0.rider_id,p1_1.id,p1_1.count_of_viewers,p1_1.country_code,p1_1.date,p1_1.location,p1_1.name,p1_1.race_creator from race r1_0 left join rider w1_0 on w1_0.id=r1_0.winner_id left join team t1_0 on t1_0.id=w1_0.fk_team left join (rider_program p1_0 join race p1_1 on p1_1.id=p1_0.race_id) on w1_0.id=p1_0.rider_id where r1_0.id=?
Hibernate: insert into calendar (end_year,start_year,id) values (?,?,?)
Hibernate: insert into team (head_sponsor,name,id) values (?,?,?)
Hibernate: insert into rider (birth_day,country_code,first_name,gear_description,last_name,fk_team,wins,id) values (?,?,?,?,?,?,?,?)
Hibernate: insert into race (count_of_viewers,country_code,date,location,name,race_creator,winner_id,id) values (?,?,?,?,?,?,?,default)
Hibernate: update rider set birth_day=?,country_code=?,first_name=?,gear_description=?,last_name=?,fk_team=?,wins=? where id=?
Hibernate: update race set count_of_viewers=?,country_code=?,date=?,location=?,name=?,race_creator=?,winner_id=? where id=?
Hibernate: insert into rider_program (rider_id,race_id) values (?,?)
Hibernate: update race set calendar_id=? where id=?
Hibernate: insert into riders_in_race (race_id,rider_id) values (?,?)
Hibernate: select r1_0.id,r1_0.birth_day,r1_0.country_code,r1_0.first_name,r1_0.gear_description,r1_0.last_name,r1_0.fk_team,r1_0.wins from rider r1_0 where r1_0.first_name=? and r1_0.last_name=?
Hibernate: select t1_0.id,t1_0.head_sponsor,t1_0.name,m1_0.fk_team,m1_0.id,m1_0.birth_day,m1_0.country_code,m1_0.first_name,m1_0.gear_description,m1_0.last_name,m1_0.wins from team t1_0 left join rider m1_0 on t1_0.id=m1_0.fk_team where t1_0.id=?
Hibernate: select r1_0.id,r1_0.birth_day,r1_0.country_code,r1_0.first_name,r1_0.gear_description,r1_0.last_name,r1_0.fk_team,t1_0.id,t1_0.head_sponsor,t1_0.name,r1_0.wins,p1_0.rider_id,p1_1.id,p1_1.count_of_viewers,p1_1.country_code,p1_1.date,p1_1.location,p1_1.name,p1_1.race_creator,w1_0.id,w1_0.birth_day,w1_0.country_code,w1_0.first_name,w1_0.gear_description,w1_0.last_name,w1_0.fk_team,t2_0.id,t2_0.head_sponsor,t2_0.name,w1_0.wins from rider r1_0 join team t1_0 on t1_0.id=r1_0.fk_team left join (rider_program p1_0 join race p1_1 on p1_1.id=p1_0.race_id) on r1_0.id=p1_0.rider_id left join rider w1_0 on w1_0.id=p1_1.winner_id left join team t2_0 on t2_0.id=w1_0.fk_team where r1_0.id=?
Hibernate: select r1_0.id,r1_0.count_of_viewers,r1_0.country_code,r1_0.date,r1_0.location,r1_0.name,r1_0.race_creator,w1_0.id,w1_0.birth_day,w1_0.country_code,w1_0.first_name,w1_0.gear_description,w1_0.last_name,w1_0.fk_team,t1_0.id,t1_0.head_sponsor,t1_0.name,w1_0.wins,p1_0.rider_id,p1_1.id,p1_1.count_of_viewers,p1_1.country_code,p1_1.date,p1_1.location,p1_1.name,p1_1.race_creator from race r1_0 left join rider w1_0 on w1_0.id=r1_0.winner_id left join team t1_0 on t1_0.id=w1_0.fk_team left join (rider_program p1_0 join race p1_1 on p1_1.id=p1_0.race_id) on w1_0.id=p1_0.rider_id where r1_0.id=?
Hibernate: insert into calendar (end_year,start_year,id) values (?,?,?)
Hibernate: insert into team (head_sponsor,name,id) values (?,?,?)
Hibernate: insert into rider (birth_day,country_code,first_name,gear_description,last_name,fk_team,wins,id) values (?,?,?,?,?,?,?,?)
Hibernate: insert into race (count_of_viewers,country_code,date,location,name,race_creator,winner_id,id) values (?,?,?,?,?,?,?,default)
Hibernate: update rider set birth_day=?,country_code=?,first_name=?,gear_description=?,last_name=?,fk_team=?,wins=? where id=?
Hibernate: update race set count_of_viewers=?,country_code=?,date=?,location=?,name=?,race_creator=?,winner_id=? where id=?
Hibernate: insert into rider_program (rider_id,race_id) values (?,?)
Hibernate: update race set calendar_id=? where id=?
Hibernate: insert into riders_in_race (race_id,rider_id) values (?,?)
Hibernate: select r1_0.id,r1_0.birth_day,r1_0.country_code,r1_0.first_name,r1_0.gear_description,r1_0.last_name,r1_0.fk_team,r1_0.wins from rider r1_0 where r1_0.first_name=? and r1_0.last_name=?
Hibernate: select t1_0.id,t1_0.head_sponsor,t1_0.name,m1_0.fk_team,m1_0.id,m1_0.birth_day,m1_0.country_code,m1_0.first_name,m1_0.gear_description,m1_0.last_name,m1_0.wins from team t1_0 left join rider m1_0 on t1_0.id=m1_0.fk_team where t1_0.id=?
Hibernate: select r1_0.id,r1_0.birth_day,r1_0.country_code,r1_0.first_name,r1_0.gear_description,r1_0.last_name,r1_0.fk_team,t1_0.id,t1_0.head_sponsor,t1_0.name,r1_0.wins,p1_0.rider_id,p1_1.id,p1_1.count_of_viewers,p1_1.country_code,p1_1.date,p1_1.location,p1_1.name,p1_1.race_creator,w1_0.id,w1_0.birth_day,w1_0.country_code,w1_0.first_name,w1_0.gear_description,w1_0.last_name,w1_0.fk_team,t2_0.id,t2_0.head_sponsor,t2_0.name,w1_0.wins from rider r1_0 join team t1_0 on t1_0.id=r1_0.fk_team left join (rider_program p1_0 join race p1_1 on p1_1.id=p1_0.race_id) on r1_0.id=p1_0.rider_id left join rider w1_0 on w1_0.id=p1_1.winner_id left join team t2_0 on t2_0.id=w1_0.fk_team where r1_0.id=?
Hibernate: select r1_0.id,r1_0.count_of_viewers,r1_0.country_code,r1_0.date,r1_0.location,r1_0.name,r1_0.race_creator,w1_0.id,w1_0.birth_day,w1_0.country_code,w1_0.first_name,w1_0.gear_description,w1_0.last_name,w1_0.fk_team,t1_0.id,t1_0.head_sponsor,t1_0.name,w1_0.wins,p1_0.rider_id,p1_1.id,p1_1.count_of_viewers,p1_1.country_code,p1_1.date,p1_1.location,p1_1.name,p1_1.race_creator from race r1_0 left join rider w1_0 on w1_0.id=r1_0.winner_id left join team t1_0 on t1_0.id=w1_0.fk_team left join (rider_program p1_0 join race p1_1 on p1_1.id=p1_0.race_id) on w1_0.id=p1_0.rider_id where r1_0.id=?
Hibernate: insert into calendar (end_year,start_year,id) values (?,?,?)
Hibernate: insert into team (head_sponsor,name,id) values (?,?,?)
Hibernate: insert into rider (birth_day,country_code,first_name,gear_description,last_name,fk_team,wins,id) values (?,?,?,?,?,?,?,?)
Hibernate: insert into race (count_of_viewers,country_code,date,location,name,race_creator,winner_id,id) values (?,?,?,?,?,?,?,default)
Hibernate: update rider set birth_day=?,country_code=?,first_name=?,gear_description=?,last_name=?,fk_team=?,wins=? where id=?
Hibernate: update race set count_of_viewers=?,country_code=?,date=?,location=?,name=?,race_creator=?,winner_id=? where id=?
Hibernate: insert into rider_program (rider_id,race_id) values (?,?)
Hibernate: update race set calendar_id=? where id=?
Hibernate: insert into riders_in_race (race_id,rider_id) values (?,?)
Hibernate: select r1_0.id,r1_0.birth_day,r1_0.country_code,r1_0.first_name,r1_0.gear_description,r1_0.last_name,r1_0.fk_team,r1_0.wins from rider r1_0 where r1_0.first_name=? and r1_0.last_name=?
Hibernate: select t1_0.id,t1_0.head_sponsor,t1_0.name,m1_0.fk_team,m1_0.id,m1_0.birth_day,m1_0.country_code,m1_0.first_name,m1_0.gear_description,m1_0.last_name,m1_0.wins from team t1_0 left join rider m1_0 on t1_0.id=m1_0.fk_team where t1_0.id=?
Hibernate: select r1_0.id,r1_0.birth_day,r1_0.country_code,r1_0.first_name,r1_0.gear_description,r1_0.last_name,r1_0.fk_team,t1_0.id,t1_0.head_sponsor,t1_0.name,r1_0.wins,p1_0.rider_id,p1_1.id,p1_1.count_of_viewers,p1_1.country_code,p1_1.date,p1_1.location,p1_1.name,p1_1.race_creator,w1_0.id,w1_0.birth_day,w1_0.country_code,w1_0.first_name,w1_0.gear_description,w1_0.last_name,w1_0.fk_team,t2_0.id,t2_0.head_sponsor,t2_0.name,w1_0.wins from rider r1_0 join team t1_0 on t1_0.id=r1_0.fk_team left join (rider_program p1_0 join race p1_1 on p1_1.id=p1_0.race_id) on r1_0.id=p1_0.rider_id left join rider w1_0 on w1_0.id=p1_1.winner_id left join team t2_0 on t2_0.id=w1_0.fk_team where r1_0.id=?
Hibernate: select r1_0.id,r1_0.count_of_viewers,r1_0.country_code,r1_0.date,r1_0.location,r1_0.name,r1_0.race_creator,w1_0.id,w1_0.birth_day,w1_0.country_code,w1_0.first_name,w1_0.gear_description,w1_0.last_name,w1_0.fk_team,t1_0.id,t1_0.head_sponsor,t1_0.name,w1_0.wins,p1_0.rider_id,p1_1.id,p1_1.count_of_viewers,p1_1.country_code,p1_1.date,p1_1.location,p1_1.name,p1_1.race_creator from race r1_0 left join rider w1_0 on w1_0.id=r1_0.winner_id left join team t1_0 on t1_0.id=w1_0.fk_team left join (rider_program p1_0 join race p1_1 on p1_1.id=p1_0.race_id) on w1_0.id=p1_0.rider_id where r1_0.id=?
Hibernate: insert into calendar (end_year,start_year,id) values (?,?,?)
Hibernate: insert into team (head_sponsor,name,id) values (?,?,?)
Hibernate: insert into rider (birth_day,country_code,first_name,gear_description,last_name,fk_team,wins,id) values (?,?,?,?,?,?,?,?)
Hibernate: insert into race (count_of_viewers,country_code,date,location,name,race_creator,winner_id,id) values (?,?,?,?,?,?,?,default)
Hibernate: update rider set birth_day=?,country_code=?,first_name=?,gear_description=?,last_name=?,fk_team=?,wins=? where id=?
Hibernate: update race set count_of_viewers=?,country_code=?,date=?,location=?,name=?,race_creator=?,winner_id=? where id=?
Hibernate: insert into rider_program (rider_id,race_id) values (?,?)
Hibernate: update race set calendar_id=? where id=?
Hibernate: insert into riders_in_race (race_id,rider_id) values (?,?)
Hibernate: select r1_0.id,r1_0.birth_day,r1_0.country_code,r1_0.first_name,r1_0.gear_description,r1_0.last_name,r1_0.fk_team,r1_0.wins from rider r1_0 where r1_0.first_name=? and r1_0.last_name=?
Hibernate: select t1_0.id,t1_0.head_sponsor,t1_0.name,m1_0.fk_team,m1_0.id,m1_0.birth_day,m1_0.country_code,m1_0.first_name,m1_0.gear_description,m1_0.last_name,m1_0.wins from team t1_0 left join rider m1_0 on t1_0.id=m1_0.fk_team where t1_0.id=?
Hibernate: select r1_0.id,r1_0.birth_day,r1_0.country_code,r1_0.first_name,r1_0.gear_description,r1_0.last_name,r1_0.fk_team,t1_0.id,t1_0.head_sponsor,t1_0.name,r1_0.wins,p1_0.rider_id,p1_1.id,p1_1.count_of_viewers,p1_1.country_code,p1_1.date,p1_1.location,p1_1.name,p1_1.race_creator,w1_0.id,w1_0.birth_day,w1_0.country_code,w1_0.first_name,w1_0.gear_description,w1_0.last_name,w1_0.fk_team,t2_0.id,t2_0.head_sponsor,t2_0.name,w1_0.wins from rider r1_0 join team t1_0 on t1_0.id=r1_0.fk_team left join (rider_program p1_0 join race p1_1 on p1_1.id=p1_0.race_id) on r1_0.id=p1_0.rider_id left join rider w1_0 on w1_0.id=p1_1.winner_id left join team t2_0 on t2_0.id=w1_0.fk_team where r1_0.id=?
Hibernate: select r1_0.id,r1_0.count_of_viewers,r1_0.country_code,r1_0.date,r1_0.location,r1_0.name,r1_0.race_creator,w1_0.id,w1_0.birth_day,w1_0.country_code,w1_0.first_name,w1_0.gear_description,w1_0.last_name,w1_0.fk_team,t1_0.id,t1_0.head_sponsor,t1_0.name,w1_0.wins,p1_0.rider_id,p1_1.id,p1_1.count_of_viewers,p1_1.country_code,p1_1.date,p1_1.location,p1_1.name,p1_1.race_creator from race r1_0 left join rider w1_0 on w1_0.id=r1_0.winner_id left join team t1_0 on t1_0.id=w1_0.fk_team left join (rider_program p1_0 join race p1_1 on p1_1.id=p1_0.race_id) on w1_0.id=p1_0.rider_id where r1_0.id=?
Hibernate: insert into calendar (end_year,start_year,id) values (?,?,?)
Hibernate: insert into team (head_sponsor,name,id) values (?,?,?)
Hibernate: insert into rider (birth_day,country_code,first_name,gear_description,last_name,fk_team,wins,id) values (?,?,?,?,?,?,?,?)
Hibernate: insert into race (count_of_viewers,country_code,date,location,name,race_creator,winner_id,id) values (?,?,?,?,?,?,?,default)
Hibernate: update rider set birth_day=?,country_code=?,first_name=?,gear_description=?,last_name=?,fk_team=?,wins=? where id=?
Hibernate: update race set count_of_viewers=?,country_code=?,date=?,location=?,name=?,race_creator=?,winner_id=? where id=?
Hibernate: insert into rider_program (rider_id,race_id) values (?,?)
Hibernate: update race set calendar_id=? where id=?
Hibernate: insert into riders_in_race (race_id,rider_id) values (?,?)
Hibernate: select r1_0.id,r1_0.birth_day,r1_0.country_code,r1_0.first_name,r1_0.gear_description,r1_0.last_name,r1_0.fk_team,r1_0.wins from rider r1_0 where r1_0.first_name=? and r1_0.last_name=?
Hibernate: select t1_0.id,t1_0.head_sponsor,t1_0.name,m1_0.fk_team,m1_0.id,m1_0.birth_day,m1_0.country_code,m1_0.first_name,m1_0.gear_description,m1_0.last_name,m1_0.wins from team t1_0 left join rider m1_0 on t1_0.id=m1_0.fk_team where t1_0.id=?
Hibernate: select r1_0.id,r1_0.birth_day,r1_0.country_code,r1_0.first_name,r1_0.gear_description,r1_0.last_name,r1_0.fk_team,t1_0.id,t1_0.head_sponsor,t1_0.name,r1_0.wins,p1_0.rider_id,p1_1.id,p1_1.count_of_viewers,p1_1.country_code,p1_1.date,p1_1.location,p1_1.name,p1_1.race_creator,w1_0.id,w1_0.birth_day,w1_0.country_code,w1_0.first_name,w1_0.gear_description,w1_0.last_name,w1_0.fk_team,t2_0.id,t2_0.head_sponsor,t2_0.name,w1_0.wins from rider r1_0 join team t1_0 on t1_0.id=r1_0.fk_team left join (rider_program p1_0 join race p1_1 on p1_1.id=p1_0.race_id) on r1_0.id=p1_0.rider_id left join rider w1_0 on w1_0.id=p1_1.winner_id left join team t2_0 on t2_0.id=w1_0.fk_team where r1_0.id=?
Hibernate: select r1_0.id,r1_0.count_of_viewers,r1_0.country_code,r1_0.date,r1_0.location,r1_0.name,r1_0.race_creator,w1_0.id,w1_0.birth_day,w1_0.country_code,w1_0.first_name,w1_0.gear_description,w1_0.last_name,w1_0.fk_team,t1_0.id,t1_0.head_sponsor,t1_0.name,w1_0.wins,p1_0.rider_id,p1_1.id,p1_1.count_of_viewers,p1_1.country_code,p1_1.date,p1_1.location,p1_1.name,p1_1.race_creator from race r1_0 left join rider w1_0 on w1_0.id=r1_0.winner_id left join team t1_0 on t1_0.id=w1_0.fk_team left join (rider_program p1_0 join race p1_1 on p1_1.id=p1_0.race_id) on w1_0.id=p1_0.rider_id where r1_0.id=?
Hibernate: insert into calendar (end_year,start_year,id) values (?,?,?)
Hibernate: insert into team (head_sponsor,name,id) values (?,?,?)
Hibernate: insert into rider (birth_day,country_code,first_name,gear_description,last_name,fk_team,wins,id) values (?,?,?,?,?,?,?,?)
Hibernate: insert into race (count_of_viewers,country_code,date,location,name,race_creator,winner_id,id) values (?,?,?,?,?,?,?,default)
Hibernate: update rider set birth_day=?,country_code=?,first_name=?,gear_description=?,last_name=?,fk_team=?,wins=? where id=?
Hibernate: update race set count_of_viewers=?,country_code=?,date=?,location=?,name=?,race_creator=?,winner_id=? where id=?
Hibernate: insert into rider_program (rider_id,race_id) values (?,?)
Hibernate: update race set calendar_id=? where id=?
Hibernate: insert into riders_in_race (race_id,rider_id) values (?,?)
Hibernate: select r1_0.id,r1_0.birth_day,r1_0.country_code,r1_0.first_name,r1_0.gear_description,r1_0.last_name,r1_0.fk_team,r1_0.wins from rider r1_0 where r1_0.first_name=? and r1_0.last_name=?
Hibernate: select t1_0.id,t1_0.head_sponsor,t1_0.name,m1_0.fk_team,m1_0.id,m1_0.birth_day,m1_0.country_code,m1_0.first_name,m1_0.gear_description,m1_0.last_name,m1_0.wins from team t1_0 left join rider m1_0 on t1_0.id=m1_0.fk_team where t1_0.id=?
Hibernate: select r1_0.id,r1_0.birth_day,r1_0.country_code,r1_0.first_name,r1_0.gear_description,r1_0.last_name,r1_0.fk_team,t1_0.id,t1_0.head_sponsor,t1_0.name,r1_0.wins,p1_0.rider_id,p1_1.id,p1_1.count_of_viewers,p1_1.country_code,p1_1.date,p1_1.location,p1_1.name,p1_1.race_creator,w1_0.id,w1_0.birth_day,w1_0.country_code,w1_0.first_name,w1_0.gear_description,w1_0.last_name,w1_0.fk_team,t2_0.id,t2_0.head_sponsor,t2_0.name,w1_0.wins from rider r1_0 join team t1_0 on t1_0.id=r1_0.fk_team left join (rider_program p1_0 join race p1_1 on p1_1.id=p1_0.race_id) on r1_0.id=p1_0.rider_id left join rider w1_0 on w1_0.id=p1_1.winner_id left join team t2_0 on t2_0.id=w1_0.fk_team where r1_0.id=?
Hibernate: select r1_0.id,r1_0.count_of_viewers,r1_0.country_code,r1_0.date,r1_0.location,r1_0.name,r1_0.race_creator,w1_0.id,w1_0.birth_day,w1_0.country_code,w1_0.first_name,w1_0.gear_description,w1_0.last_name,w1_0.fk_team,t1_0.id,t1_0.head_sponsor,t1_0.name,w1_0.wins,p1_0.rider_id,p1_1.id,p1_1.count_of_viewers,p1_1.country_code,p1_1.date,p1_1.location,p1_1.name,p1_1.race_creator from race r1_0 left join rider w1_0 on w1_0.id=r1_0.winner_id left join team t1_0 on t1_0.id=w1_0.fk_team left join (rider_program p1_0 join race p1_1 on p1_1.id=p1_0.race_id) on w1_0.id=p1_0.rider_id where r1_0.id=?
Hibernate: insert into calendar (end_year,start_year,id) values (?,?,?)
Hibernate: insert into team (head_sponsor,name,id) values (?,?,?)
Hibernate: insert into rider (birth_day,country_code,first_name,gear_description,last_name,fk_team,wins,id) values (?,?,?,?,?,?,?,?)
Hibernate: insert into race (count_of_viewers,country_code,date,location,name,race_creator,winner_id,id) values (?,?,?,?,?,?,?,default)
Hibernate: update rider set birth_day=?,country_code=?,first_name=?,gear_description=?,last_name=?,fk_team=?,wins=? where id=?
Hibernate: update race set count_of_viewers=?,country_code=?,date=?,location=?,name=?,race_creator=?,winner_id=? where id=?
Hibernate: insert into rider_program (rider_id,race_id) values (?,?)
Hibernate: update race set calendar_id=? where id=?
Hibernate: insert into riders_in_race (race_id,rider_id) values (?,?)
Hibernate: select r1_0.id,r1_0.birth_day,r1_0.country_code,r1_0.first_name,r1_0.gear_description,r1_0.last_name,r1_0.fk_team,r1_0.wins from rider r1_0 where r1_0.first_name=? and r1_0.last_name=?
Hibernate: select t1_0.id,t1_0.head_sponsor,t1_0.name,m1_0.fk_team,m1_0.id,m1_0.birth_day,m1_0.country_code,m1_0.first_name,m1_0.gear_description,m1_0.last_name,m1_0.wins from team t1_0 left join rider m1_0 on t1_0.id=m1_0.fk_team where t1_0.id=?
Hibernate: select r1_0.id,r1_0.birth_day,r1_0.country_code,r1_0.first_name,r1_0.gear_description,r1_0.last_name,r1_0.fk_team,t1_0.id,t1_0.head_sponsor,t1_0.name,r1_0.wins,p1_0.rider_id,p1_1.id,p1_1.count_of_viewers,p1_1.country_code,p1_1.date,p1_1.location,p1_1.name,p1_1.race_creator,w1_0.id,w1_0.birth_day,w1_0.country_code,w1_0.first_name,w1_0.gear_description,w1_0.last_name,w1_0.fk_team,t2_0.id,t2_0.head_sponsor,t2_0.name,w1_0.wins from rider r1_0 join team t1_0 on t1_0.id=r1_0.fk_team left join (rider_program p1_0 join race p1_1 on p1_1.id=p1_0.race_id) on r1_0.id=p1_0.rider_id left join rider w1_0 on w1_0.id=p1_1.winner_id left join team t2_0 on t2_0.id=w1_0.fk_team where r1_0.id=?
Hibernate: select r1_0.id,r1_0.count_of_viewers,r1_0.country_code,r1_0.date,r1_0.location,r1_0.name,r1_0.race_creator,w1_0.id,w1_0.birth_day,w1_0.country_code,w1_0.first_name,w1_0.gear_description,w1_0.last_name,w1_0.fk_team,t1_0.id,t1_0.head_sponsor,t1_0.name,w1_0.wins,p1_0.rider_id,p1_1.id,p1_1.count_of_viewers,p1_1.country_code,p1_1.date,p1_1.location,p1_1.name,p1_1.race_creator from race r1_0 left join rider w1_0 on w1_0.id=r1_0.winner_id left join team t1_0 on t1_0.id=w1_0.fk_team left join (rider_program p1_0 join race p1_1 on p1_1.id=p1_0.race_id) on w1_0.id=p1_0.rider_id where r1_0.id=?
Hibernate: insert into calendar (end_year,start_year,id) values (?,?,?)
Hibernate: insert into team (head_sponsor,name,id) values (?,?,?)
Hibernate: insert into rider (birth_day,country_code,first_name,gear_description,last_name,fk_team,wins,id) values (?,?,?,?,?,?,?,?)
Hibernate: insert into race (count_of_viewers,country_code,date,location,name,race_creator,winner_id,id) values (?,?,?,?,?,?,?,default)
Hibernate: update rider set birth_day=?,country_code=?,first_name=?,gear_description=?,last_name=?,fk_team=?,wins=? where id=?
Hibernate: update race set count_of_viewers=?,country_code=?,date=?,location=?,name=?,race_creator=?,winner_id=? where id=?
Hibernate: insert into rider_program (rider_id,race_id) values (?,?)
Hibernate: update race set calendar_id=? where id=?
Hibernate: insert into riders_in_race (race_id,rider_id) values (?,?)
Hibernate: select r1_0.id,r1_0.birth_day,r1_0.country_code,r1_0.first_name,r1_0.gear_description,r1_0.last_name,r1_0.fk_team,r1_0.wins from rider r1_0 where r1_0.first_name=? and r1_0.last_name=?
Hibernate: select t1_0.id,t1_0.head_sponsor,t1_0.name,m1_0.fk_team,m1_0.id,m1_0.birth_day,m1_0.country_code,m1_0.first_name,m1_0.gear_description,m1_0.last_name,m1_0.wins from team t1_0 left join rider m1_0 on t1_0.id=m1_0.fk_team where t1_0.id=?
Hibernate: select r1_0.id,r1_0.birth_day,r1_0.country_code,r1_0.first_name,r1_0.gear_description,r1_0.last_name,r1_0.fk_team,t1_0.id,t1_0.head_sponsor,t1_0.name,r1_0.wins,p1_0.rider_id,p1_1.id,p1_1.count_of_viewers,p1_1.country_code,p1_1.date,p1_1.location,p1_1.name,p1_1.race_creator,w1_0.id,w1_0.birth_day,w1_0.country_code,w1_0.first_name,w1_0.gear_description,w1_0.last_name,w1_0.fk_team,t2_0.id,t2_0.head_sponsor,t2_0.name,w1_0.wins from rider r1_0 join team t1_0 on t1_0.id=r1_0.fk_team left join (rider_program p1_0 join race p1_1 on p1_1.id=p1_0.race_id) on r1_0.id=p1_0.rider_id left join rider w1_0 on w1_0.id=p1_1.winner_id left join team t2_0 on t2_0.id=w1_0.fk_team where r1_0.id=?
Hibernate: select r1_0.id,r1_0.count_of_viewers,r1_0.country_code,r1_0.date,r1_0.location,r1_0.name,r1_0.race_creator,w1_0.id,w1_0.birth_day,w1_0.country_code,w1_0.first_name,w1_0.gear_description,w1_0.last_name,w1_0.fk_team,t1_0.id,t1_0.head_sponsor,t1_0.name,w1_0.wins,p1_0.rider_id,p1_1.id,p1_1.count_of_viewers,p1_1.country_code,p1_1.date,p1_1.location,p1_1.name,p1_1.race_creator from race r1_0 left join rider w1_0 on w1_0.id=r1_0.winner_id left join team t1_0 on t1_0.id=w1_0.fk_team left join (rider_program p1_0 join race p1_1 on p1_1.id=p1_0.race_id) on w1_0.id=p1_0.rider_id where r1_0.id=?
Hibernate: insert into calendar (end_year,start_year,id) values (?,?,?)
Hibernate: insert into team (head_sponsor,name,id) values (?,?,?)
Hibernate: insert into rider (birth_day,country_code,first_name,gear_description,last_name,fk_team,wins,id) values (?,?,?,?,?,?,?,?)
Hibernate: insert into race (count_of_viewers,country_code,date,location,name,race_creator,winner_id,id) values (?,?,?,?,?,?,?,default)
Hibernate: update rider set birth_day=?,country_code=?,first_name=?,gear_description=?,last_name=?,fk_team=?,wins=? where id=?
Hibernate: update race set count_of_viewers=?,country_code=?,date=?,location=?,name=?,race_creator=?,winner_id=? where id=?
Hibernate: insert into rider_program (rider_id,race_id) values (?,?)
Hibernate: update race set calendar_id=? where id=?
Hibernate: insert into riders_in_race (race_id,rider_id) values (?,?)
Hibernate: select r1_0.id,r1_0.birth_day,r1_0.country_code,r1_0.first_name,r1_0.gear_description,r1_0.last_name,r1_0.fk_team,r1_0.wins from rider r1_0 where r1_0.first_name=? and r1_0.last_name=?
Hibernate: select t1_0.id,t1_0.head_sponsor,t1_0.name,m1_0.fk_team,m1_0.id,m1_0.birth_day,m1_0.country_code,m1_0.first_name,m1_0.gear_description,m1_0.last_name,m1_0.wins from team t1_0 left join rider m1_0 on t1_0.id=m1_0.fk_team where t1_0.id=?
Hibernate: select r1_0.id,r1_0.birth_day,r1_0.country_code,r1_0.first_name,r1_0.gear_description,r1_0.last_name,r1_0.fk_team,t1_0.id,t1_0.head_sponsor,t1_0.name,r1_0.wins,p1_0.rider_id,p1_1.id,p1_1.count_of_viewers,p1_1.country_code,p1_1.date,p1_1.location,p1_1.name,p1_1.race_creator,w1_0.id,w1_0.birth_day,w1_0.country_code,w1_0.first_name,w1_0.gear_description,w1_0.last_name,w1_0.fk_team,t2_0.id,t2_0.head_sponsor,t2_0.name,w1_0.wins from rider r1_0 join team t1_0 on t1_0.id=r1_0.fk_team left join (rider_program p1_0 join race p1_1 on p1_1.id=p1_0.race_id) on r1_0.id=p1_0.rider_id left join rider w1_0 on w1_0.id=p1_1.winner_id left join team t2_0 on t2_0.id=w1_0.fk_team where r1_0.id=?
Hibernate: select r1_0.id,r1_0.count_of_viewers,r1_0.country_code,r1_0.date,r1_0.location,r1_0.name,r1_0.race_creator,w1_0.id,w1_0.birth_day,w1_0.country_code,w1_0.first_name,w1_0.gear_description,w1_0.last_name,w1_0.fk_team,t1_0.id,t1_0.head_sponsor,t1_0.name,w1_0.wins,p1_0.rider_id,p1_1.id,p1_1.count_of_viewers,p1_1.country_code,p1_1.date,p1_1.location,p1_1.name,p1_1.race_creator from race r1_0 left join rider w1_0 on w1_0.id=r1_0.winner_id left join team t1_0 on t1_0.id=w1_0.fk_team left join (rider_program p1_0 join race p1_1 on p1_1.id=p1_0.race_id) on w1_0.id=p1_0.rider_id where r1_0.id=?
Hibernate: insert into calendar (end_year,start_year,id) values (?,?,?)
Hibernate: insert into team (head_sponsor,name,id) values (?,?,?)
Hibernate: insert into rider (birth_day,country_code,first_name,gear_description,last_name,fk_team,wins,id) values (?,?,?,?,?,?,?,?)
Hibernate: insert into race (count_of_viewers,country_code,date,location,name,race_creator,winner_id,id) values (?,?,?,?,?,?,?,default)
Hibernate: update rider set birth_day=?,country_code=?,first_name=?,gear_description=?,last_name=?,fk_team=?,wins=? where id=?
Hibernate: update race set count_of_viewers=?,country_code=?,date=?,location=?,name=?,race_creator=?,winner_id=? where id=?
Hibernate: insert into rider_program (rider_id,race_id) values (?,?)
Hibernate: update race set calendar_id=? where id=?
Hibernate: insert into riders_in_race (race_id,rider_id) values (?,?)
Hibernate: select r1_0.id,r1_0.birth_day,r1_0.country_code,r1_0.first_name,r1_0.gear_description,r1_0.last_name,r1_0.fk_team,r1_0.wins from rider r1_0 where r1_0.first_name=? and r1_0.last_name=?
Hibernate: select t1_0.id,t1_0.head_sponsor,t1_0.name,m1_0.fk_team,m1_0.id,m1_0.birth_day,m1_0.country_code,m1_0.first_name,m1_0.gear_description,m1_0.last_name,m1_0.wins from team t1_0 left join rider m1_0 on t1_0.id=m1_0.fk_team where t1_0.id=?
Hibernate: select r1_0.id,r1_0.birth_day,r1_0.country_code,r1_0.first_name,r1_0.gear_description,r1_0.last_name,r1_0.fk_team,t1_0.id,t1_0.head_sponsor,t1_0.name,r1_0.wins,p1_0.rider_id,p1_1.id,p1_1.count_of_viewers,p1_1.country_code,p1_1.date,p1_1.location,p1_1.name,p1_1.race_creator,w1_0.id,w1_0.birth_day,w1_0.country_code,w1_0.first_name,w1_0.gear_description,w1_0.last_name,w1_0.fk_team,t2_0.id,t2_0.head_sponsor,t2_0.name,w1_0.wins from rider r1_0 join team t1_0 on t1_0.id=r1_0.fk_team left join (rider_program p1_0 join race p1_1 on p1_1.id=p1_0.race_id) on r1_0.id=p1_0.rider_id left join rider w1_0 on w1_0.id=p1_1.winner_id left join team t2_0 on t2_0.id=w1_0.fk_team where r1_0.id=?
Hibernate: select r1_0.id,r1_0.count_of_viewers,r1_0.country_code,r1_0.date,r1_0.location,r1_0.name,r1_0.race_creator,w1_0.id,w1_0.birth_day,w1_0.country_code,w1_0.first_name,w1_0.gear_description,w1_0.last_name,w1_0.fk_team,t1_0.id,t1_0.head_sponsor,t1_0.name,w1_0.wins,p1_0.rider_id,p1_1.id,p1_1.count_of_viewers,p1_1.country_code,p1_1.date,p1_1.location,p1_1.name,p1_1.race_creator from race r1_0 left join rider w1_0 on w1_0.id=r1_0.winner_id left join team t1_0 on t1_0.id=w1_0.fk_team left join (rider_program p1_0 join race p1_1 on p1_1.id=p1_0.race_id) on w1_0.id=p1_0.rider_id where r1_0.id=?
Hibernate: insert into calendar (end_year,start_year,id) values (?,?,?)
Hibernate: insert into team (head_sponsor,name,id) values (?,?,?)
Hibernate: insert into rider (birth_day,country_code,first_name,gear_description,last_name,fk_team,wins,id) values (?,?,?,?,?,?,?,?)
Hibernate: insert into race (count_of_viewers,country_code,date,location,name,race_creator,winner_id,id) values (?,?,?,?,?,?,?,default)
Hibernate: update rider set birth_day=?,country_code=?,first_name=?,gear_description=?,last_name=?,fk_team=?,wins=? where id=?
Hibernate: update race set count_of_viewers=?,country_code=?,date=?,location=?,name=?,race_creator=?,winner_id=? where id=?
Hibernate: insert into rider_program (rider_id,race_id) values (?,?)
Hibernate: update race set calendar_id=? where id=?
Hibernate: insert into riders_in_race (race_id,rider_id) values (?,?)
Hibernate: select r1_0.id,r1_0.birth_day,r1_0.country_code,r1_0.first_name,r1_0.gear_description,r1_0.last_name,r1_0.fk_team,r1_0.wins from rider r1_0 where r1_0.first_name=? and r1_0.last_name=?
Hibernate: select t1_0.id,t1_0.head_sponsor,t1_0.name,m1_0.fk_team,m1_0.id,m1_0.birth_day,m1_0.country_code,m1_0.first_name,m1_0.gear_description,m1_0.last_name,m1_0.wins from team t1_0 left join rider m1_0 on t1_0.id=m1_0.fk_team where t1_0.id=?
Hibernate: select r1_0.id,r1_0.birth_day,r1_0.country_code,r1_0.first_name,r1_0.gear_description,r1_0.last_name,r1_0.fk_team,t1_0.id,t1_0.head_sponsor,t1_0.name,r1_0.wins,p1_0.rider_id,p1_1.id,p1_1.count_of_viewers,p1_1.country_code,p1_1.date,p1_1.location,p1_1.name,p1_1.race_creator,w1_0.id,w1_0.birth_day,w1_0.country_code,w1_0.first_name,w1_0.gear_description,w1_0.last_name,w1_0.fk_team,t2_0.id,t2_0.head_sponsor,t2_0.name,w1_0.wins from rider r1_0 join team t1_0 on t1_0.id=r1_0.fk_team left join (rider_program p1_0 join race p1_1 on p1_1.id=p1_0.race_id) on r1_0.id=p1_0.rider_id left join rider w1_0 on w1_0.id=p1_1.winner_id left join team t2_0 on t2_0.id=w1_0.fk_team where r1_0.id=?
Hibernate: select r1_0.id,r1_0.count_of_viewers,r1_0.country_code,r1_0.date,r1_0.location,r1_0.name,r1_0.race_creator,w1_0.id,w1_0.birth_day,w1_0.country_code,w1_0.first_name,w1_0.gear_description,w1_0.last_name,w1_0.fk_team,t1_0.id,t1_0.head_sponsor,t1_0.name,w1_0.wins,p1_0.rider_id,p1_1.id,p1_1.count_of_viewers,p1_1.country_code,p1_1.date,p1_1.location,p1_1.name,p1_1.race_creator from race r1_0 left join rider w1_0 on w1_0.id=r1_0.winner_id left join team t1_0 on t1_0.id=w1_0.fk_team left join (rider_program p1_0 join race p1_1 on p1_1.id=p1_0.race_id) on w1_0.id=p1_0.rider_id where r1_0.id=?
Hibernate: insert into calendar (end_year,start_year,id) values (?,?,?)
Hibernate: insert into team (head_sponsor,name,id) values (?,?,?)
Hibernate: insert into rider (birth_day,country_code,first_name,gear_description,last_name,fk_team,wins,id) values (?,?,?,?,?,?,?,?)
Hibernate: insert into race (count_of_viewers,country_code,date,location,name,race_creator,winner_id,id) values (?,?,?,?,?,?,?,default)
Hibernate: update rider set birth_day=?,country_code=?,first_name=?,gear_description=?,last_name=?,fk_team=?,wins=? where id=?
Hibernate: update race set count_of_viewers=?,country_code=?,date=?,location=?,name=?,race_creator=?,winner_id=? where id=?
Hibernate: insert into rider_program (rider_id,race_id) values (?,?)
Hibernate: update race set calendar_id=? where id=?
Hibernate: insert into riders_in_race (race_id,rider_id) values (?,?)
Hibernate: select r1_0.id,r1_0.birth_day,r1_0.country_code,r1_0.first_name,r1_0.gear_description,r1_0.last_name,r1_0.fk_team,r1_0.wins from rider r1_0 where r1_0.first_name=? and r1_0.last_name=?
Hibernate: select t1_0.id,t1_0.head_sponsor,t1_0.name,m1_0.fk_team,m1_0.id,m1_0.birth_day,m1_0.country_code,m1_0.first_name,m1_0.gear_description,m1_0.last_name,m1_0.wins from team t1_0 left join rider m1_0 on t1_0.id=m1_0.fk_team where t1_0.id=?
Hibernate: select r1_0.id,r1_0.birth_day,r1_0.country_code,r1_0.first_name,r1_0.gear_description,r1_0.last_name,r1_0.fk_team,t1_0.id,t1_0.head_sponsor,t1_0.name,r1_0.wins,p1_0.rider_id,p1_1.id,p1_1.count_of_viewers,p1_1.country_code,p1_1.date,p1_1.location,p1_1.name,p1_1.race_creator,w1_0.id,w1_0.birth_day,w1_0.country_code,w1_0.first_name,w1_0.gear_description,w1_0.last_name,w1_0.fk_team,t2_0.id,t2_0.head_sponsor,t2_0.name,w1_0.wins from rider r1_0 join team t1_0 on t1_0.id=r1_0.fk_team left join (rider_program p1_0 join race p1_1 on p1_1.id=p1_0.race_id) on r1_0.id=p1_0.rider_id left join rider w1_0 on w1_0.id=p1_1.winner_id left join team t2_0 on t2_0.id=w1_0.fk_team where r1_0.id=?
Hibernate: select r1_0.id,r1_0.count_of_viewers,r1_0.country_code,r1_0.date,r1_0.location,r1_0.name,r1_0.race_creator,w1_0.id,w1_0.birth_day,w1_0.country_code,w1_0.first_name,w1_0.gear_description,w1_0.last_name,w1_0.fk_team,t1_0.id,t1_0.head_sponsor,t1_0.name,w1_0.wins,p1_0.rider_id,p1_1.id,p1_1.count_of_viewers,p1_1.country_code,p1_1.date,p1_1.location,p1_1.name,p1_1.race_creator from race r1_0 left join rider w1_0 on w1_0.id=r1_0.winner_id left join team t1_0 on t1_0.id=w1_0.fk_team left join (rider_program p1_0 join race p1_1 on p1_1.id=p1_0.race_id) on w1_0.id=p1_0.rider_id where r1_0.id=?
Hibernate: insert into calendar (end_year,start_year,id) values (?,?,?)
Hibernate: insert into team (head_sponsor,name,id) values (?,?,?)
Hibernate: insert into rider (birth_day,country_code,first_name,gear_description,last_name,fk_team,wins,id) values (?,?,?,?,?,?,?,?)
Hibernate: insert into race (count_of_viewers,country_code,date,location,name,race_creator,winner_id,id) values (?,?,?,?,?,?,?,default)
Hibernate: update rider set birth_day=?,country_code=?,first_name=?,gear_description=?,last_name=?,fk_team=?,wins=? where id=?
Hibernate: update race set count_of_viewers=?,country_code=?,date=?,location=?,name=?,race_creator=?,winner_id=? where id=?
Hibernate: insert into rider_program (rider_id,race_id) values (?,?)
Hibernate: update race set calendar_id=? where id=?
Hibernate: insert into riders_in_race (race_id,rider_id) values (?,?)
Hibernate: select r1_0.id,r1_0.birth_day,r1_0.country_code,r1_0.first_name,r1_0.gear_description,r1_0.last_name,r1_0.fk_team,r1_0.wins from rider r1_0 where r1_0.first_name=? and r1_0.last_name=?
Hibernate: select t1_0.id,t1_0.head_sponsor,t1_0.name,m1_0.fk_team,m1_0.id,m1_0.birth_day,m1_0.country_code,m1_0.first_name,m1_0.gear_description,m1_0.last_name,m1_0.wins from team t1_0 left join rider m1_0 on t1_0.id=m1_0.fk_team where t1_0.id=?
Hibernate: select r1_0.id,r1_0.birth_day,r1_0.country_code,r1_0.first_name,r1_0.gear_description,r1_0.last_name,r1_0.fk_team,t1_0.id,t1_0.head_sponsor,t1_0.name,r1_0.wins,p1_0.rider_id,p1_1.id,p1_1.count_of_viewers,p1_1.country_code,p1_1.date,p1_1.location,p1_1.name,p1_1.race_creator,w1_0.id,w1_0.birth_day,w1_0.country_code,w1_0.first_name,w1_0.gear_description,w1_0.last_name,w1_0.fk_team,t2_0.id,t2_0.head_sponsor,t2_0.name,w1_0.wins from rider r1_0 join team t1_0 on t1_0.id=r1_0.fk_team left join (rider_program p1_0 join race p1_1 on p1_1.id=p1_0.race_id) on r1_0.id=p1_0.rider_id left join rider w1_0 on w1_0.id=p1_1.winner_id left join team t2_0 on t2_0.id=w1_0.fk_team where r1_0.id=?
Hibernate: select r1_0.id,r1_0.count_of_viewers,r1_0.country_code,r1_0.date,r1_0.location,r1_0.name,r1_0.race_creator,w1_0.id,w1_0.birth_day,w1_0.country_code,w1_0.first_name,w1_0.gear_description,w1_0.last_name,w1_0.fk_team,t1_0.id,t1_0.head_sponsor,t1_0.name,w1_0.wins,p1_0.rider_id,p1_1.id,p1_1.count_of_viewers,p1_1.country_code,p1_1.date,p1_1.location,p1_1.name,p1_1.race_creator from race r1_0 left join rider w1_0 on w1_0.id=r1_0.winner_id left join team t1_0 on t1_0.id=w1_0.fk_team left join (rider_program p1_0 join race p1_1 on p1_1.id=p1_0.race_id) on w1_0.id=p1_0.rider_id where r1_0.id=?
Hibernate: insert into calendar (end_year,start_year,id) values (?,?,?)
Hibernate: insert into team (head_sponsor,name,id) values (?,?,?)
Hibernate: insert into rider (birth_day,country_code,first_name,gear_description,last_name,fk_team,wins,id) values (?,?,?,?,?,?,?,?)
Hibernate: insert into race (count_of_viewers,country_code,date,location,name,race_creator,winner_id,id) values (?,?,?,?,?,?,?,default)
Hibernate: update rider set birth_day=?,country_code=?,first_name=?,gear_description=?,last_name=?,fk_team=?,wins=? where id=?
Hibernate: update race set count_of_viewers=?,country_code=?,date=?,location=?,name=?,race_creator=?,winner_id=? where id=?
Hibernate: insert into rider_program (rider_id,race_id) values (?,?)
Hibernate: update race set calendar_id=? where id=?
Hibernate: insert into riders_in_race (race_id,rider_id) values (?,?)
Hibernate: select r1_0.id,r1_0.birth_day,r1_0.country_code,r1_0.first_name,r1_0.gear_description,r1_0.last_name,r1_0.fk_team,r1_0.wins from rider r1_0 where r1_0.first_name=? and r1_0.last_name=?
Hibernate: select t1_0.id,t1_0.head_sponsor,t1_0.name,m1_0.fk_team,m1_0.id,m1_0.birth_day,m1_0.country_code,m1_0.first_name,m1_0.gear_description,m1_0.last_name,m1_0.wins from team t1_0 left join rider m1_0 on t1_0.id=m1_0.fk_team where t1_0.id=?
Hibernate: select r1_0.id,r1_0.birth_day,r1_0.country_code,r1_0.first_name,r1_0.gear_description,r1_0.last_name,r1_0.fk_team,t1_0.id,t1_0.head_sponsor,t1_0.name,r1_0.wins,p1_0.rider_id,p1_1.id,p1_1.count_of_viewers,p1_1.country_code,p1_1.date,p1_1.location,p1_1.name,p1_1.race_creator,w1_0.id,w1_0.birth_day,w1_0.country_code,w1_0.first_name,w1_0.gear_description,w1_0.last_name,w1_0.fk_team,t2_0.id,t2_0.head_sponsor,t2_0.name,w1_0.wins from rider r1_0 join team t1_0 on t1_0.id=r1_0.fk_team left join (rider_program p1_0 join race p1_1 on p1_1.id=p1_0.race_id) on r1_0.id=p1_0.rider_id left join rider w1_0 on w1_0.id=p1_1.winner_id left join team t2_0 on t2_0.id=w1_0.fk_team where r1_0.id=?
Hibernate: select r1_0.id,r1_0.count_of_viewers,r1_0.country_code,r1_0.date,r1_0.location,r1_0.name,r1_0.race_creator,w1_0.id,w1_0.birth_day,w1_0.country_code,w1_0.first_name,w1_0.gear_description,w1_0.last_name,w1_0.fk_team,t1_0.id,t1_0.head_sponsor,t1_0.name,w1_0.wins,p1_0.rider_id,p1_1.id,p1_1.count_of_viewers,p1_1.country_code,p1_1.date,p1_1.location,p1_1.name,p1_1.race_creator from race r1_0 left join rider w1_0 on w1_0.id=r1_0.winner_id left join team t1_0 on t1_0.id=w1_0.fk_team left join (rider_program p1_0 join race p1_1 on p1_1.id=p1_0.race_id) on w1_0.id=p1_0.rider_id where r1_0.id=?
Hibernate: insert into calendar (end_year,start_year,id) values (?,?,?)
Hibernate: insert into team (head_sponsor,name,id) values (?,?,?)
Hibernate: insert into rider (birth_day,country_code,first_name,gear_description,last_name,fk_team,wins,id) values (?,?,?,?,?,?,?,?)
Hibernate: insert into race (count_of_viewers,country_code,date,location,name,race_creator,winner_id,id) values (?,?,?,?,?,?,?,default)
Hibernate: update rider set birth_day=?,country_code=?,first_name=?,gear_description=?,last_name=?,fk_team=?,wins=? where id=?
Hibernate: update race set count_of_viewers=?,country_code=?,date=?,location=?,name=?,race_creator=?,winner_id=? where id=?
Hibernate: insert into rider_program (rider_id,race_id) values (?,?)
Hibernate: update race set calendar_id=? where id=?
Hibernate: insert into riders_in_race (race_id,rider_id) values (?,?)
Hibernate: select r1_0.id,r1_0.birth_day,r1_0.country_code,r1_0.first_name,r1_0.gear_description,r1_0.last_name,r1_0.fk_team,r1_0.wins from rider r1_0 where r1_0.first_name=? and r1_0.last_name=?
Hibernate: select t1_0.id,t1_0.head_sponsor,t1_0.name,m1_0.fk_team,m1_0.id,m1_0.birth_day,m1_0.country_code,m1_0.first_name,m1_0.gear_description,m1_0.last_name,m1_0.wins from team t1_0 left join rider m1_0 on t1_0.id=m1_0.fk_team where t1_0.id=?
Hibernate: select r1_0.id,r1_0.birth_day,r1_0.country_code,r1_0.first_name,r1_0.gear_description,r1_0.last_name,r1_0.fk_team,t1_0.id,t1_0.head_sponsor,t1_0.name,r1_0.wins,p1_0.rider_id,p1_1.id,p1_1.count_of_viewers,p1_1.country_code,p1_1.date,p1_1.location,p1_1.name,p1_1.race_creator,w1_0.id,w1_0.birth_day,w1_0.country_code,w1_0.first_name,w1_0.gear_description,w1_0.last_name,w1_0.fk_team,t2_0.id,t2_0.head_sponsor,t2_0.name,w1_0.wins from rider r1_0 join team t1_0 on t1_0.id=r1_0.fk_team left join (rider_program p1_0 join race p1_1 on p1_1.id=p1_0.race_id) on r1_0.id=p1_0.rider_id left join rider w1_0 on w1_0.id=p1_1.winner_id left join team t2_0 on t2_0.id=w1_0.fk_team where r1_0.id=?
Hibernate: select r1_0.id,r1_0.count_of_viewers,r1_0.country_code,r1_0.date,r1_0.location,r1_0.name,r1_0.race_creator,w1_0.id,w1_0.birth_day,w1_0.country_code,w1_0.first_name,w1_0.gear_description,w1_0.last_name,w1_0.fk_team,t1_0.id,t1_0.head_sponsor,t1_0.name,w1_0.wins,p1_0.rider_id,p1_1.id,p1_1.count_of_viewers,p1_1.country_code,p1_1.date,p1_1.location,p1_1.name,p1_1.race_creator from race r1_0 left join rider w1_0 on w1_0.id=r1_0.winner_id left join team t1_0 on t1_0.id=w1_0.fk_team left join (rider_program p1_0 join race p1_1 on p1_1.id=p1_0.race_id) on w1_0.id=p1_0.rider_id where r1_0.id=?
Hibernate: insert into calendar (end_year,start_year,id) values (?,?,?)
Hibernate: insert into team (head_sponsor,name,id) values (?,?,?)
Hibernate: insert into rider (birth_day,country_code,first_name,gear_description,last_name,fk_team,wins,id) values (?,?,?,?,?,?,?,?)
Hibernate: insert into race (count_of_viewers,country_code,date,location,name,race_creator,winner_id,id) values (?,?,?,?,?,?,?,default)
Hibernate: update rider set birth_day=?,country_code=?,first_name=?,gear_description=?,last_name=?,fk_team=?,wins=? where id=?
Hibernate: update race set count_of_viewers=?,country_code=?,date=?,location=?,name=?,race_creator=?,winner_id=? where id=?
Hibernate: insert into rider_program (rider_id,race_id) values (?,?)
Hibernate: update race set calendar_id=? where id=?
Hibernate: insert into riders_in_race (race_id,rider_id) values (?,?)
Hibernate: select r1_0.id,r1_0.birth_day,r1_0.country_code,r1_0.first_name,r1_0.gear_description,r1_0.last_name,r1_0.fk_team,r1_0.wins from rider r1_0 where r1_0.first_name=? and r1_0.last_name=?
Hibernate: select t1_0.id,t1_0.head_sponsor,t1_0.name,m1_0.fk_team,m1_0.id,m1_0.birth_day,m1_0.country_code,m1_0.first_name,m1_0.gear_description,m1_0.last_name,m1_0.wins from team t1_0 left join rider m1_0 on t1_0.id=m1_0.fk_team where t1_0.id=?
Hibernate: select r1_0.id,r1_0.birth_day,r1_0.country_code,r1_0.first_name,r1_0.gear_description,r1_0.last_name,r1_0.fk_team,t1_0.id,t1_0.head_sponsor,t1_0.name,r1_0.wins,p1_0.rider_id,p1_1.id,p1_1.count_of_viewers,p1_1.country_code,p1_1.date,p1_1.location,p1_1.name,p1_1.race_creator,w1_0.id,w1_0.birth_day,w1_0.country_code,w1_0.first_name,w1_0.gear_description,w1_0.last_name,w1_0.fk_team,t2_0.id,t2_0.head_sponsor,t2_0.name,w1_0.wins from rider r1_0 join team t1_0 on t1_0.id=r1_0.fk_team left join (rider_program p1_0 join race p1_1 on p1_1.id=p1_0.race_id) on r1_0.id=p1_0.rider_id left join rider w1_0 on w1_0.id=p1_1.winner_id left join team t2_0 on t2_0.id=w1_0.fk_team where r1_0.id=?
Hibernate: select r1_0.id,r1_0.count_of_viewers,r1_0.country_code,r1_0.date,r1_0.location,r1_0.name,r1_0.race_creator,w1_0.id,w1_0.birth_day,w1_0.country_code,w1_0.first_name,w1_0.gear_description,w1_0.last_name,w1_0.fk_team,t1_0.id,t1_0.head_sponsor,t1_0.name,w1_0.wins,p1_0.rider_id,p1_1.id,p1_1.count_of_viewers,p1_1.country_code,p1_1.date,p1_1.location,p1_1.name,p1_1.race_creator from race r1_0 left join rider w1_0 on w1_0.id=r1_0.winner_id left join team t1_0 on t1_0.id=w1_0.fk_team left join (rider_program p1_0 join race p1_1 on p1_1.id=p1_0.race_id) on w1_0.id=p1_0.rider_id where r1_0.id=?
Hibernate: insert into calendar (end_year,start_year,id) values (?,?,?)
Hibernate: insert into team (head_sponsor,name,id) values (?,?,?)
Hibernate: insert into rider (birth_day,country_code,first_name,gear_description,last_name,fk_team,wins,id) values (?,?,?,?,?,?,?,?)
Hibernate: insert into race (count_of_viewers,country_code,date,location,name,race_creator,winner_id,id) values (?,?,?,?,?,?,?,default)
Hibernate: update rider set birth_day=?,country_code=?,first_name=?,gear_description=?,last_name=?,fk_team=?,wins=? where id=?
Hibernate: update race set count_of_viewers=?,country_code=?,date=?,location=?,name=?,race_creator=?,winner_id=? where id=?
Hibernate: insert into rider_program (rider_id,race_id) values (?,?)
Hibernate: update race set calendar_id=? where id=?
Hibernate: insert into riders_in_race (race_id,rider_id) values (?,?)
Hibernate: select r1_0.id,r1_0.birth_day,r1_0.country_code,r1_0.first_name,r1_0.gear_description,r1_0.last_name,r1_0.fk_team,r1_0.wins from rider r1_0 where r1_0.first_name=? and r1_0.last_name=?
Hibernate: select t1_0.id,t1_0.head_sponsor,t1_0.name,m1_0.fk_team,m1_0.id,m1_0.birth_day,m1_0.country_code,m1_0.first_name,m1_0.gear_description,m1_0.last_name,m1_0.wins from team t1_0 left join rider m1_0 on t1_0.id=m1_0.fk_team where t1_0.id=?
Hibernate: select r1_0.id,r1_0.birth_day,r1_0.country_code,r1_0.first_name,r1_0.gear_description,r1_0.last_name,r1_0.fk_team,t1_0.id,t1_0.head_sponsor,t1_0.name,r1_0.wins,p1_0.rider_id,p1_1.id,p1_1.count_of_viewers,p1_1.country_code,p1_1.date,p1_1.location,p1_1.name,p1_1.race_creator,w1_0.id,w1_0.birth_day,w1_0.country_code,w1_0.first_name,w1_0.gear_description,w1_0.last_name,w1_0.fk_team,t2_0.id,t2_0.head_sponsor,t2_0.name,w1_0.wins from rider r1_0 join team t1_0 on t1_0.id=r1_0.fk_team left join (rider_program p1_0 join race p1_1 on p1_1.id=p1_0.race_id) on r1_0.id=p1_0.rider_id left join rider w1_0 on w1_0.id=p1_1.winner_id left join team t2_0 on t2_0.id=w1_0.fk_team where r1_0.id=?
Hibernate: select r1_0.id,r1_0.count_of_viewers,r1_0.country_code,r1_0.date,r1_0.location,r1_0.name,r1_0.race_creator,w1_0.id,w1_0.birth_day,w1_0.country_code,w1_0.first_name,w1_0.gear_description,w1_0.last_name,w1_0.fk_team,t1_0.id,t1_0.head_sponsor,t1_0.name,w1_0.wins,p1_0.rider_id,p1_1.id,p1_1.count_of_viewers,p1_1.country_code,p1_1.date,p1_1.location,p1_1.name,p1_1.race_creator from race r1_0 left join rider w1_0 on w1_0.id=r1_0.winner_id left join team t1_0 on t1_0.id=w1_0.fk_team left join (rider_program p1_0 join race p1_1 on p1_1.id=p1_0.race_id) on w1_0.id=p1_0.rider_id where r1_0.id=?
Hibernate: insert into calendar (end_year,start_year,id) values (?,?,?)
Hibernate: insert into team (head_sponsor,name,id) values (?,?,?)
Hibernate: insert into rider (birth_day,country_code,first_name,gear_description,last_name,fk_team,wins,id) values (?,?,?,?,?,?,?,?)
Hibernate: insert into race (count_of_viewers,country_code,date,location,name,race_creator,winner_id,id) values (?,?,?,?,?,?,?,default)
Hibernate: update rider set birth_day=?,country_code=?,first_name=?,gear_description=?,last_name=?,fk_team=?,wins=? where id=?
Hibernate: update race set count_of_viewers=?,country_code=?,date=?,location=?,name=?,race_creator=?,winner_id=? where id=?
Hibernate: insert into rider_program (rider_id,race_id) values (?,?)
Hibernate: update race set calendar_id=? where id=?
Hibernate: insert into riders_in_race (race_id,rider_id) values (?,?)
Hibernate: select r1_0.id,r1_0.birth_day,r1_0.country_code,r1_0.first_name,r1_0.gear_description,r1_0.last_name,r1_0.fk_team,r1_0.wins from rider r1_0 where r1_0.first_name=? and r1_0.last_name=?
Hibernate: select t1_0.id,t1_0.head_sponsor,t1_0.name,m1_0.fk_team,m1_0.id,m1_0.birth_day,m1_0.country_code,m1_0.first_name,m1_0.gear_description,m1_0.last_name,m1_0.wins from team t1_0 left join rider m1_0 on t1_0.id=m1_0.fk_team where t1_0.id=?
Hibernate: select r1_0.id,r1_0.birth_day,r1_0.country_code,r1_0.first_name,r1_0.gear_description,r1_0.last_name,r1_0.fk_team,t1_0.id,t1_0.head_sponsor,t1_0.name,r1_0.wins,p1_0.rider_id,p1_1.id,p1_1.count_of_viewers,p1_1.country_code,p1_1.date,p1_1.location,p1_1.name,p1_1.race_creator,w1_0.id,w1_0.birth_day,w1_0.country_code,w1_0.first_name,w1_0.gear_description,w1_0.last_name,w1_0.fk_team,t2_0.id,t2_0.head_sponsor,t2_0.name,w1_0.wins from rider r1_0 join team t1_0 on t1_0.id=r1_0.fk_team left join (rider_program p1_0 join race p1_1 on p1_1.id=p1_0.race_id) on r1_0.id=p1_0.rider_id left join rider w1_0 on w1_0.id=p1_1.winner_id left join team t2_0 on t2_0.id=w1_0.fk_team where r1_0.id=?
Hibernate: select r1_0.id,r1_0.count_of_viewers,r1_0.country_code,r1_0.date,r1_0.location,r1_0.name,r1_0.race_creator,w1_0.id,w1_0.birth_day,w1_0.country_code,w1_0.first_name,w1_0.gear_description,w1_0.last_name,w1_0.fk_team,t1_0.id,t1_0.head_sponsor,t1_0.name,w1_0.wins,p1_0.rider_id,p1_1.id,p1_1.count_of_viewers,p1_1.country_code,p1_1.date,p1_1.location,p1_1.name,p1_1.race_creator from race r1_0 left join rider w1_0 on w1_0.id=r1_0.winner_id left join team t1_0 on t1_0.id=w1_0.fk_team left join (rider_program p1_0 join race p1_1 on p1_1.id=p1_0.race_id) on w1_0.id=p1_0.rider_id where r1_0.id=?
Hibernate: insert into calendar (end_year,start_year,id) values (?,?,?)
Hibernate: insert into team (head_sponsor,name,id) values (?,?,?)
Hibernate: insert into rider (birth_day,country_code,first_name,gear_description,last_name,fk_team,wins,id) values (?,?,?,?,?,?,?,?)
Hibernate: insert into race (count_of_viewers,country_code,date,location,name,race_creator,winner_id,id) values (?,?,?,?,?,?,?,default)
Hibernate: update rider set birth_day=?,country_code=?,first_name=?,gear_description=?,last_name=?,fk_team=?,wins=? where id=?
Hibernate: update race set count_of_viewers=?,country_code=?,date=?,location=?,name=?,race_creator=?,winner_id=? where id=?
Hibernate: insert into rider_program (rider_id,race_id) values (?,?)
Hibernate: update race set calendar_id=? where id=?
Hibernate: insert into riders_in_race (race_id,rider_id) values (?,?)
Hibernate: select r1_0.id,r1_0.birth_day,r1_0.country_code,r1_0.first_name,r1_0.gear_description,r1_0.last_name,r1_0.fk_team,r1_0.wins from rider r1_0 where r1_0.first_name=? and r1_0.last_name=?
Hibernate: select t1_0.id,t1_0.head_sponsor,t1_0.name,m1_0.fk_team,m1_0.id,m1_0.birth_day,m1_0.country_code,m1_0.first_name,m1_0.gear_description,m1_0.last_name,m1_0.wins from team t1_0 left join rider m1_0 on t1_0.id=m1_0.fk_team where t1_0.id=?
Hibernate: select r1_0.id,r1_0.birth_day,r1_0.country_code,r1_0.first_name,r1_0.gear_description,r1_0.last_name,r1_0.fk_team,t1_0.id,t1_0.head_sponsor,t1_0.name,r1_0.wins,p1_0.rider_id,p1_1.id,p1_1.count_of_viewers,p1_1.country_code,p1_1.date,p1_1.location,p1_1.name,p1_1.race_creator,w1_0.id,w1_0.birth_day,w1_0.country_code,w1_0.first_name,w1_0.gear_description,w1_0.last_name,w1_0.fk_team,t2_0.id,t2_0.head_sponsor,t2_0.name,w1_0.wins from rider r1_0 join team t1_0 on t1_0.id=r1_0.fk_team left join (rider_program p1_0 join race p1_1 on p1_1.id=p1_0.race_id) on r1_0.id=p1_0.rider_id left join rider w1_0 on w1_0.id=p1_1.winner_id left join team t2_0 on t2_0.id=w1_0.fk_team where r1_0.id=?
Hibernate: select r1_0.id,r1_0.count_of_viewers,r1_0.country_code,r1_0.date,r1_0.location,r1_0.name,r1_0.race_creator,w1_0.id,w1_0.birth_day,w1_0.country_code,w1_0.first_name,w1_0.gear_description,w1_0.last_name,w1_0.fk_team,t1_0.id,t1_0.head_sponsor,t1_0.name,w1_0.wins,p1_0.rider_id,p1_1.id,p1_1.count_of_viewers,p1_1.country_code,p1_1.date,p1_1.location,p1_1.name,p1_1.race_creator from race r1_0 left join rider w1_0 on w1_0.id=r1_0.winner_id left join team t1_0 on t1_0.id=w1_0.fk_team left join (rider_program p1_0 join race p1_1 on p1_1.id=p1_0.race_id) on w1_0.id=p1_0.rider_id where r1_0.id=?
Hibernate: insert into calendar (end_year,start_year,id) values (?,?,?)
Hibernate: insert into team (head_sponsor,name,id) values (?,?,?)
Hibernate: insert into rider (birth_day,country_code,first_name,gear_description,last_name,fk_team,wins,id) values (?,?,?,?,?,?,?,?)
Hibernate: insert into race (count_of_viewers,country_code,date,location,name,race_creator,winner_id,id) values (?,?,?,?,?,?,?,default)
Hibernate: update rider set birth_day=?,country_code=?,first_name=?,gear_description=?,last_name=?,fk_team=?,wins=? where id=?
Hibernate: update race set count_of_viewers=?,country_code=?,date=?,location=?,name=?,race_creator=?,winner_id=? where id=?
Hibernate: insert into rider_program (rider_id,race_id) values (?,?)
Hibernate: update race set calendar_id=? where id=?
Hibernate: insert into riders_in_race (race_id,rider_id) values (?,?)
Hibernate: select r1_0.id,r1_0.birth_day,r1_0.country_code,r1_0.first_name,r1_0.gear_description,r1_0.last_name,r1_0.fk_team,r1_0.wins from rider r1_0 where r1_0.first_name=? and r1_0.last_name=?
Hibernate: select t1_0.id,t1_0.head_sponsor,t1_0.name,m1_0.fk_team,m1_0.id,m1_0.birth_day,m1_0.country_code,m1_0.first_name,m1_0.gear_description,m1_0.last_name,m1_0.wins from team t1_0 left join rider m1_0 on t1_0.id=m1_0.fk_team where t1_0.id=?
Hibernate: select r1_0.id,r1_0.birth_day,r1_0.country_code,r1_0.first_name,r1_0.gear_description,r1_0.last_name,r1_0.fk_team,t1_0.id,t1_0.head_sponsor,t1_0.name,r1_0.wins,p1_0.rider_id,p1_1.id,p1_1.count_of_viewers,p1_1.country_code,p1_1.date,p1_1.location,p1_1.name,p1_1.race_creator,w1_0.id,w1_0.birth_day,w1_0.country_code,w1_0.first_name,w1_0.gear_description,w1_0.last_name,w1_0.fk_team,t2_0.id,t2_0.head_sponsor,t2_0.name,w1_0.wins from rider r1_0 join team t1_0 on t1_0.id=r1_0.fk_team left join (rider_program p1_0 join race p1_1 on p1_1.id=p1_0.race_id) on r1_0.id=p1_0.rider_id left join rider w1_0 on w1_0.id=p1_1.winner_id left join team t2_0 on t2_0.id=w1_0.fk_team where r1_0.id=?
Hibernate: select r1_0.id,r1_0.count_of_viewers,r1_0.country_code,r1_0.date,r1_0.location,r1_0.name,r1_0.race_creator,w1_0.id,w1_0.birth_day,w1_0.country_code,w1_0.first_name,w1_0.gear_description,w1_0.last_name,w1_0.fk_team,t1_0.id,t1_0.head_sponsor,t1_0.name,w1_0.wins,p1_0.rider_id,p1_1.id,p1_1.count_of_viewers,p1_1.country_code,p1_1.date,p1_1.location,p1_1.name,p1_1.race_creator from race r1_0 left join rider w1_0 on w1_0.id=r1_0.winner_id left join team t1_0 on t1_0.id=w1_0.fk_team left join (rider_program p1_0 join race p1_1 on p1_1.id=p1_0.race_id) on w1_0.id=p1_0.rider_id where r1_0.id=?
Hibernate: insert into calendar (end_year,start_year,id) values (?,?,?)
Hibernate: insert into team (head_sponsor,name,id) values (?,?,?)
Hibernate: insert into rider (birth_day,country_code,first_name,gear_description,last_name,fk_team,wins,id) values (?,?,?,?,?,?,?,?)
Hibernate: insert into race (count_of_viewers,country_code,date,location,name,race_creator,winner_id,id) values (?,?,?,?,?,?,?,default)
Hibernate: update rider set birth_day=?,country_code=?,first_name=?,gear_description=?,last_name=?,fk_team=?,wins=? where id=?
Hibernate: update race set count_of_viewers=?,country_code=?,date=?,location=?,name=?,race_creator=?,winner_id=? where id=?
Hibernate: insert into rider_program (rider_id,race_id) values (?,?)
Hibernate: update race set calendar_id=? where id=?
Hibernate: insert into riders_in_race (race_id,rider_id) values (?,?)
Hibernate: select r1_0.id,r1_0.birth_day,r1_0.country_code,r1_0.first_name,r1_0.gear_description,r1_0.last_name,r1_0.fk_team,r1_0.wins from rider r1_0 where r1_0.first_name=? and r1_0.last_name=?
Hibernate: select t1_0.id,t1_0.head_sponsor,t1_0.name,m1_0.fk_team,m1_0.id,m1_0.birth_day,m1_0.country_code,m1_0.first_name,m1_0.gear_description,m1_0.last_name,m1_0.wins from team t1_0 left join rider m1_0 on t1_0.id=m1_0.fk_team where t1_0.id=?
Hibernate: select r1_0.id,r1_0.birth_day,r1_0.country_code,r1_0.first_name,r1_0.gear_description,r1_0.last_name,r1_0.fk_team,t1_0.id,t1_0.head_sponsor,t1_0.name,r1_0.wins,p1_0.rider_id,p1_1.id,p1_1.count_of_viewers,p1_1.country_code,p1_1.date,p1_1.location,p1_1.name,p1_1.race_creator,w1_0.id,w1_0.birth_day,w1_0.country_code,w1_0.first_name,w1_0.gear_description,w1_0.last_name,w1_0.fk_team,t2_0.id,t2_0.head_sponsor,t2_0.name,w1_0.wins from rider r1_0 join team t1_0 on t1_0.id=r1_0.fk_team left join (rider_program p1_0 join race p1_1 on p1_1.id=p1_0.race_id) on r1_0.id=p1_0.rider_id left join rider w1_0 on w1_0.id=p1_1.winner_id left join team t2_0 on t2_0.id=w1_0.fk_team where r1_0.id=?
Hibernate: select r1_0.id,r1_0.count_of_viewers,r1_0.country_code,r1_0.date,r1_0.location,r1_0.name,r1_0.race_creator,w1_0.id,w1_0.birth_day,w1_0.country_code,w1_0.first_name,w1_0.gear_description,w1_0.last_name,w1_0.fk_team,t1_0.id,t1_0.head_sponsor,t1_0.name,w1_0.wins,p1_0.rider_id,p1_1.id,p1_1.count_of_viewers,p1_1.country_code,p1_1.date,p1_1.location,p1_1.name,p1_1.race_creator from race r1_0 left join rider w1_0 on w1_0.id=r1_0.winner_id left join team t1_0 on t1_0.id=w1_0.fk_team left join (rider_program p1_0 join race p1_1 on p1_1.id=p1_0.race_id) on w1_0.id=p1_0.rider_id where r1_0.id=?
Hibernate: insert into calendar (end_year,start_year,id) values (?,?,?)
Hibernate: insert into team (head_sponsor,name,id) values (?,?,?)
Hibernate: insert into rider (birth_day,country_code,first_name,gear_description,last_name,fk_team,wins,id) values (?,?,?,?,?,?,?,?)
Hibernate: insert into race (count_of_viewers,country_code,date,location,name,race_creator,winner_id,id) values (?,?,?,?,?,?,?,default)
Hibernate: update rider set birth_day=?,country_code=?,first_name=?,gear_description=?,last_name=?,fk_team=?,wins=? where id=?
Hibernate: update race set count_of_viewers=?,country_code=?,date=?,location=?,name=?,race_creator=?,winner_id=? where id=?
Hibernate: insert into rider_program (rider_id,race_id) values (?,?)
Hibernate: update race set calendar_id=? where id=?
Hibernate: insert into riders_in_race (race_id,rider_id) values (?,?)
Hibernate: select r1_0.id,r1_0.birth_day,r1_0.country_code,r1_0.first_name,r1_0.gear_description,r1_0.last_name,r1_0.fk_team,r1_0.wins from rider r1_0 where r1_0.first_name=? and r1_0.last_name=?
Hibernate: select t1_0.id,t1_0.head_sponsor,t1_0.name,m1_0.fk_team,m1_0.id,m1_0.birth_day,m1_0.country_code,m1_0.first_name,m1_0.gear_description,m1_0.last_name,m1_0.wins from team t1_0 left join rider m1_0 on t1_0.id=m1_0.fk_team where t1_0.id=?
Hibernate: select r1_0.id,r1_0.birth_day,r1_0.country_code,r1_0.first_name,r1_0.gear_description,r1_0.last_name,r1_0.fk_team,t1_0.id,t1_0.head_sponsor,t1_0.name,r1_0.wins,p1_0.rider_id,p1_1.id,p1_1.count_of_viewers,p1_1.country_code,p1_1.date,p1_1.location,p1_1.name,p1_1.race_creator,w1_0.id,w1_0.birth_day,w1_0.country_code,w1_0.first_name,w1_0.gear_description,w1_0.last_name,w1_0.fk_team,t2_0.id,t2_0.head_sponsor,t2_0.name,w1_0.wins from rider r1_0 join team t1_0 on t1_0.id=r1_0.fk_team left join (rider_program p1_0 join race p1_1 on p1_1.id=p1_0.race_id) on r1_0.id=p1_0.rider_id left join rider w1_0 on w1_0.id=p1_1.winner_id left join team t2_0 on t2_0.id=w1_0.fk_team where r1_0.id=?
Hibernate: select r1_0.id,r1_0.count_of_viewers,r1_0.country_code,r1_0.date,r1_0.location,r1_0.name,r1_0.race_creator,w1_0.id,w1_0.birth_day,w1_0.country_code,w1_0.first_name,w1_0.gear_description,w1_0.last_name,w1_0.fk_team,t1_0.id,t1_0.head_sponsor,t1_0.name,w1_0.wins,p1_0.rider_id,p1_1.id,p1_1.count_of_viewers,p1_1.country_code,p1_1.date,p1_1.location,p1_1.name,p1_1.race_creator from race r1_0 left join rider w1_0 on w1_0.id=r1_0.winner_id left join team t1_0 on t1_0.id=w1_0.fk_team left join (rider_program p1_0 join race p1_1 on p1_1.id=p1_0.race_id) on w1_0.id=p1_0.rider_id where r1_0.id=?
Hibernate: insert into calendar (end_year,start_year,id) values (?,?,?)
Hibernate: insert into team (head_sponsor,name,id) values (?,?,?)
Hibernate: insert into rider (birth_day,country_code,first_name,gear_description,last_name,fk_team,wins,id) values (?,?,?,?,?,?,?,?)
Hibernate: insert into race (count_of_viewers,country_code,date,location,name,race_creator,winner_id,id) values (?,?,?,?,?,?,?,default)
Hibernate: update rider set birth_day=?,country_code=?,first_name=?,gear_description=?,last_name=?,fk_team=?,wins=? where id=?
Hibernate: update race set count_of_viewers=?,country_code=?,date=?,location=?,name=?,race_creator=?,winner_id=? where id=?
Hibernate: insert into rider_program (rider_id,race_id) values (?,?)
Hibernate: update race set calendar_id=? where id=?
Hibernate: insert into riders_in_race (race_id,rider_id) values (?,?)
Hibernate: select r1_0.id,r1_0.birth_day,r1_0.country_code,r1_0.first_name,r1_0.gear_description,r1_0.last_name,r1_0.fk_team,r1_0.wins from rider r1_0 where r1_0.first_name=? and r1_0.last_name=?
Hibernate: select t1_0.id,t1_0.head_sponsor,t1_0.name,m1_0.fk_team,m1_0.id,m1_0.birth_day,m1_0.country_code,m1_0.first_name,m1_0.gear_description,m1_0.last_name,m1_0.wins from team t1_0 left join rider m1_0 on t1_0.id=m1_0.fk_team where t1_0.id=?
Hibernate: select r1_0.id,r1_0.birth_day,r1_0.country_code,r1_0.first_name,r1_0.gear_description,r1_0.last_name,r1_0.fk_team,t1_0.id,t1_0.head_sponsor,t1_0.name,r1_0.wins,p1_0.rider_id,p1_1.id,p1_1.count_of_viewers,p1_1.country_code,p1_1.date,p1_1.location,p1_1.name,p1_1.race_creator,w1_0.id,w1_0.birth_day,w1_0.country_code,w1_0.first_name,w1_0.gear_description,w1_0.last_name,w1_0.fk_team,t2_0.id,t2_0.head_sponsor,t2_0.name,w1_0.wins from rider r1_0 join team t1_0 on t1_0.id=r1_0.fk_team left join (rider_program p1_0 join race p1_1 on p1_1.id=p1_0.race_id) on r1_0.id=p1_0.rider_id left join rider w1_0 on w1_0.id=p1_1.winner_id left join team t2_0 on t2_0.id=w1_0.fk_team where r1_0.id=?
Hibernate: select r1_0.id,r1_0.count_of_viewers,r1_0.country_code,r1_0.date,r1_0.location,r1_0.name,r1_0.race_creator,w1_0.id,w1_0.birth_day,w1_0.country_code,w1_0.first_name,w1_0.gear_description,w1_0.last_name,w1_0.fk_team,t1_0.id,t1_0.head_sponsor,t1_0.name,w1_0.wins,p1_0.rider_id,p1_1.id,p1_1.count_of_viewers,p1_1.country_code,p1_1.date,p1_1.location,p1_1.name,p1_1.race_creator from race r1_0 left join rider w1_0 on w1_0.id=r1_0.winner_id left join team t1_0 on t1_0.id=w1_0.fk_team left join (rider_program p1_0 join race p1_1 on p1_1.id=p1_0.race_id) on w1_0.id=p1_0.rider_id where r1_0.id=?
Hibernate: insert into calendar (end_year,start_year,id) values (?,?,?)
Hibernate: insert into team (head_sponsor,name,id) values (?,?,?)
Hibernate: insert into rider (birth_day,country_code,first_name,gear_description,last_name,fk_team,wins,id) values (?,?,?,?,?,?,?,?)
Hibernate: insert into race (count_of_viewers,country_code,date,location,name,race_creator,winner_id,id) values (?,?,?,?,?,?,?,default)
Hibernate: update rider set birth_day=?,country_code=?,first_name=?,gear_description=?,last_name=?,fk_team=?,wins=? where id=?
Hibernate: update race set count_of_viewers=?,country_code=?,date=?,location=?,name=?,race_creator=?,winner_id=? where id=?
Hibernate: insert into rider_program (rider_id,race_id) values (?,?)
Hibernate: update race set calendar_id=? where id=?
Hibernate: insert into riders_in_race (race_id,rider_id) values (?,?)
Hibernate: select r1_0.id,r1_0.birth_day,r1_0.country_code,r1_0.first_name,r1_0.gear_description,r1_0.last_name,r1_0.fk_team,r1_0.wins from rider r1_0 where r1_0.first_name=? and r1_0.last_name=?
Hibernate: select t1_0.id,t1_0.head_sponsor,t1_0.name,m1_0.fk_team,m1_0.id,m1_0.birth_day,m1_0.country_code,m1_0.first_name,m1_0.gear_description,m1_0.last_name,m1_0.wins from team t1_0 left join rider m1_0 on t1_0.id=m1_0.fk_team where t1_0.id=?
Hibernate: select r1_0.id,r1_0.birth_day,r1_0.country_code,r1_0.first_name,r1_0.gear_description,r1_0.last_name,r1_0.fk_team,t1_0.id,t1_0.head_sponsor,t1_0.name,r1_0.wins,p1_0.rider_id,p1_1.id,p1_1.count_of_viewers,p1_1.country_code,p1_1.date,p1_1.location,p1_1.name,p1_1.race_creator,w1_0.id,w1_0.birth_day,w1_0.country_code,w1_0.first_name,w1_0.gear_description,w1_0.last_name,w1_0.fk_team,t2_0.id,t2_0.head_sponsor,t2_0.name,w1_0.wins from rider r1_0 join team t1_0 on t1_0.id=r1_0.fk_team left join (rider_program p1_0 join race p1_1 on p1_1.id=p1_0.race_id) on r1_0.id=p1_0.rider_id left join rider w1_0 on w1_0.id=p1_1.winner_id left join team t2_0 on t2_0.id=w1_0.fk_team where r1_0.id=?
Hibernate: select r1_0.id,r1_0.count_of_viewers,r1_0.country_code,r1_0.date,r1_0.location,r1_0.name,r1_0.race_creator,w1_0.id,w1_0.birth_day,w1_0.country_code,w1_0.first_name,w1_0.gear_description,w1_0.last_name,w1_0.fk_team,t1_0.id,t1_0.head_sponsor,t1_0.name,w1_0.wins,p1_0.rider_id,p1_1.id,p1_1.count_of_viewers,p1_1.country_code,p1_1.date,p1_1.location,p1_1.name,p1_1.race_creator from race r1_0 left join rider w1_0 on w1_0.id=r1_0.winner_id left join team t1_0 on t1_0.id=w1_0.fk_team left join (rider_program p1_0 join race p1_1 on p1_1.id=p1_0.race_id) on w1_0.id=p1_0.rider_id where r1_0.id=?
Hibernate: insert into calendar (end_year,start_year,id) values (?,?,?)
Hibernate: insert into team (head_sponsor,name,id) values (?,?,?)
Hibernate: insert into rider (birth_day,country_code,first_name,gear_description,last_name,fk_team,wins,id) values (?,?,?,?,?,?,?,?)
Hibernate: insert into race (count_of_viewers,country_code,date,location,name,race_creator,winner_id,id) values (?,?,?,?,?,?,?,default)
Hibernate: update rider set birth_day=?,country_code=?,first_name=?,gear_description=?,last_name=?,fk_team=?,wins=? where id=?
Hibernate: update race set count_of_viewers=?,country_code=?,date=?,location=?,name=?,race_creator=?,winner_id=? where id=?
Hibernate: insert into rider_program (rider_id,race_id) values (?,?)
Hibernate: update race set calendar_id=? where id=?
Hibernate: insert into riders_in_race (race_id,rider_id) values (?,?)
Hibernate: select r1_0.id,r1_0.birth_day,r1_0.country_code,r1_0.first_name,r1_0.gear_description,r1_0.last_name,r1_0.fk_team,r1_0.wins from rider r1_0 where r1_0.first_name=? and r1_0.last_name=?
Hibernate: select t1_0.id,t1_0.head_sponsor,t1_0.name,m1_0.fk_team,m1_0.id,m1_0.birth_day,m1_0.country_code,m1_0.first_name,m1_0.gear_description,m1_0.last_name,m1_0.wins from team t1_0 left join rider m1_0 on t1_0.id=m1_0.fk_team where t1_0.id=?
Hibernate: select r1_0.id,r1_0.birth_day,r1_0.country_code,r1_0.first_name,r1_0.gear_description,r1_0.last_name,r1_0.fk_team,t1_0.id,t1_0.head_sponsor,t1_0.name,r1_0.wins,p1_0.rider_id,p1_1.id,p1_1.count_of_viewers,p1_1.country_code,p1_1.date,p1_1.location,p1_1.name,p1_1.race_creator,w1_0.id,w1_0.birth_day,w1_0.country_code,w1_0.first_name,w1_0.gear_description,w1_0.last_name,w1_0.fk_team,t2_0.id,t2_0.head_sponsor,t2_0.name,w1_0.wins from rider r1_0 join team t1_0 on t1_0.id=r1_0.fk_team left join (rider_program p1_0 join race p1_1 on p1_1.id=p1_0.race_id) on r1_0.id=p1_0.rider_id left join rider w1_0 on w1_0.id=p1_1.winner_id left join team t2_0 on t2_0.id=w1_0.fk_team where r1_0.id=?
Hibernate: select r1_0.id,r1_0.count_of_viewers,r1_0.country_code,r1_0.date,r1_0.location,r1_0.name,r1_0.race_creator,w1_0.id,w1_0.birth_day,w1_0.country_code,w1_0.first_name,w1_0.gear_description,w1_0.last_name,w1_0.fk_team,t1_0.id,t1_0.head_sponsor,t1_0.name,w1_0.wins,p1_0.rider_id,p1_1.id,p1_1.count_of_viewers,p1_1.country_code,p1_1.date,p1_1.location,p1_1.name,p1_1.race_creator from race r1_0 left join rider w1_0 on w1_0.id=r1_0.winner_id left join team t1_0 on t1_0.id=w1_0.fk_team left join (rider_program p1_0 join race p1_1 on p1_1.id=p1_0.race_id) on w1_0.id=p1_0.rider_id where r1_0.id=?
Hibernate: insert into calendar (end_year,start_year,id) values (?,?,?)
Hibernate: insert into team (head_sponsor,name,id) values (?,?,?)
Hibernate: insert into rider (birth_day,country_code,first_name,gear_description,last_name,fk_team,wins,id) values (?,?,?,?,?,?,?,?)
Hibernate: insert into race (count_of_viewers,country_code,date,location,name,race_creator,winner_id,id) values (?,?,?,?,?,?,?,default)
Hibernate: update rider set birth_day=?,country_code=?,first_name=?,gear_description=?,last_name=?,fk_team=?,wins=? where id=?
Hibernate: update race set count_of_viewers=?,country_code=?,date=?,location=?,name=?,race_creator=?,winner_id=? where id=?
Hibernate: insert into rider_program (rider_id,race_id) values (?,?)
Hibernate: update race set calendar_id=? where id=?
Hibernate: insert into riders_in_race (race_id,rider_id) values (?,?)
Hibernate: select r1_0.id,r1_0.birth_day,r1_0.country_code,r1_0.first_name,r1_0.gear_description,r1_0.last_name,r1_0.fk_team,r1_0.wins from rider r1_0 where r1_0.first_name=? and r1_0.last_name=?
Hibernate: select t1_0.id,t1_0.head_sponsor,t1_0.name,m1_0.fk_team,m1_0.id,m1_0.birth_day,m1_0.country_code,m1_0.first_name,m1_0.gear_description,m1_0.last_name,m1_0.wins from team t1_0 left join rider m1_0 on t1_0.id=m1_0.fk_team where t1_0.id=?
Hibernate: select r1_0.id,r1_0.birth_day,r1_0.country_code,r1_0.first_name,r1_0.gear_description,r1_0.last_name,r1_0.fk_team,t1_0.id,t1_0.head_sponsor,t1_0.name,r1_0.wins,p1_0.rider_id,p1_1.id,p1_1.count_of_viewers,p1_1.country_code,p1_1.date,p1_1.location,p1_1.name,p1_1.race_creator,w1_0.id,w1_0.birth_day,w1_0.country_code,w1_0.first_name,w1_0.gear_description,w1_0.last_name,w1_0.fk_team,t2_0.id,t2_0.head_sponsor,t2_0.name,w1_0.wins from rider r1_0 join team t1_0 on t1_0.id=r1_0.fk_team left join (rider_program p1_0 join race p1_1 on p1_1.id=p1_0.race_id) on r1_0.id=p1_0.rider_id left join rider w1_0 on w1_0.id=p1_1.winner_id left join team t2_0 on t2_0.id=w1_0.fk_team where r1_0.id=?
Hibernate: select r1_0.id,r1_0.count_of_viewers,r1_0.country_code,r1_0.date,r1_0.location,r1_0.name,r1_0.race_creator,w1_0.id,w1_0.birth_day,w1_0.country_code,w1_0.first_name,w1_0.gear_description,w1_0.last_name,w1_0.fk_team,t1_0.id,t1_0.head_sponsor,t1_0.name,w1_0.wins,p1_0.rider_id,p1_1.id,p1_1.count_of_viewers,p1_1.country_code,p1_1.date,p1_1.location,p1_1.name,p1_1.race_creator from race r1_0 left join rider w1_0 on w1_0.id=r1_0.winner_id left join team t1_0 on t1_0.id=w1_0.fk_team left join (rider_program p1_0 join race p1_1 on p1_1.id=p1_0.race_id) on w1_0.id=p1_0.rider_id where r1_0.id=?
Hibernate: insert into calendar (end_year,start_year,id) values (?,?,?)
Hibernate: insert into team (head_sponsor,name,id) values (?,?,?)
Hibernate: insert into rider (birth_day,country_code,first_name,gear_description,last_name,fk_team,wins,id) values (?,?,?,?,?,?,?,?)
Hibernate: insert into race (count_of_viewers,country_code,date,location,name,race_creator,winner_id,id) values (?,?,?,?,?,?,?,default)
Hibernate: update rider set birth_day=?,country_code=?,first_name=?,gear_description=?,last_name=?,fk_team=?,wins=? where id=?
Hibernate: update race set count_of_viewers=?,country_code=?,date=?,location=?,name=?,race_creator=?,winner_id=? where id=?
Hibernate: insert into rider_program (rider_id,race_id) values (?,?)
Hibernate: update race set calendar_id=? where id=?
Hibernate: insert into riders_in_race (race_id,rider_id) values (?,?)
Hibernate: select r1_0.id,r1_0.birth_day,r1_0.country_code,r1_0.first_name,r1_0.gear_description,r1_0.last_name,r1_0.fk_team,r1_0.wins from rider r1_0 where r1_0.first_name=? and r1_0.last_name=?
Hibernate: select t1_0.id,t1_0.head_sponsor,t1_0.name,m1_0.fk_team,m1_0.id,m1_0.birth_day,m1_0.country_code,m1_0.first_name,m1_0.gear_description,m1_0.last_name,m1_0.wins from team t1_0 left join rider m1_0 on t1_0.id=m1_0.fk_team where t1_0.id=?
Hibernate: select r1_0.id,r1_0.birth_day,r1_0.country_code,r1_0.first_name,r1_0.gear_description,r1_0.last_name,r1_0.fk_team,t1_0.id,t1_0.head_sponsor,t1_0.name,r1_0.wins,p1_0.rider_id,p1_1.id,p1_1.count_of_viewers,p1_1.country_code,p1_1.date,p1_1.location,p1_1.name,p1_1.race_creator,w1_0.id,w1_0.birth_day,w1_0.country_code,w1_0.first_name,w1_0.gear_description,w1_0.last_name,w1_0.fk_team,t2_0.id,t2_0.head_sponsor,t2_0.name,w1_0.wins from rider r1_0 join team t1_0 on t1_0.id=r1_0.fk_team left join (rider_program p1_0 join race p1_1 on p1_1.id=p1_0.race_id) on r1_0.id=p1_0.rider_id left join rider w1_0 on w1_0.id=p1_1.winner_id left join team t2_0 on t2_0.id=w1_0.fk_team where r1_0.id=?
Hibernate: select r1_0.id,r1_0.count_of_viewers,r1_0.country_code,r1_0.date,r1_0.location,r1_0.name,r1_0.race_creator,w1_0.id,w1_0.birth_day,w1_0.country_code,w1_0.first_name,w1_0.gear_description,w1_0.last_name,w1_0.fk_team,t1_0.id,t1_0.head_sponsor,t1_0.name,w1_0.wins,p1_0.rider_id,p1_1.id,p1_1.count_of_viewers,p1_1.country_code,p1_1.date,p1_1.location,p1_1.name,p1_1.race_creator from race r1_0 left join rider w1_0 on w1_0.id=r1_0.winner_id left join team t1_0 on t1_0.id=w1_0.fk_team left join (rider_program p1_0 join race p1_1 on p1_1.id=p1_0.race_id) on w1_0.id=p1_0.rider_id where r1_0.id=?
Hibernate: insert into calendar (end_year,start_year,id) values (?,?,?)
Hibernate: insert into team (head_sponsor,name,id) values (?,?,?)
Hibernate: insert into rider (birth_day,country_code,first_name,gear_description,last_name,fk_team,wins,id) values (?,?,?,?,?,?,?,?)
Hibernate: insert into race (count_of_viewers,country_code,date,location,name,race_creator,winner_id,id) values (?,?,?,?,?,?,?,default)
Hibernate: update rider set birth_day=?,country_code=?,first_name=?,gear_description=?,last_name=?,fk_team=?,wins=? where id=?
Hibernate: update race set count_of_viewers=?,country_code=?,date=?,location=?,name=?,race_creator=?,winner_id=? where id=?
Hibernate: insert into rider_program (rider_id,race_id) values (?,?)
Hibernate: update race set calendar_id=? where id=?
Hibernate: insert into riders_in_race (race_id,rider_id) values (?,?)
Hibernate: select r1_0.id,r1_0.birth_day,r1_0.country_code,r1_0.first_name,r1_0.gear_description,r1_0.last_name,r1_0.fk_team,r1_0.wins from rider r1_0 where r1_0.first_name=? and r1_0.last_name=?
Hibernate: select t1_0.id,t1_0.head_sponsor,t1_0.name,m1_0.fk_team,m1_0.id,m1_0.birth_day,m1_0.country_code,m1_0.first_name,m1_0.gear_description,m1_0.last_name,m1_0.wins from team t1_0 left join rider m1_0 on t1_0.id=m1_0.fk_team where t1_0.id=?
Hibernate: select r1_0.id,r1_0.birth_day,r1_0.country_code,r1_0.first_name,r1_0.gear_description,r1_0.last_name,r1_0.fk_team,t1_0.id,t1_0.head_sponsor,t1_0.name,r1_0.wins,p1_0.rider_id,p1_1.id,p1_1.count_of_viewers,p1_1.country_code,p1_1.date,p1_1.location,p1_1.name,p1_1.race_creator,w1_0.id,w1_0.birth_day,w1_0.country_code,w1_0.first_name,w1_0.gear_description,w1_0.last_name,w1_0.fk_team,t2_0.id,t2_0.head_sponsor,t2_0.name,w1_0.wins from rider r1_0 join team t1_0 on t1_0.id=r1_0.fk_team left join (rider_program p1_0 join race p1_1 on p1_1.id=p1_0.race_id) on r1_0.id=p1_0.rider_id left join rider w1_0 on w1_0.id=p1_1.winner_id left join team t2_0 on t2_0.id=w1_0.fk_team where r1_0.id=?
Hibernate: select r1_0.id,r1_0.count_of_viewers,r1_0.country_code,r1_0.date,r1_0.location,r1_0.name,r1_0.race_creator,w1_0.id,w1_0.birth_day,w1_0.country_code,w1_0.first_name,w1_0.gear_description,w1_0.last_name,w1_0.fk_team,t1_0.id,t1_0.head_sponsor,t1_0.name,w1_0.wins,p1_0.rider_id,p1_1.id,p1_1.count_of_viewers,p1_1.country_code,p1_1.date,p1_1.location,p1_1.name,p1_1.race_creator from race r1_0 left join rider w1_0 on w1_0.id=r1_0.winner_id left join team t1_0 on t1_0.id=w1_0.fk_team left join (rider_program p1_0 join race p1_1 on p1_1.id=p1_0.race_id) on w1_0.id=p1_0.rider_id where r1_0.id=?
Hibernate: insert into calendar (end_year,start_year,id) values (?,?,?)
Hibernate: insert into team (head_sponsor,name,id) values (?,?,?)
Hibernate: insert into rider (birth_day,country_code,first_name,gear_description,last_name,fk_team,wins,id) values (?,?,?,?,?,?,?,?)
Hibernate: insert into race (count_of_viewers,country_code,date,location,name,race_creator,winner_id,id) values (?,?,?,?,?,?,?,default)
Hibernate: update rider set birth_day=?,country_code=?,first_name=?,gear_description=?,last_name=?,fk_team=?,wins=? where id=?
Hibernate: update race set count_of_viewers=?,country_code=?,date=?,location=?,name=?,race_creator=?,winner_id=? where id=?
Hibernate: insert into rider_program (rider_id,race_id) values (?,?)
Hibernate: update race set calendar_id=? where id=?
Hibernate: insert into riders_in_race (race_id,rider_id) values (?,?)
Hibernate: select r1_0.id,r1_0.birth_day,r1_0.country_code,r1_0.first_name,r1_0.gear_description,r1_0.last_name,r1_0.fk_team,r1_0.wins from rider r1_0 where r1_0.first_name=? and r1_0.last_name=?
Hibernate: select next value for calendar_seq
Hibernate: select t1_0.id,t1_0.head_sponsor,t1_0.name,m1_0.fk_team,m1_0.id,m1_0.birth_day,m1_0.country_code,m1_0.first_name,m1_0.gear_description,m1_0.last_name,m1_0.wins from team t1_0 left join rider m1_0 on t1_0.id=m1_0.fk_team where t1_0.id=?
Hibernate: select next value for team_seq
Hibernate: select r1_0.id,r1_0.birth_day,r1_0.country_code,r1_0.first_name,r1_0.gear_description,r1_0.last_name,r1_0.fk_team,t1_0.id,t1_0.head_sponsor,t1_0.name,r1_0.wins,p1_0.rider_id,p1_1.id,p1_1.count_of_viewers,p1_1.country_code,p1_1.date,p1_1.location,p1_1.name,p1_1.race_creator,w1_0.id,w1_0.birth_day,w1_0.country_code,w1_0.first_name,w1_0.gear_description,w1_0.last_name,w1_0.fk_team,t2_0.id,t2_0.head_sponsor,t2_0.name,w1_0.wins from rider r1_0 join team t1_0 on t1_0.id=r1_0.fk_team left join (rider_program p1_0 join race p1_1 on p1_1.id=p1_0.race_id) on r1_0.id=p1_0.rider_id left join rider w1_0 on w1_0.id=p1_1.winner_id left join team t2_0 on t2_0.id=w1_0.fk_team where r1_0.id=?
Hibernate: select next value for rider_seq
Hibernate: select r1_0.id,r1_0.count_of_viewers,r1_0.country_code,r1_0.date,r1_0.location,r1_0.name,r1_0.race_creator,w1_0.id,w1_0.birth_day,w1_0.country_code,w1_0.first_name,w1_0.gear_description,w1_0.last_name,w1_0.fk_team,t1_0.id,t1_0.head_sponsor,t1_0.name,w1_0.wins,p1_0.rider_id,p1_1.id,p1_1.count_of_viewers,p1_1.country_code,p1_1.date,p1_1.location,p1_1.name,p1_1.race_creator from race r1_0 left join rider w1_0 on w1_0.id=r1_0.winner_id left join team t1_0 on t1_0.id=w1_0.fk_team left join (rider_program p1_0 join race p1_1 on p1_1.id=p1_0.race_id) on w1_0.id=p1_0.rider_id where r1_0.id=?
Hibernate: insert into calendar (end_year,start_year,id) values (?,?,?)
Hibernate: insert into team (head_sponsor,name,id) values (?,?,?)
Hibernate: insert into rider (birth_day,country_code,first_name,gear_description,last_name,fk_team,wins,id) values (?,?,?,?,?,?,?,?)
Hibernate: insert into race (count_of_viewers,country_code,date,location,name,race_creator,winner_id,id) values (?,?,?,?,?,?,?,default)
Hibernate: update rider set birth_day=?,country_code=?,first_name=?,gear_description=?,last_name=?,fk_team=?,wins=? where id=?
Hibernate: update race set count_of_viewers=?,country_code=?,date=?,location=?,name=?,race_creator=?,winner_id=? where id=?
Hibernate: insert into rider_program (rider_id,race_id) values (?,?)
Hibernate: update race set calendar_id=? where id=?
Hibernate: insert into riders_in_race (race_id,rider_id) values (?,?)
Hibernate: select r1_0.id,r1_0.birth_day,r1_0.country_code,r1_0.first_name,r1_0.gear_description,r1_0.last_name,r1_0.fk_team,r1_0.wins from rider r1_0 where r1_0.first_name=? and r1_0.last_name=?
Hibernate: select t1_0.id,t1_0.head_sponsor,t1_0.name,m1_0.fk_team,m1_0.id,m1_0.birth_day,m1_0.country_code,m1_0.first_name,m1_0.gear_description,m1_0.last_name,m1_0.wins from team t1_0 left join rider m1_0 on t1_0.id=m1_0.fk_team where t1_0.id=?
Hibernate: select r1_0.id,r1_0.birth_day,r1_0.country_code,r1_0.first_name,r1_0.gear_description,r1_0.last_name,r1_0.fk_team,t1_0.id,t1_0.head_sponsor,t1_0.name,r1_0.wins,p1_0.rider_id,p1_1.id,p1_1.count_of_viewers,p1_1.country_code,p1_1.date,p1_1.location,p1_1.name,p1_1.race_creator,w1_0.id,w1_0.birth_day,w1_0.country_code,w1_0.first_name,w1_0.gear_description,w1_0.last_name,w1_0.fk_team,t2_0.id,t2_0.head_sponsor,t2_0.name,w1_0.wins from rider r1_0 join team t1_0 on t1_0.id=r1_0.fk_team left join (rider_program p1_0 join race p1_1 on p1_1.id=p1_0.race_id) on r1_0.id=p1_0.rider_id left join rider w1_0 on w1_0.id=p1_1.winner_id left join team t2_0 on t2_0.id=w1_0.fk_team where r1_0.id=?
Hibernate: select r1_0.id,r1_0.count_of_viewers,r1_0.country_code,r1_0.date,r1_0.location,r1_0.name,r1_0.race_creator,w1_0.id,w1_0.birth_day,w1_0.country_code,w1_0.first_name,w1_0.gear_description,w1_0.last_name,w1_0.fk_team,t1_0.id,t1_0.head_sponsor,t1_0.name,w1_0.wins,p1_0.rider_id,p1_1.id,p1_1.count_of_viewers,p1_1.country_code,p1_1.date,p1_1.location,p1_1.name,p1_1.race_creator from race r1_0 left join rider w1_0 on w1_0.id=r1_0.winner_id left join team t1_0 on t1_0.id=w1_0.fk_team left join (rider_program p1_0 join race p1_1 on p1_1.id=p1_0.race_id) on w1_0.id=p1_0.rider_id where r1_0.id=?
Hibernate: insert into calendar (end_year,start_year,id) values (?,?,?)
Hibernate: insert into team (head_sponsor,name,id) values (?,?,?)
Hibernate: insert into rider (birth_day,country_code,first_name,gear_description,last_name,fk_team,wins,id) values (?,?,?,?,?,?,?,?)
Hibernate: insert into race (count_of_viewers,country_code,date,location,name,race_creator,winner_id,id) values (?,?,?,?,?,?,?,default)
Hibernate: update rider set birth_day=?,country_code=?,first_name=?,gear_description=?,last_name=?,fk_team=?,wins=? where id=?
Hibernate: update race set count_of_viewers=?,country_code=?,date=?,location=?,name=?,race_creator=?,winner_id=? where id=?
Hibernate: insert into rider_program (rider_id,race_id) values (?,?)
Hibernate: update race set calendar_id=? where id=?
Hibernate: insert into riders_in_race (race_id,rider_id) values (?,?)
Hibernate: select r1_0.id,r1_0.birth_day,r1_0.country_code,r1_0.first_name,r1_0.gear_description,r1_0.last_name,r1_0.fk_team,r1_0.wins from rider r1_0 where r1_0.first_name=? and r1_0.last_name=?
Hibernate: select t1_0.id,t1_0.head_sponsor,t1_0.name,m1_0.fk_team,m1_0.id,m1_0.birth_day,m1_0.country_code,m1_0.first_name,m1_0.gear_description,m1_0.last_name,m1_0.wins from team t1_0 left join rider m1_0 on t1_0.id=m1_0.fk_team where t1_0.id=?
Hibernate: select r1_0.id,r1_0.birth_day,r1_0.country_code,r1_0.first_name,r1_0.gear_description,r1_0.last_name,r1_0.fk_team,t1_0.id,t1_0.head_sponsor,t1_0.name,r1_0.wins,p1_0.rider_id,p1_1.id,p1_1.count_of_viewers,p1_1.country_code,p1_1.date,p1_1.location,p1_1.name,p1_1.race_creator,w1_0.id,w1_0.birth_day,w1_0.country_code,w1_0.first_name,w1_0.gear_description,w1_0.last_name,w1_0.fk_team,t2_0.id,t2_0.head_sponsor,t2_0.name,w1_0.wins from rider r1_0 join team t1_0 on t1_0.id=r1_0.fk_team left join (rider_program p1_0 join race p1_1 on p1_1.id=p1_0.race_id) on r1_0.id=p1_0.rider_id left join rider w1_0 on w1_0.id=p1_1.winner_id left join team t2_0 on t2_0.id=w1_0.fk_team where r1_0.id=?
Hibernate: select r1_0.id,r1_0.count_of_viewers,r1_0.country_code,r1_0.date,r1_0.location,r1_0.name,r1_0.race_creator,w1_0.id,w1_0.birth_day,w1_0.country_code,w1_0.first_name,w1_0.gear_description,w1_0.last_name,w1_0.fk_team,t1_0.id,t1_0.head_sponsor,t1_0.name,w1_0.wins,p1_0.rider_id,p1_1.id,p1_1.count_of_viewers,p1_1.country_code,p1_1.date,p1_1.location,p1_1.name,p1_1.race_creator from race r1_0 left join rider w1_0 on w1_0.id=r1_0.winner_id left join team t1_0 on t1_0.id=w1_0.fk_team left join (rider_program p1_0 join race p1_1 on p1_1.id=p1_0.race_id) on w1_0.id=p1_0.rider_id where r1_0.id=?
Hibernate: insert into calendar (end_year,start_year,id) values (?,?,?)
Hibernate: insert into team (head_sponsor,name,id) values (?,?,?)
Hibernate: insert into rider (birth_day,country_code,first_name,gear_description,last_name,fk_team,wins,id) values (?,?,?,?,?,?,?,?)
Hibernate: insert into race (count_of_viewers,country_code,date,location,name,race_creator,winner_id,id) values (?,?,?,?,?,?,?,default)
Hibernate: update rider set birth_day=?,country_code=?,first_name=?,gear_description=?,last_name=?,fk_team=?,wins=? where id=?
Hibernate: update race set count_of_viewers=?,country_code=?,date=?,location=?,name=?,race_creator=?,winner_id=? where id=?
Hibernate: insert into rider_program (rider_id,race_id) values (?,?)
Hibernate: update race set calendar_id=? where id=?
Hibernate: insert into riders_in_race (race_id,rider_id) values (?,?)
Hibernate: select r1_0.id,r1_0.birth_day,r1_0.country_code,r1_0.first_name,r1_0.gear_description,r1_0.last_name,r1_0.fk_team,r1_0.wins from rider r1_0 where r1_0.first_name=? and r1_0.last_name=?
Hibernate: select t1_0.id,t1_0.head_sponsor,t1_0.name,m1_0.fk_team,m1_0.id,m1_0.birth_day,m1_0.country_code,m1_0.first_name,m1_0.gear_description,m1_0.last_name,m1_0.wins from team t1_0 left join rider m1_0 on t1_0.id=m1_0.fk_team where t1_0.id=?
Hibernate: select r1_0.id,r1_0.birth_day,r1_0.country_code,r1_0.first_name,r1_0.gear_description,r1_0.last_name,r1_0.fk_team,t1_0.id,t1_0.head_sponsor,t1_0.name,r1_0.wins,p1_0.rider_id,p1_1.id,p1_1.count_of_viewers,p1_1.country_code,p1_1.date,p1_1.location,p1_1.name,p1_1.race_creator,w1_0.id,w1_0.birth_day,w1_0.country_code,w1_0.first_name,w1_0.gear_description,w1_0.last_name,w1_0.fk_team,t2_0.id,t2_0.head_sponsor,t2_0.name,w1_0.wins from rider r1_0 join team t1_0 on t1_0.id=r1_0.fk_team left join (rider_program p1_0 join race p1_1 on p1_1.id=p1_0.race_id) on r1_0.id=p1_0.rider_id left join rider w1_0 on w1_0.id=p1_1.winner_id left join team t2_0 on t2_0.id=w1_0.fk_team where r1_0.id=?
Hibernate: select r1_0.id,r1_0.count_of_viewers,r1_0.country_code,r1_0.date,r1_0.location,r1_0.name,r1_0.race_creator,w1_0.id,w1_0.birth_day,w1_0.country_code,w1_0.first_name,w1_0.gear_description,w1_0.last_name,w1_0.fk_team,t1_0.id,t1_0.head_sponsor,t1_0.name,w1_0.wins,p1_0.rider_id,p1_1.id,p1_1.count_of_viewers,p1_1.country_code,p1_1.date,p1_1.location,p1_1.name,p1_1.race_creator from race r1_0 left join rider w1_0 on w1_0.id=r1_0.winner_id left join team t1_0 on t1_0.id=w1_0.fk_team left join (rider_program p1_0 join race p1_1 on p1_1.id=p1_0.race_id) on w1_0.id=p1_0.rider_id where r1_0.id=?
Hibernate: insert into calendar (end_year,start_year,id) values (?,?,?)
Hibernate: insert into team (head_sponsor,name,id) values (?,?,?)
Hibernate: insert into rider (birth_day,country_code,first_name,gear_description,last_name,fk_team,wins,id) values (?,?,?,?,?,?,?,?)
Hibernate: insert into race (count_of_viewers,country_code,date,location,name,race_creator,winner_id,id) values (?,?,?,?,?,?,?,default)
Hibernate: update rider set birth_day=?,country_code=?,first_name=?,gear_description=?,last_name=?,fk_team=?,wins=? where id=?
Hibernate: update race set count_of_viewers=?,country_code=?,date=?,location=?,name=?,race_creator=?,winner_id=? where id=?
Hibernate: insert into rider_program (rider_id,race_id) values (?,?)
Hibernate: update race set calendar_id=? where id=?
Hibernate: insert into riders_in_race (race_id,rider_id) values (?,?)
Hibernate: select r1_0.id,r1_0.birth_day,r1_0.country_code,r1_0.first_name,r1_0.gear_description,r1_0.last_name,r1_0.fk_team,r1_0.wins from rider r1_0 where r1_0.first_name=? and r1_0.last_name=?
Hibernate: select t1_0.id,t1_0.head_sponsor,t1_0.name,m1_0.fk_team,m1_0.id,m1_0.birth_day,m1_0.country_code,m1_0.first_name,m1_0.gear_description,m1_0.last_name,m1_0.wins from team t1_0 left join rider m1_0 on t1_0.id=m1_0.fk_team where t1_0.id=?
Hibernate: select r1_0.id,r1_0.birth_day,r1_0.country_code,r1_0.first_name,r1_0.gear_description,r1_0.last_name,r1_0.fk_team,t1_0.id,t1_0.head_sponsor,t1_0.name,r1_0.wins,p1_0.rider_id,p1_1.id,p1_1.count_of_viewers,p1_1.country_code,p1_1.date,p1_1.location,p1_1.name,p1_1.race_creator,w1_0.id,w1_0.birth_day,w1_0.country_code,w1_0.first_name,w1_0.gear_description,w1_0.last_name,w1_0.fk_team,t2_0.id,t2_0.head_sponsor,t2_0.name,w1_0.wins from rider r1_0 join team t1_0 on t1_0.id=r1_0.fk_team left join (rider_program p1_0 join race p1_1 on p1_1.id=p1_0.race_id) on r1_0.id=p1_0.rider_id left join rider w1_0 on w1_0.id=p1_1.winner_id left join team t2_0 on t2_0.id=w1_0.fk_team where r1_0.id=?
Hibernate: select r1_0.id,r1_0.count_of_viewers,r1_0.country_code,r1_0.date,r1_0.location,r1_0.name,r1_0.race_creator,w1_0.id,w1_0.birth_day,w1_0.country_code,w1_0.first_name,w1_0.gear_description,w1_0.last_name,w1_0.fk_team,t1_0.id,t1_0.head_sponsor,t1_0.name,w1_0.wins,p1_0.rider_id,p1_1.id,p1_1.count_of_viewers,p1_1.country_code,p1_1.date,p1_1.location,p1_1.name,p1_1.race_creator from race r1_0 left join rider w1_0 on w1_0.id=r1_0.winner_id left join team t1_0 on t1_0.id=w1_0.fk_team left join (rider_program p1_0 join race p1_1 on p1_1.id=p1_0.race_id) on w1_0.id=p1_0.rider_id where r1_0.id=?
Hibernate: insert into calendar (end_year,start_year,id) values (?,?,?)
Hibernate: insert into team (head_sponsor,name,id) values (?,?,?)
Hibernate: insert into rider (birth_day,country_code,first_name,gear_description,last_name,fk_team,wins,id) values (?,?,?,?,?,?,?,?)
Hibernate: insert into race (count_of_viewers,country_code,date,location,name,race_creator,winner_id,id) values (?,?,?,?,?,?,?,default)
Hibernate: update rider set birth_day=?,country_code=?,first_name=?,gear_description=?,last_name=?,fk_team=?,wins=? where id=?
Hibernate: update race set count_of_viewers=?,country_code=?,date=?,location=?,name=?,race_creator=?,winner_id=? where id=?
Hibernate: insert into rider_program (rider_id,race_id) values (?,?)
Hibernate: update race set calendar_id=? where id=?
Hibernate: insert into riders_in_race (race_id,rider_id) values (?,?)
Hibernate: select r1_0.id,r1_0.birth_day,r1_0.country_code,r1_0.first_name,r1_0.gear_description,r1_0.last_name,r1_0.fk_team,r1_0.wins from rider r1_0 where r1_0.first_name=? and r1_0.last_name=?
Hibernate: select t1_0.id,t1_0.head_sponsor,t1_0.name,m1_0.fk_team,m1_0.id,m1_0.birth_day,m1_0.country_code,m1_0.first_name,m1_0.gear_description,m1_0.last_name,m1_0.wins from team t1_0 left join rider m1_0 on t1_0.id=m1_0.fk_team where t1_0.id=?
Hibernate: select r1_0.id,r1_0.birth_day,r1_0.country_code,r1_0.first_name,r1_0.gear_description,r1_0.last_name,r1_0.fk_team,t1_0.id,t1_0.head_sponsor,t1_0.name,r1_0.wins,p1_0.rider_id,p1_1.id,p1_1.count_of_viewers,p1_1.country_code,p1_1.date,p1_1.location,p1_1.name,p1_1.race_creator,w1_0.id,w1_0.birth_day,w1_0.country_code,w1_0.first_name,w1_0.gear_description,w1_0.last_name,w1_0.fk_team,t2_0.id,t2_0.head_sponsor,t2_0.name,w1_0.wins from rider r1_0 join team t1_0 on t1_0.id=r1_0.fk_team left join (rider_program p1_0 join race p1_1 on p1_1.id=p1_0.race_id) on r1_0.id=p1_0.rider_id left join rider w1_0 on w1_0.id=p1_1.winner_id left join team t2_0 on t2_0.id=w1_0.fk_team where r1_0.id=?
Hibernate: select r1_0.id,r1_0.count_of_viewers,r1_0.country_code,r1_0.date,r1_0.location,r1_0.name,r1_0.race_creator,w1_0.id,w1_0.birth_day,w1_0.country_code,w1_0.first_name,w1_0.gear_description,w1_0.last_name,w1_0.fk_team,t1_0.id,t1_0.head_sponsor,t1_0.name,w1_0.wins,p1_0.rider_id,p1_1.id,p1_1.count_of_viewers,p1_1.country_code,p1_1.date,p1_1.location,p1_1.name,p1_1.race_creator from race r1_0 left join rider w1_0 on w1_0.id=r1_0.winner_id left join team t1_0 on t1_0.id=w1_0.fk_team left join (rider_program p1_0 join race p1_1 on p1_1.id=p1_0.race_id) on w1_0.id=p1_0.rider_id where r1_0.id=?
Hibernate: insert into calendar (end_year,start_year,id) values (?,?,?)
Hibernate: insert into team (head_sponsor,name,id) values (?,?,?)
Hibernate: insert into rider (birth_day,country_code,first_name,gear_description,last_name,fk_team,wins,id) values (?,?,?,?,?,?,?,?)
Hibernate: insert into race (count_of_viewers,country_code,date,location,name,race_creator,winner_id,id) values (?,?,?,?,?,?,?,default)
Hibernate: update rider set birth_day=?,country_code=?,first_name=?,gear_description=?,last_name=?,fk_team=?,wins=? where id=?
Hibernate: update race set count_of_viewers=?,country_code=?,date=?,location=?,name=?,race_creator=?,winner_id=? where id=?
Hibernate: insert into rider_program (rider_id,race_id) values (?,?)
Hibernate: update race set calendar_id=? where id=?
Hibernate: insert into riders_in_race (race_id,rider_id) values (?,?)
Hibernate: select r1_0.id,r1_0.birth_day,r1_0.country_code,r1_0.first_name,r1_0.gear_description,r1_0.last_name,r1_0.fk_team,r1_0.wins from rider r1_0 where r1_0.first_name=? and r1_0.last_name=?
Hibernate: select t1_0.id,t1_0.head_sponsor,t1_0.name,m1_0.fk_team,m1_0.id,m1_0.birth_day,m1_0.country_code,m1_0.first_name,m1_0.gear_description,m1_0.last_name,m1_0.wins from team t1_0 left join rider m1_0 on t1_0.id=m1_0.fk_team where t1_0.id=?
Hibernate: select r1_0.id,r1_0.birth_day,r1_0.country_code,r1_0.first_name,r1_0.gear_description,r1_0.last_name,r1_0.fk_team,t1_0.id,t1_0.head_sponsor,t1_0.name,r1_0.wins,p1_0.rider_id,p1_1.id,p1_1.count_of_viewers,p1_1.country_code,p1_1.date,p1_1.location,p1_1.name,p1_1.race_creator,w1_0.id,w1_0.birth_day,w1_0.country_code,w1_0.first_name,w1_0.gear_description,w1_0.last_name,w1_0.fk_team,t2_0.id,t2_0.head_sponsor,t2_0.name,w1_0.wins from rider r1_0 join team t1_0 on t1_0.id=r1_0.fk_team left join (rider_program p1_0 join race p1_1 on p1_1.id=p1_0.race_id) on r1_0.id=p1_0.rider_id left join rider w1_0 on w1_0.id=p1_1.winner_id left join team t2_0 on t2_0.id=w1_0.fk_team where r1_0.id=?
Hibernate: select r1_0.id,r1_0.count_of_viewers,r1_0.country_code,r1_0.date,r1_0.location,r1_0.name,r1_0.race_creator,w1_0.id,w1_0.birth_day,w1_0.country_code,w1_0.first_name,w1_0.gear_description,w1_0.last_name,w1_0.fk_team,t1_0.id,t1_0.head_sponsor,t1_0.name,w1_0.wins,p1_0.rider_id,p1_1.id,p1_1.count_of_viewers,p1_1.country_code,p1_1.date,p1_1.location,p1_1.name,p1_1.race_creator from race r1_0 left join rider w1_0 on w1_0.id=r1_0.winner_id left join team t1_0 on t1_0.id=w1_0.fk_team left join (rider_program p1_0 join race p1_1 on p1_1.id=p1_0.race_id) on w1_0.id=p1_0.rider_id where r1_0.id=?
Hibernate: insert into calendar (end_year,start_year,id) values (?,?,?)
Hibernate: insert into team (head_sponsor,name,id) values (?,?,?)
Hibernate: insert into rider (birth_day,country_code,first_name,gear_description,last_name,fk_team,wins,id) values (?,?,?,?,?,?,?,?)
Hibernate: insert into race (count_of_viewers,country_code,date,location,name,race_creator,winner_id,id) values (?,?,?,?,?,?,?,default)
Hibernate: update rider set birth_day=?,country_code=?,first_name=?,gear_description=?,last_name=?,fk_team=?,wins=? where id=?
Hibernate: update race set count_of_viewers=?,country_code=?,date=?,location=?,name=?,race_creator=?,winner_id=? where id=?
Hibernate: insert into rider_program (rider_id,race_id) values (?,?)
Hibernate: update race set calendar_id=? where id=?
Hibernate: insert into riders_in_race (race_id,rider_id) values (?,?)
Hibernate: select r1_0.id,r1_0.birth_day,r1_0.country_code,r1_0.first_name,r1_0.gear_description,r1_0.last_name,r1_0.fk_team,r1_0.wins from rider r1_0 where r1_0.first_name=? and r1_0.last_name=?
Hibernate: select t1_0.id,t1_0.head_sponsor,t1_0.name,m1_0.fk_team,m1_0.id,m1_0.birth_day,m1_0.country_code,m1_0.first_name,m1_0.gear_description,m1_0.last_name,m1_0.wins from team t1_0 left join rider m1_0 on t1_0.id=m1_0.fk_team where t1_0.id=?
Hibernate: select r1_0.id,r1_0.birth_day,r1_0.country_code,r1_0.first_name,r1_0.gear_description,r1_0.last_name,r1_0.fk_team,t1_0.id,t1_0.head_sponsor,t1_0.name,r1_0.wins,p1_0.rider_id,p1_1.id,p1_1.count_of_viewers,p1_1.country_code,p1_1.date,p1_1.location,p1_1.name,p1_1.race_creator,w1_0.id,w1_0.birth_day,w1_0.country_code,w1_0.first_name,w1_0.gear_description,w1_0.last_name,w1_0.fk_team,t2_0.id,t2_0.head_sponsor,t2_0.name,w1_0.wins from rider r1_0 join team t1_0 on t1_0.id=r1_0.fk_team left join (rider_program p1_0 join race p1_1 on p1_1.id=p1_0.race_id) on r1_0.id=p1_0.rider_id left join rider w1_0 on w1_0.id=p1_1.winner_id left join team t2_0 on t2_0.id=w1_0.fk_team where r1_0.id=?
Hibernate: select r1_0.id,r1_0.count_of_viewers,r1_0.country_code,r1_0.date,r1_0.location,r1_0.name,r1_0.race_creator,w1_0.id,w1_0.birth_day,w1_0.country_code,w1_0.first_name,w1_0.gear_description,w1_0.last_name,w1_0.fk_team,t1_0.id,t1_0.head_sponsor,t1_0.name,w1_0.wins,p1_0.rider_id,p1_1.id,p1_1.count_of_viewers,p1_1.country_code,p1_1.date,p1_1.location,p1_1.name,p1_1.race_creator from race r1_0 left join rider w1_0 on w1_0.id=r1_0.winner_id left join team t1_0 on t1_0.id=w1_0.fk_team left join (rider_program p1_0 join race p1_1 on p1_1.id=p1_0.race_id) on w1_0.id=p1_0.rider_id where r1_0.id=?
Hibernate: insert into calendar (end_year,start_year,id) values (?,?,?)
Hibernate: insert into team (head_sponsor,name,id) values (?,?,?)
Hibernate: insert into rider (birth_day,country_code,first_name,gear_description,last_name,fk_team,wins,id) values (?,?,?,?,?,?,?,?)
Hibernate: insert into race (count_of_viewers,country_code,date,location,name,race_creator,winner_id,id) values (?,?,?,?,?,?,?,default)
Hibernate: update rider set birth_day=?,country_code=?,first_name=?,gear_description=?,last_name=?,fk_team=?,wins=? where id=?
Hibernate: update race set count_of_viewers=?,country_code=?,date=?,location=?,name=?,race_creator=?,winner_id=? where id=?
Hibernate: insert into rider_program (rider_id,race_id) values (?,?)
Hibernate: update race set calendar_id=? where id=?
Hibernate: insert into riders_in_race (race_id,rider_id) values (?,?)
Hibernate: select r1_0.id,r1_0.birth_day,r1_0.country_code,r1_0.first_name,r1_0.gear_description,r1_0.last_name,r1_0.fk_team,r1_0.wins from rider r1_0 where r1_0.first_name=? and r1_0.last_name=?
Hibernate: select t1_0.id,t1_0.head_sponsor,t1_0.name,m1_0.fk_team,m1_0.id,m1_0.birth_day,m1_0.country_code,m1_0.first_name,m1_0.gear_description,m1_0.last_name,m1_0.wins from team t1_0 left join rider m1_0 on t1_0.id=m1_0.fk_team where t1_0.id=?
Hibernate: select r1_0.id,r1_0.birth_day,r1_0.country_code,r1_0.first_name,r1_0.gear_description,r1_0.last_name,r1_0.fk_team,t1_0.id,t1_0.head_sponsor,t1_0.name,r1_0.wins,p1_0.rider_id,p1_1.id,p1_1.count_of_viewers,p1_1.country_code,p1_1.date,p1_1.location,p1_1.name,p1_1.race_creator,w1_0.id,w1_0.birth_day,w1_0.country_code,w1_0.first_name,w1_0.gear_description,w1_0.last_name,w1_0.fk_team,t2_0.id,t2_0.head_sponsor,t2_0.name,w1_0.wins from rider r1_0 join team t1_0 on t1_0.id=r1_0.fk_team left join (rider_program p1_0 join race p1_1 on p1_1.id=p1_0.race_id) on r1_0.id=p1_0.rider_id left join rider w1_0 on w1_0.id=p1_1.winner_id left join team t2_0 on t2_0.id=w1_0.fk_team where r1_0.id=?
Hibernate: select r1_0.id,r1_0.count_of_viewers,r1_0.country_code,r1_0.date,r1_0.location,r1_0.name,r1_0.race_creator,w1_0.id,w1_0.birth_day,w1_0.country_code,w1_0.first_name,w1_0.gear_description,w1_0.last_name,w1_0.fk_team,t1_0.id,t1_0.head_sponsor,t1_0.name,w1_0.wins,p1_0.rider_id,p1_1.id,p1_1.count_of_viewers,p1_1.country_code,p1_1.date,p1_1.location,p1_1.name,p1_1.race_creator from race r1_0 left join rider w1_0 on w1_0.id=r1_0.winner_id left join team t1_0 on t1_0.id=w1_0.fk_team left join (rider_program p1_0 join race p1_1 on p1_1.id=p1_0.race_id) on w1_0.id=p1_0.rider_id where r1_0.id=?
Hibernate: insert into calendar (end_year,start_year,id) values (?,?,?)
Hibernate: insert into team (head_sponsor,name,id) values (?,?,?)
Hibernate: insert into rider (birth_day,country_code,first_name,gear_description,last_name,fk_team,wins,id) values (?,?,?,?,?,?,?,?)
Hibernate: insert into race (count_of_viewers,country_code,date,location,name,race_creator,winner_id,id) values (?,?,?,?,?,?,?,default)
Hibernate: update rider set birth_day=?,country_code=?,first_name=?,gear_description=?,last_name=?,fk_team=?,wins=? where id=?
Hibernate: update race set count_of_viewers=?,country_code=?,date=?,location=?,name=?,race_creator=?,winner_id=? where id=?
Hibernate: insert into rider_program (rider_id,race_id) values (?,?)
Hibernate: update race set calendar_id=? where id=?
Hibernate: insert into riders_in_race (race_id,rider_id) values (?,?)
Hibernate: select r1_0.id,r1_0.birth_day,r1_0.country_code,r1_0.first_name,r1_0.gear_description,r1_0.last_name,r1_0.fk_team,r1_0.wins from rider r1_0 where r1_0.first_name=? and r1_0.last_name=?
Hibernate: select t1_0.id,t1_0.head_sponsor,t1_0.name,m1_0.fk_team,m1_0.id,m1_0.birth_day,m1_0.country_code,m1_0.first_name,m1_0.gear_description,m1_0.last_name,m1_0.wins from team t1_0 left join rider m1_0 on t1_0.id=m1_0.fk_team where t1_0.id=?
Hibernate: select r1_0.id,r1_0.birth_day,r1_0.country_code,r1_0.first_name,r1_0.gear_description,r1_0.last_name,r1_0.fk_team,t1_0.id,t1_0.head_sponsor,t1_0.name,r1_0.wins,p1_0.rider_id,p1_1.id,p1_1.count_of_viewers,p1_1.country_code,p1_1.date,p1_1.location,p1_1.name,p1_1.race_creator,w1_0.id,w1_0.birth_day,w1_0.country_code,w1_0.first_name,w1_0.gear_description,w1_0.last_name,w1_0.fk_team,t2_0.id,t2_0.head_sponsor,t2_0.name,w1_0.wins from rider r1_0 join team t1_0 on t1_0.id=r1_0.fk_team left join (rider_program p1_0 join race p1_1 on p1_1.id=p1_0.race_id) on r1_0.id=p1_0.rider_id left join rider w1_0 on w1_0.id=p1_1.winner_id left join team t2_0 on t2_0.id=w1_0.fk_team where r1_0.id=?
Hibernate: select r1_0.id,r1_0.count_of_viewers,r1_0.country_code,r1_0.date,r1_0.location,r1_0.name,r1_0.race_creator,w1_0.id,w1_0.birth_day,w1_0.country_code,w1_0.first_name,w1_0.gear_description,w1_0.last_name,w1_0.fk_team,t1_0.id,t1_0.head_sponsor,t1_0.name,w1_0.wins,p1_0.rider_id,p1_1.id,p1_1.count_of_viewers,p1_1.country_code,p1_1.date,p1_1.location,p1_1.name,p1_1.race_creator from race r1_0 left join rider w1_0 on w1_0.id=r1_0.winner_id left join team t1_0 on t1_0.id=w1_0.fk_team left join (rider_program p1_0 join race p1_1 on p1_1.id=p1_0.race_id) on w1_0.id=p1_0.rider_id where r1_0.id=?
Hibernate: insert into calendar (end_year,start_year,id) values (?,?,?)
Hibernate: insert into team (head_sponsor,name,id) values (?,?,?)
Hibernate: insert into rider (birth_day,country_code,first_name,gear_description,last_name,fk_team,wins,id) values (?,?,?,?,?,?,?,?)
Hibernate: insert into race (count_of_viewers,country_code,date,location,name,race_creator,winner_id,id) values (?,?,?,?,?,?,?,default)
Hibernate: update rider set birth_day=?,country_code=?,first_name=?,gear_description=?,last_name=?,fk_team=?,wins=? where id=?
Hibernate: update race set count_of_viewers=?,country_code=?,date=?,location=?,name=?,race_creator=?,winner_id=? where id=?
Hibernate: insert into rider_program (rider_id,race_id) values (?,?)
Hibernate: update race set calendar_id=? where id=?
Hibernate: insert into riders_in_race (race_id,rider_id) values (?,?)
Hibernate: select r1_0.id,r1_0.birth_day,r1_0.country_code,r1_0.first_name,r1_0.gear_description,r1_0.last_name,r1_0.fk_team,r1_0.wins from rider r1_0 where r1_0.first_name=? and r1_0.last_name=?
Hibernate: select t1_0.id,t1_0.head_sponsor,t1_0.name,m1_0.fk_team,m1_0.id,m1_0.birth_day,m1_0.country_code,m1_0.first_name,m1_0.gear_description,m1_0.last_name,m1_0.wins from team t1_0 left join rider m1_0 on t1_0.id=m1_0.fk_team where t1_0.id=?
Hibernate: select r1_0.id,r1_0.birth_day,r1_0.country_code,r1_0.first_name,r1_0.gear_description,r1_0.last_name,r1_0.fk_team,t1_0.id,t1_0.head_sponsor,t1_0.name,r1_0.wins,p1_0.rider_id,p1_1.id,p1_1.count_of_viewers,p1_1.country_code,p1_1.date,p1_1.location,p1_1.name,p1_1.race_creator,w1_0.id,w1_0.birth_day,w1_0.country_code,w1_0.first_name,w1_0.gear_description,w1_0.last_name,w1_0.fk_team,t2_0.id,t2_0.head_sponsor,t2_0.name,w1_0.wins from rider r1_0 join team t1_0 on t1_0.id=r1_0.fk_team left join (rider_program p1_0 join race p1_1 on p1_1.id=p1_0.race_id) on r1_0.id=p1_0.rider_id left join rider w1_0 on w1_0.id=p1_1.winner_id left join team t2_0 on t2_0.id=w1_0.fk_team where r1_0.id=?
Hibernate: select r1_0.id,r1_0.count_of_viewers,r1_0.country_code,r1_0.date,r1_0.location,r1_0.name,r1_0.race_creator,w1_0.id,w1_0.birth_day,w1_0.country_code,w1_0.first_name,w1_0.gear_description,w1_0.last_name,w1_0.fk_team,t1_0.id,t1_0.head_sponsor,t1_0.name,w1_0.wins,p1_0.rider_id,p1_1.id,p1_1.count_of_viewers,p1_1.country_code,p1_1.date,p1_1.location,p1_1.name,p1_1.race_creator from race r1_0 left join rider w1_0 on w1_0.id=r1_0.winner_id left join team t1_0 on t1_0.id=w1_0.fk_team left join (rider_program p1_0 join race p1_1 on p1_1.id=p1_0.race_id) on w1_0.id=p1_0.rider_id where r1_0.id=?
Hibernate: insert into calendar (end_year,start_year,id) values (?,?,?)
Hibernate: insert into team (head_sponsor,name,id) values (?,?,?)
Hibernate: insert into rider (birth_day,country_code,first_name,gear_description,last_name,fk_team,wins,id) values (?,?,?,?,?,?,?,?)
Hibernate: insert into race (count_of_viewers,country_code,date,location,name,race_creator,winner_id,id) values (?,?,?,?,?,?,?,default)
Hibernate: update rider set birth_day=?,country_code=?,first_name=?,gear_description=?,last_name=?,fk_team=?,wins=? where id=?
Hibernate: update race set count_of_viewers=?,country_code=?,date=?,location=?,name=?,race_creator=?,winner_id=? where id=?
Hibernate: insert into rider_program (rider_id,race_id) values (?,?)
Hibernate: update race set calendar_id=? where id=?
Hibernate: insert into riders_in_race (race_id,rider_id) values (?,?)
Hibernate: select r1_0.id,r1_0.birth_day,r1_0.country_code,r1_0.first_name,r1_0.gear_description,r1_0.last_name,r1_0.fk_team,r1_0.wins from rider r1_0 where r1_0.first_name=? and r1_0.last_name=?
Hibernate: select t1_0.id,t1_0.head_sponsor,t1_0.name,m1_0.fk_team,m1_0.id,m1_0.birth_day,m1_0.country_code,m1_0.first_name,m1_0.gear_description,m1_0.last_name,m1_0.wins from team t1_0 left join rider m1_0 on t1_0.id=m1_0.fk_team where t1_0.id=?
Hibernate: select r1_0.id,r1_0.birth_day,r1_0.country_code,r1_0.first_name,r1_0.gear_description,r1_0.last_name,r1_0.fk_team,t1_0.id,t1_0.head_sponsor,t1_0.name,r1_0.wins,p1_0.rider_id,p1_1.id,p1_1.count_of_viewers,p1_1.country_code,p1_1.date,p1_1.location,p1_1.name,p1_1.race_creator,w1_0.id,w1_0.birth_day,w1_0.country_code,w1_0.first_name,w1_0.gear_description,w1_0.last_name,w1_0.fk_team,t2_0.id,t2_0.head_sponsor,t2_0.name,w1_0.wins from rider r1_0 join team t1_0 on t1_0.id=r1_0.fk_team left join (rider_program p1_0 join race p1_1 on p1_1.id=p1_0.race_id) on r1_0.id=p1_0.rider_id left join rider w1_0 on w1_0.id=p1_1.winner_id left join team t2_0 on t2_0.id=w1_0.fk_team where r1_0.id=?
Hibernate: select r1_0.id,r1_0.count_of_viewers,r1_0.country_code,r1_0.date,r1_0.location,r1_0.name,r1_0.race_creator,w1_0.id,w1_0.birth_day,w1_0.country_code,w1_0.first_name,w1_0.gear_description,w1_0.last_name,w1_0.fk_team,t1_0.id,t1_0.head_sponsor,t1_0.name,w1_0.wins,p1_0.rider_id,p1_1.id,p1_1.count_of_viewers,p1_1.country_code,p1_1.date,p1_1.location,p1_1.name,p1_1.race_creator from race r1_0 left join rider w1_0 on w1_0.id=r1_0.winner_id left join team t1_0 on t1_0.id=w1_0.fk_team left join (rider_program p1_0 join race p1_1 on p1_1.id=p1_0.race_id) on w1_0.id=p1_0.rider_id where r1_0.id=?
Hibernate: insert into calendar (end_year,start_year,id) values (?,?,?)
Hibernate: insert into team (head_sponsor,name,id) values (?,?,?)
Hibernate: insert into rider (birth_day,country_code,first_name,gear_description,last_name,fk_team,wins,id) values (?,?,?,?,?,?,?,?)
Hibernate: insert into race (count_of_viewers,country_code,date,location,name,race_creator,winner_id,id) values (?,?,?,?,?,?,?,default)
Hibernate: update rider set birth_day=?,country_code=?,first_name=?,gear_description=?,last_name=?,fk_team=?,wins=? where id=?
Hibernate: update race set count_of_viewers=?,country_code=?,date=?,location=?,name=?,race_creator=?,winner_id=? where id=?
Hibernate: insert into rider_program (rider_id,race_id) values (?,?)
Hibernate: update race set calendar_id=? where id=?
Hibernate: insert into riders_in_race (race_id,rider_id) values (?,?)
Hibernate: select r1_0.id,r1_0.birth_day,r1_0.country_code,r1_0.first_name,r1_0.gear_description,r1_0.last_name,r1_0.fk_team,r1_0.wins from rider r1_0 where r1_0.first_name=? and r1_0.last_name=?
Hibernate: select t1_0.id,t1_0.head_sponsor,t1_0.name,m1_0.fk_team,m1_0.id,m1_0.birth_day,m1_0.country_code,m1_0.first_name,m1_0.gear_description,m1_0.last_name,m1_0.wins from team t1_0 left join rider m1_0 on t1_0.id=m1_0.fk_team where t1_0.id=?
Hibernate: select r1_0.id,r1_0.birth_day,r1_0.country_code,r1_0.first_name,r1_0.gear_description,r1_0.last_name,r1_0.fk_team,t1_0.id,t1_0.head_sponsor,t1_0.name,r1_0.wins,p1_0.rider_id,p1_1.id,p1_1.count_of_viewers,p1_1.country_code,p1_1.date,p1_1.location,p1_1.name,p1_1.race_creator,w1_0.id,w1_0.birth_day,w1_0.country_code,w1_0.first_name,w1_0.gear_description,w1_0.last_name,w1_0.fk_team,t2_0.id,t2_0.head_sponsor,t2_0.name,w1_0.wins from rider r1_0 join team t1_0 on t1_0.id=r1_0.fk_team left join (rider_program p1_0 join race p1_1 on p1_1.id=p1_0.race_id) on r1_0.id=p1_0.rider_id left join rider w1_0 on w1_0.id=p1_1.winner_id left join team t2_0 on t2_0.id=w1_0.fk_team where r1_0.id=?
Hibernate: select r1_0.id,r1_0.count_of_viewers,r1_0.country_code,r1_0.date,r1_0.location,r1_0.name,r1_0.race_creator,w1_0.id,w1_0.birth_day,w1_0.country_code,w1_0.first_name,w1_0.gear_description,w1_0.last_name,w1_0.fk_team,t1_0.id,t1_0.head_sponsor,t1_0.name,w1_0.wins,p1_0.rider_id,p1_1.id,p1_1.count_of_viewers,p1_1.country_code,p1_1.date,p1_1.location,p1_1.name,p1_1.race_creator from race r1_0 left join rider w1_0 on w1_0.id=r1_0.winner_id left join team t1_0 on t1_0.id=w1_0.fk_team left join (rider_program p1_0 join race p1_1 on p1_1.id=p1_0.race_id) on w1_0.id=p1_0.rider_id where r1_0.id=?
Hibernate: insert into calendar (end_year,start_year,id) values (?,?,?)
Hibernate: insert into team (head_sponsor,name,id) values (?,?,?)
Hibernate: insert into rider (birth_day,country_code,first_name,gear_description,last_name,fk_team,wins,id) values (?,?,?,?,?,?,?,?)
Hibernate: insert into race (count_of_viewers,country_code,date,location,name,race_creator,winner_id,id) values (?,?,?,?,?,?,?,default)
Hibernate: update rider set birth_day=?,country_code=?,first_name=?,gear_description=?,last_name=?,fk_team=?,wins=? where id=?
Hibernate: update race set count_of_viewers=?,country_code=?,date=?,location=?,name=?,race_creator=?,winner_id=? where id=?
Hibernate: insert into rider_program (rider_id,race_id) values (?,?)
Hibernate: update race set calendar_id=? where id=?
Hibernate: insert into riders_in_race (race_id,rider_id) values (?,?)
Hibernate: select r1_0.id,r1_0.birth_day,r1_0.country_code,r1_0.first_name,r1_0.gear_description,r1_0.last_name,r1_0.fk_team,r1_0.wins from rider r1_0 where r1_0.first_name=? and r1_0.last_name=?
Hibernate: select t1_0.id,t1_0.head_sponsor,t1_0.name,m1_0.fk_team,m1_0.id,m1_0.birth_day,m1_0.country_code,m1_0.first_name,m1_0.gear_description,m1_0.last_name,m1_0.wins from team t1_0 left join rider m1_0 on t1_0.id=m1_0.fk_team where t1_0.id=?
Hibernate: select r1_0.id,r1_0.birth_day,r1_0.country_code,r1_0.first_name,r1_0.gear_description,r1_0.last_name,r1_0.fk_team,t1_0.id,t1_0.head_sponsor,t1_0.name,r1_0.wins,p1_0.rider_id,p1_1.id,p1_1.count_of_viewers,p1_1.country_code,p1_1.date,p1_1.location,p1_1.name,p1_1.race_creator,w1_0.id,w1_0.birth_day,w1_0.country_code,w1_0.first_name,w1_0.gear_description,w1_0.last_name,w1_0.fk_team,t2_0.id,t2_0.head_sponsor,t2_0.name,w1_0.wins from rider r1_0 join team t1_0 on t1_0.id=r1_0.fk_team left join (rider_program p1_0 join race p1_1 on p1_1.id=p1_0.race_id) on r1_0.id=p1_0.rider_id left join rider w1_0 on w1_0.id=p1_1.winner_id left join team t2_0 on t2_0.id=w1_0.fk_team where r1_0.id=?
Hibernate: select r1_0.id,r1_0.count_of_viewers,r1_0.country_code,r1_0.date,r1_0.location,r1_0.name,r1_0.race_creator,w1_0.id,w1_0.birth_day,w1_0.country_code,w1_0.first_name,w1_0.gear_description,w1_0.last_name,w1_0.fk_team,t1_0.id,t1_0.head_sponsor,t1_0.name,w1_0.wins,p1_0.rider_id,p1_1.id,p1_1.count_of_viewers,p1_1.country_code,p1_1.date,p1_1.location,p1_1.name,p1_1.race_creator from race r1_0 left join rider w1_0 on w1_0.id=r1_0.winner_id left join team t1_0 on t1_0.id=w1_0.fk_team left join (rider_program p1_0 join race p1_1 on p1_1.id=p1_0.race_id) on w1_0.id=p1_0.rider_id where r1_0.id=?
Hibernate: insert into calendar (end_year,start_year,id) values (?,?,?)
Hibernate: insert into team (head_sponsor,name,id) values (?,?,?)
Hibernate: insert into rider (birth_day,country_code,first_name,gear_description,last_name,fk_team,wins,id) values (?,?,?,?,?,?,?,?)
Hibernate: insert into race (count_of_viewers,country_code,date,location,name,race_creator,winner_id,id) values (?,?,?,?,?,?,?,default)
Hibernate: update rider set birth_day=?,country_code=?,first_name=?,gear_description=?,last_name=?,fk_team=?,wins=? where id=?
Hibernate: update race set count_of_viewers=?,country_code=?,date=?,location=?,name=?,race_creator=?,winner_id=? where id=?
Hibernate: insert into rider_program (rider_id,race_id) values (?,?)
Hibernate: update race set calendar_id=? where id=?
Hibernate: insert into riders_in_race (race_id,rider_id) values (?,?)
Hibernate: select r1_0.id,r1_0.birth_day,r1_0.country_code,r1_0.first_name,r1_0.gear_description,r1_0.last_name,r1_0.fk_team,r1_0.wins from rider r1_0 where r1_0.first_name=? and r1_0.last_name=?
Hibernate: select t1_0.id,t1_0.head_sponsor,t1_0.name,m1_0.fk_team,m1_0.id,m1_0.birth_day,m1_0.country_code,m1_0.first_name,m1_0.gear_description,m1_0.last_name,m1_0.wins from team t1_0 left join rider m1_0 on t1_0.id=m1_0.fk_team where t1_0.id=?
Hibernate: select r1_0.id,r1_0.birth_day,r1_0.country_code,r1_0.first_name,r1_0.gear_description,r1_0.last_name,r1_0.fk_team,t1_0.id,t1_0.head_sponsor,t1_0.name,r1_0.wins,p1_0.rider_id,p1_1.id,p1_1.count_of_viewers,p1_1.country_code,p1_1.date,p1_1.location,p1_1.name,p1_1.race_creator,w1_0.id,w1_0.birth_day,w1_0.country_code,w1_0.first_name,w1_0.gear_description,w1_0.last_name,w1_0.fk_team,t2_0.id,t2_0.head_sponsor,t2_0.name,w1_0.wins from rider r1_0 join team t1_0 on t1_0.id=r1_0.fk_team left join (rider_program p1_0 join race p1_1 on p1_1.id=p1_0.race_id) on r1_0.id=p1_0.rider_id left join rider w1_0 on w1_0.id=p1_1.winner_id left join team t2_0 on t2_0.id=w1_0.fk_team where r1_0.id=?
Hibernate: select r1_0.id,r1_0.count_of_viewers,r1_0.country_code,r1_0.date,r1_0.location,r1_0.name,r1_0.race_creator,w1_0.id,w1_0.birth_day,w1_0.country_code,w1_0.first_name,w1_0.gear_description,w1_0.last_name,w1_0.fk_team,t1_0.id,t1_0.head_sponsor,t1_0.name,w1_0.wins,p1_0.rider_id,p1_1.id,p1_1.count_of_viewers,p1_1.country_code,p1_1.date,p1_1.location,p1_1.name,p1_1.race_creator from race r1_0 left join rider w1_0 on w1_0.id=r1_0.winner_id left join team t1_0 on t1_0.id=w1_0.fk_team left join (rider_program p1_0 join race p1_1 on p1_1.id=p1_0.race_id) on w1_0.id=p1_0.rider_id where r1_0.id=?
Hibernate: insert into calendar (end_year,start_year,id) values (?,?,?)
Hibernate: insert into team (head_sponsor,name,id) values (?,?,?)
Hibernate: insert into rider (birth_day,country_code,first_name,gear_description,last_name,fk_team,wins,id) values (?,?,?,?,?,?,?,?)
Hibernate: insert into race (count_of_viewers,country_code,date,location,name,race_creator,winner_id,id) values (?,?,?,?,?,?,?,default)
Hibernate: update rider set birth_day=?,country_code=?,first_name=?,gear_description=?,last_name=?,fk_team=?,wins=? where id=?
Hibernate: update race set count_of_viewers=?,country_code=?,date=?,location=?,name=?,race_creator=?,winner_id=? where id=?
Hibernate: insert into rider_program (rider_id,race_id) values (?,?)
Hibernate: update race set calendar_id=? where id=?
Hibernate: insert into riders_in_race (race_id,rider_id) values (?,?)
Hibernate: select r1_0.id,r1_0.birth_day,r1_0.country_code,r1_0.first_name,r1_0.gear_description,r1_0.last_name,r1_0.fk_team,r1_0.wins from rider r1_0 where r1_0.first_name=? and r1_0.last_name=?
Hibernate: select t1_0.id,t1_0.head_sponsor,t1_0.name,m1_0.fk_team,m1_0.id,m1_0.birth_day,m1_0.country_code,m1_0.first_name,m1_0.gear_description,m1_0.last_name,m1_0.wins from team t1_0 left join rider m1_0 on t1_0.id=m1_0.fk_team where t1_0.id=?
Hibernate: select r1_0.id,r1_0.birth_day,r1_0.country_code,r1_0.first_name,r1_0.gear_description,r1_0.last_name,r1_0.fk_team,t1_0.id,t1_0.head_sponsor,t1_0.name,r1_0.wins,p1_0.rider_id,p1_1.id,p1_1.count_of_viewers,p1_1.country_code,p1_1.date,p1_1.location,p1_1.name,p1_1.race_creator,w1_0.id,w1_0.birth_day,w1_0.country_code,w1_0.first_name,w1_0.gear_description,w1_0.last_name,w1_0.fk_team,t2_0.id,t2_0.head_sponsor,t2_0.name,w1_0.wins from rider r1_0 join team t1_0 on t1_0.id=r1_0.fk_team left join (rider_program p1_0 join race p1_1 on p1_1.id=p1_0.race_id) on r1_0.id=p1_0.rider_id left join rider w1_0 on w1_0.id=p1_1.winner_id left join team t2_0 on t2_0.id=w1_0.fk_team where r1_0.id=?
Hibernate: select r1_0.id,r1_0.count_of_viewers,r1_0.country_code,r1_0.date,r1_0.location,r1_0.name,r1_0.race_creator,w1_0.id,w1_0.birth_day,w1_0.country_code,w1_0.first_name,w1_0.gear_description,w1_0.last_name,w1_0.fk_team,t1_0.id,t1_0.head_sponsor,t1_0.name,w1_0.wins,p1_0.rider_id,p1_1.id,p1_1.count_of_viewers,p1_1.country_code,p1_1.date,p1_1.location,p1_1.name,p1_1.race_creator from race r1_0 left join rider w1_0 on w1_0.id=r1_0.winner_id left join team t1_0 on t1_0.id=w1_0.fk_team left join (rider_program p1_0 join race p1_1 on p1_1.id=p1_0.race_id) on w1_0.id=p1_0.rider_id where r1_0.id=?
Hibernate: insert into calendar (end_year,start_year,id) values (?,?,?)
Hibernate: insert into team (head_sponsor,name,id) values (?,?,?)
Hibernate: insert into rider (birth_day,country_code,first_name,gear_description,last_name,fk_team,wins,id) values (?,?,?,?,?,?,?,?)
Hibernate: insert into race (count_of_viewers,country_code,date,location,name,race_creator,winner_id,id) values (?,?,?,?,?,?,?,default)
Hibernate: update rider set birth_day=?,country_code=?,first_name=?,gear_description=?,last_name=?,fk_team=?,wins=? where id=?
Hibernate: update race set count_of_viewers=?,country_code=?,date=?,location=?,name=?,race_creator=?,winner_id=? where id=?
Hibernate: insert into rider_program (rider_id,race_id) values (?,?)
Hibernate: update race set calendar_id=? where id=?
Hibernate: insert into riders_in_race (race_id,rider_id) values (?,?)
Hibernate: select r1_0.id,r1_0.birth_day,r1_0.country_code,r1_0.first_name,r1_0.gear_description,r1_0.last_name,r1_0.fk_team,r1_0.wins from rider r1_0 where r1_0.first_name=? and r1_0.last_name=?
Hibernate: select t1_0.id,t1_0.head_sponsor,t1_0.name,m1_0.fk_team,m1_0.id,m1_0.birth_day,m1_0.country_code,m1_0.first_name,m1_0.gear_description,m1_0.last_name,m1_0.wins from team t1_0 left join rider m1_0 on t1_0.id=m1_0.fk_team where t1_0.id=?
Hibernate: select r1_0.id,r1_0.birth_day,r1_0.country_code,r1_0.first_name,r1_0.gear_description,r1_0.last_name,r1_0.fk_team,t1_0.id,t1_0.head_sponsor,t1_0.name,r1_0.wins,p1_0.rider_id,p1_1.id,p1_1.count_of_viewers,p1_1.country_code,p1_1.date,p1_1.location,p1_1.name,p1_1.race_creator,w1_0.id,w1_0.birth_day,w1_0.country_code,w1_0.first_name,w1_0.gear_description,w1_0.last_name,w1_0.fk_team,t2_0.id,t2_0.head_sponsor,t2_0.name,w1_0.wins from rider r1_0 join team t1_0 on t1_0.id=r1_0.fk_team left join (rider_program p1_0 join race p1_1 on p1_1.id=p1_0.race_id) on r1_0.id=p1_0.rider_id left join rider w1_0 on w1_0.id=p1_1.winner_id left join team t2_0 on t2_0.id=w1_0.fk_team where r1_0.id=?
Hibernate: select r1_0.id,r1_0.count_of_viewers,r1_0.country_code,r1_0.date,r1_0.location,r1_0.name,r1_0.race_creator,w1_0.id,w1_0.birth_day,w1_0.country_code,w1_0.first_name,w1_0.gear_description,w1_0.last_name,w1_0.fk_team,t1_0.id,t1_0.head_sponsor,t1_0.name,w1_0.wins,p1_0.rider_id,p1_1.id,p1_1.count_of_viewers,p1_1.country_code,p1_1.date,p1_1.location,p1_1.name,p1_1.race_creator from race r1_0 left join rider w1_0 on w1_0.id=r1_0.winner_id left join team t1_0 on t1_0.id=w1_0.fk_team left join (rider_program p1_0 join race p1_1 on p1_1.id=p1_0.race_id) on w1_0.id=p1_0.rider_id where r1_0.id=?
Hibernate: insert into calendar (end_year,start_year,id) values (?,?,?)
Hibernate: insert into team (head_sponsor,name,id) values (?,?,?)
Hibernate: insert into rider (birth_day,country_code,first_name,gear_description,last_name,fk_team,wins,id) values (?,?,?,?,?,?,?,?)
Hibernate: insert into race (count_of_viewers,country_code,date,location,name,race_creator,winner_id,id) values (?,?,?,?,?,?,?,default)
Hibernate: update rider set birth_day=?,country_code=?,first_name=?,gear_description=?,last_name=?,fk_team=?,wins=? where id=?
Hibernate: update race set count_of_viewers=?,country_code=?,date=?,location=?,name=?,race_creator=?,winner_id=? where id=?
Hibernate: insert into rider_program (rider_id,race_id) values (?,?)
Hibernate: update race set calendar_id=? where id=?
Hibernate: insert into riders_in_race (race_id,rider_id) values (?,?)
Hibernate: select r1_0.id,r1_0.birth_day,r1_0.country_code,r1_0.first_name,r1_0.gear_description,r1_0.last_name,r1_0.fk_team,r1_0.wins from rider r1_0 where r1_0.first_name=? and r1_0.last_name=?
Hibernate: select t1_0.id,t1_0.head_sponsor,t1_0.name,m1_0.fk_team,m1_0.id,m1_0.birth_day,m1_0.country_code,m1_0.first_name,m1_0.gear_description,m1_0.last_name,m1_0.wins from team t1_0 left join rider m1_0 on t1_0.id=m1_0.fk_team where t1_0.id=?
Hibernate: select r1_0.id,r1_0.birth_day,r1_0.country_code,r1_0.first_name,r1_0.gear_description,r1_0.last_name,r1_0.fk_team,t1_0.id,t1_0.head_sponsor,t1_0.name,r1_0.wins,p1_0.rider_id,p1_1.id,p1_1.count_of_viewers,p1_1.country_code,p1_1.date,p1_1.location,p1_1.name,p1_1.race_creator,w1_0.id,w1_0.birth_day,w1_0.country_code,w1_0.first_name,w1_0.gear_description,w1_0.last_name,w1_0.fk_team,t2_0.id,t2_0.head_sponsor,t2_0.name,w1_0.wins from rider r1_0 join team t1_0 on t1_0.id=r1_0.fk_team left join (rider_program p1_0 join race p1_1 on p1_1.id=p1_0.race_id) on r1_0.id=p1_0.rider_id left join rider w1_0 on w1_0.id=p1_1.winner_id left join team t2_0 on t2_0.id=w1_0.fk_team where r1_0.id=?
Hibernate: select r1_0.id,r1_0.count_of_viewers,r1_0.country_code,r1_0.date,r1_0.location,r1_0.name,r1_0.race_creator,w1_0.id,w1_0.birth_day,w1_0.country_code,w1_0.first_name,w1_0.gear_description,w1_0.last_name,w1_0.fk_team,t1_0.id,t1_0.head_sponsor,t1_0.name,w1_0.wins,p1_0.rider_id,p1_1.id,p1_1.count_of_viewers,p1_1.country_code,p1_1.date,p1_1.location,p1_1.name,p1_1.race_creator from race r1_0 left join rider w1_0 on w1_0.id=r1_0.winner_id left join team t1_0 on t1_0.id=w1_0.fk_team left join (rider_program p1_0 join race p1_1 on p1_1.id=p1_0.race_id) on w1_0.id=p1_0.rider_id where r1_0.id=?
Hibernate: insert into calendar (end_year,start_year,id) values (?,?,?)
Hibernate: insert into team (head_sponsor,name,id) values (?,?,?)
Hibernate: insert into rider (birth_day,country_code,first_name,gear_description,last_name,fk_team,wins,id) values (?,?,?,?,?,?,?,?)
Hibernate: insert into race (count_of_viewers,country_code,date,location,name,race_creator,winner_id,id) values (?,?,?,?,?,?,?,default)
Hibernate: update rider set birth_day=?,country_code=?,first_name=?,gear_description=?,last_name=?,fk_team=?,wins=? where id=?
Hibernate: update race set count_of_viewers=?,country_code=?,date=?,location=?,name=?,race_creator=?,winner_id=? where id=?
Hibernate: insert into rider_program (rider_id,race_id) values (?,?)
Hibernate: update race set calendar_id=? where id=?
Hibernate: insert into riders_in_race (race_id,rider_id) values (?,?)
Hibernate: select r1_0.id,r1_0.birth_day,r1_0.country_code,r1_0.first_name,r1_0.gear_description,r1_0.last_name,r1_0.fk_team,r1_0.wins from rider r1_0 where r1_0.first_name=? and r1_0.last_name=?
Hibernate: select t1_0.id,t1_0.head_sponsor,t1_0.name,m1_0.fk_team,m1_0.id,m1_0.birth_day,m1_0.country_code,m1_0.first_name,m1_0.gear_description,m1_0.last_name,m1_0.wins from team t1_0 left join rider m1_0 on t1_0.id=m1_0.fk_team where t1_0.id=?
Hibernate: select r1_0.id,r1_0.birth_day,r1_0.country_code,r1_0.first_name,r1_0.gear_description,r1_0.last_name,r1_0.fk_team,t1_0.id,t1_0.head_sponsor,t1_0.name,r1_0.wins,p1_0.rider_id,p1_1.id,p1_1.count_of_viewers,p1_1.country_code,p1_1.date,p1_1.location,p1_1.name,p1_1.race_creator,w1_0.id,w1_0.birth_day,w1_0.country_code,w1_0.first_name,w1_0.gear_description,w1_0.last_name,w1_0.fk_team,t2_0.id,t2_0.head_sponsor,t2_0.name,w1_0.wins from rider r1_0 join team t1_0 on t1_0.id=r1_0.fk_team left join (rider_program p1_0 join race p1_1 on p1_1.id=p1_0.race_id) on r1_0.id=p1_0.rider_id left join rider w1_0 on w1_0.id=p1_1.winner_id left join team t2_0 on t2_0.id=w1_0.fk_team where r1_0.id=?
Hibernate: select r1_0.id,r1_0.count_of_viewers,r1_0.country_code,r1_0.date,r1_0.location,r1_0.name,r1_0.race_creator,w1_0.id,w1_0.birth_day,w1_0.country_code,w1_0.first_name,w1_0.gear_description,w1_0.last_name,w1_0.fk_team,t1_0.id,t1_0.head_sponsor,t1_0.name,w1_0.wins,p1_0.rider_id,p1_1.id,p1_1.count_of_viewers,p1_1.country_code,p1_1.date,p1_1.location,p1_1.name,p1_1.race_creator from race r1_0 left join rider w1_0 on w1_0.id=r1_0.winner_id left join team t1_0 on t1_0.id=w1_0.fk_team left join (rider_program p1_0 join race p1_1 on p1_1.id=p1_0.race_id) on w1_0.id=p1_0.rider_id where r1_0.id=?
Hibernate: insert into calendar (end_year,start_year,id) values (?,?,?)
Hibernate: insert into team (head_sponsor,name,id) values (?,?,?)
Hibernate: insert into rider (birth_day,country_code,first_name,gear_description,last_name,fk_team,wins,id) values (?,?,?,?,?,?,?,?)
Hibernate: insert into race (count_of_viewers,country_code,date,location,name,race_creator,winner_id,id) values (?,?,?,?,?,?,?,default)
Hibernate: update rider set birth_day=?,country_code=?,first_name=?,gear_description=?,last_name=?,fk_team=?,wins=? where id=?
Hibernate: update race set count_of_viewers=?,country_code=?,date=?,location=?,name=?,race_creator=?,winner_id=? where id=?
Hibernate: insert into rider_program (rider_id,race_id) values (?,?)
Hibernate: update race set calendar_id=? where id=?
Hibernate: insert into riders_in_race (race_id,rider_id) values (?,?)
Hibernate: select r1_0.id,r1_0.birth_day,r1_0.country_code,r1_0.first_name,r1_0.gear_description,r1_0.last_name,r1_0.fk_team,r1_0.wins from rider r1_0 where r1_0.first_name=? and r1_0.last_name=?
Hibernate: select t1_0.id,t1_0.head_sponsor,t1_0.name,m1_0.fk_team,m1_0.id,m1_0.birth_day,m1_0.country_code,m1_0.first_name,m1_0.gear_description,m1_0.last_name,m1_0.wins from team t1_0 left join rider m1_0 on t1_0.id=m1_0.fk_team where t1_0.id=?
Hibernate: select r1_0.id,r1_0.birth_day,r1_0.country_code,r1_0.first_name,r1_0.gear_description,r1_0.last_name,r1_0.fk_team,t1_0.id,t1_0.head_sponsor,t1_0.name,r1_0.wins,p1_0.rider_id,p1_1.id,p1_1.count_of_viewers,p1_1.country_code,p1_1.date,p1_1.location,p1_1.name,p1_1.race_creator,w1_0.id,w1_0.birth_day,w1_0.country_code,w1_0.first_name,w1_0.gear_description,w1_0.last_name,w1_0.fk_team,t2_0.id,t2_0.head_sponsor,t2_0.name,w1_0.wins from rider r1_0 join team t1_0 on t1_0.id=r1_0.fk_team left join (rider_program p1_0 join race p1_1 on p1_1.id=p1_0.race_id) on r1_0.id=p1_0.rider_id left join rider w1_0 on w1_0.id=p1_1.winner_id left join team t2_0 on t2_0.id=w1_0.fk_team where r1_0.id=?
Hibernate: select r1_0.id,r1_0.count_of_viewers,r1_0.country_code,r1_0.date,r1_0.location,r1_0.name,r1_0.race_creator,w1_0.id,w1_0.birth_day,w1_0.country_code,w1_0.first_name,w1_0.gear_description,w1_0.last_name,w1_0.fk_team,t1_0.id,t1_0.head_sponsor,t1_0.name,w1_0.wins,p1_0.rider_id,p1_1.id,p1_1.count_of_viewers,p1_1.country_code,p1_1.date,p1_1.location,p1_1.name,p1_1.race_creator from race r1_0 left join rider w1_0 on w1_0.id=r1_0.winner_id left join team t1_0 on t1_0.id=w1_0.fk_team left join (rider_program p1_0 join race p1_1 on p1_1.id=p1_0.race_id) on w1_0.id=p1_0.rider_id where r1_0.id=?
Hibernate: insert into calendar (end_year,start_year,id) values (?,?,?)
Hibernate: insert into team (head_sponsor,name,id) values (?,?,?)
Hibernate: insert into rider (birth_day,country_code,first_name,gear_description,last_name,fk_team,wins,id) values (?,?,?,?,?,?,?,?)
Hibernate: insert into race (count_of_viewers,country_code,date,location,name,race_creator,winner_id,id) values (?,?,?,?,?,?,?,default)
Hibernate: update rider set birth_day=?,country_code=?,first_name=?,gear_description=?,last_name=?,fk_team=?,wins=? where id=?
Hibernate: update race set count_of_viewers=?,country_code=?,date=?,location=?,name=?,race_creator=?,winner_id=? where id=?
Hibernate: insert into rider_program (rider_id,race_id) values (?,?)
Hibernate: update race set calendar_id=? where id=?
Hibernate: insert into riders_in_race (race_id,rider_id) values (?,?)
Hibernate: select r1_0.id,r1_0.birth_day,r1_0.country_code,r1_0.first_name,r1_0.gear_description,r1_0.last_name,r1_0.fk_team,r1_0.wins from rider r1_0 where r1_0.first_name=? and r1_0.last_name=?
Hibernate: select t1_0.id,t1_0.head_sponsor,t1_0.name,m1_0.fk_team,m1_0.id,m1_0.birth_day,m1_0.country_code,m1_0.first_name,m1_0.gear_description,m1_0.last_name,m1_0.wins from team t1_0 left join rider m1_0 on t1_0.id=m1_0.fk_team where t1_0.id=?
Hibernate: select r1_0.id,r1_0.birth_day,r1_0.country_code,r1_0.first_name,r1_0.gear_description,r1_0.last_name,r1_0.fk_team,t1_0.id,t1_0.head_sponsor,t1_0.name,r1_0.wins,p1_0.rider_id,p1_1.id,p1_1.count_of_viewers,p1_1.country_code,p1_1.date,p1_1.location,p1_1.name,p1_1.race_creator,w1_0.id,w1_0.birth_day,w1_0.country_code,w1_0.first_name,w1_0.gear_description,w1_0.last_name,w1_0.fk_team,t2_0.id,t2_0.head_sponsor,t2_0.name,w1_0.wins from rider r1_0 join team t1_0 on t1_0.id=r1_0.fk_team left join (rider_program p1_0 join race p1_1 on p1_1.id=p1_0.race_id) on r1_0.id=p1_0.rider_id left join rider w1_0 on w1_0.id=p1_1.winner_id left join team t2_0 on t2_0.id=w1_0.fk_team where r1_0.id=?
Hibernate: select r1_0.id,r1_0.count_of_viewers,r1_0.country_code,r1_0.date,r1_0.location,r1_0.name,r1_0.race_creator,w1_0.id,w1_0.birth_day,w1_0.country_code,w1_0.first_name,w1_0.gear_description,w1_0.last_name,w1_0.fk_team,t1_0.id,t1_0.head_sponsor,t1_0.name,w1_0.wins,p1_0.rider_id,p1_1.id,p1_1.count_of_viewers,p1_1.country_code,p1_1.date,p1_1.location,p1_1.name,p1_1.race_creator from race r1_0 left join rider w1_0 on w1_0.id=r1_0.winner_id left join team t1_0 on t1_0.id=w1_0.fk_team left join (rider_program p1_0 join race p1_1 on p1_1.id=p1_0.race_id) on w1_0.id=p1_0.rider_id where r1_0.id=?
Hibernate: insert into calendar (end_year,start_year,id) values (?,?,?)
Hibernate: insert into team (head_sponsor,name,id) values (?,?,?)
Hibernate: insert into rider (birth_day,country_code,first_name,gear_description,last_name,fk_team,wins,id) values (?,?,?,?,?,?,?,?)
Hibernate: insert into race (count_of_viewers,country_code,date,location,name,race_creator,winner_id,id) values (?,?,?,?,?,?,?,default)
Hibernate: update rider set birth_day=?,country_code=?,first_name=?,gear_description=?,last_name=?,fk_team=?,wins=? where id=?
Hibernate: update race set count_of_viewers=?,country_code=?,date=?,location=?,name=?,race_creator=?,winner_id=? where id=?
Hibernate: insert into rider_program (rider_id,race_id) values (?,?)
Hibernate: update race set calendar_id=? where id=?
Hibernate: insert into riders_in_race (race_id,rider_id) values (?,?)
Hibernate: select r1_0.id,r1_0.birth_day,r1_0.country_code,r1_0.first_name,r1_0.gear_description,r1_0.last_name,r1_0.fk_team,r1_0.wins from rider r1_0 where r1_0.first_name=? and r1_0.last_name=?
Hibernate: select t1_0.id,t1_0.head_sponsor,t1_0.name,m1_0.fk_team,m1_0.id,m1_0.birth_day,m1_0.country_code,m1_0.first_name,m1_0.gear_description,m1_0.last_name,m1_0.wins from team t1_0 left join rider m1_0 on t1_0.id=m1_0.fk_team where t1_0.id=?
Hibernate: select r1_0.id,r1_0.birth_day,r1_0.country_code,r1_0.first_name,r1_0.gear_description,r1_0.last_name,r1_0.fk_team,t1_0.id,t1_0.head_sponsor,t1_0.name,r1_0.wins,p1_0.rider_id,p1_1.id,p1_1.count_of_viewers,p1_1.country_code,p1_1.date,p1_1.location,p1_1.name,p1_1.race_creator,w1_0.id,w1_0.birth_day,w1_0.country_code,w1_0.first_name,w1_0.gear_description,w1_0.last_name,w1_0.fk_team,t2_0.id,t2_0.head_sponsor,t2_0.name,w1_0.wins from rider r1_0 join team t1_0 on t1_0.id=r1_0.fk_team left join (rider_program p1_0 join race p1_1 on p1_1.id=p1_0.race_id) on r1_0.id=p1_0.rider_id left join rider w1_0 on w1_0.id=p1_1.winner_id left join team t2_0 on t2_0.id=w1_0.fk_team where r1_0.id=?
Hibernate: select r1_0.id,r1_0.count_of_viewers,r1_0.country_code,r1_0.date,r1_0.location,r1_0.name,r1_0.race_creator,w1_0.id,w1_0.birth_day,w1_0.country_code,w1_0.first_name,w1_0.gear_description,w1_0.last_name,w1_0.fk_team,t1_0.id,t1_0.head_sponsor,t1_0.name,w1_0.wins,p1_0.rider_id,p1_1.id,p1_1.count_of_viewers,p1_1.country_code,p1_1.date,p1_1.location,p1_1.name,p1_1.race_creator from race r1_0 left join rider w1_0 on w1_0.id=r1_0.winner_id left join team t1_0 on t1_0.id=w1_0.fk_team left join (rider_program p1_0 join race p1_1 on p1_1.id=p1_0.race_id) on w1_0.id=p1_0.rider_id where r1_0.id=?
Hibernate: insert into calendar (end_year,start_year,id) values (?,?,?)
Hibernate: insert into team (head_sponsor,name,id) values (?,?,?)
Hibernate: insert into rider (birth_day,country_code,first_name,gear_description,last_name,fk_team,wins,id) values (?,?,?,?,?,?,?,?)
Hibernate: insert into race (count_of_viewers,country_code,date,location,name,race_creator,winner_id,id) values (?,?,?,?,?,?,?,default)
Hibernate: update rider set birth_day=?,country_code=?,first_name=?,gear_description=?,last_name=?,fk_team=?,wins=? where id=?
Hibernate: update race set count_of_viewers=?,country_code=?,date=?,location=?,name=?,race_creator=?,winner_id=? where id=?
Hibernate: insert into rider_program (rider_id,race_id) values (?,?)
Hibernate: update race set calendar_id=? where id=?
Hibernate: insert into riders_in_race (race_id,rider_id) values (?,?)
Hibernate: select r1_0.id,r1_0.birth_day,r1_0.country_code,r1_0.first_name,r1_0.gear_description,r1_0.last_name,r1_0.fk_team,r1_0.wins from rider r1_0 where r1_0.first_name=? and r1_0.last_name=?
Hibernate: select t1_0.id,t1_0.head_sponsor,t1_0.name,m1_0.fk_team,m1_0.id,m1_0.birth_day,m1_0.country_code,m1_0.first_name,m1_0.gear_description,m1_0.last_name,m1_0.wins from team t1_0 left join rider m1_0 on t1_0.id=m1_0.fk_team where t1_0.id=?
Hibernate: select r1_0.id,r1_0.birth_day,r1_0.country_code,r1_0.first_name,r1_0.gear_description,r1_0.last_name,r1_0.fk_team,t1_0.id,t1_0.head_sponsor,t1_0.name,r1_0.wins,p1_0.rider_id,p1_1.id,p1_1.count_of_viewers,p1_1.country_code,p1_1.date,p1_1.location,p1_1.name,p1_1.race_creator,w1_0.id,w1_0.birth_day,w1_0.country_code,w1_0.first_name,w1_0.gear_description,w1_0.last_name,w1_0.fk_team,t2_0.id,t2_0.head_sponsor,t2_0.name,w1_0.wins from rider r1_0 join team t1_0 on t1_0.id=r1_0.fk_team left join (rider_program p1_0 join race p1_1 on p1_1.id=p1_0.race_id) on r1_0.id=p1_0.rider_id left join rider w1_0 on w1_0.id=p1_1.winner_id left join team t2_0 on t2_0.id=w1_0.fk_team where r1_0.id=?
Hibernate: select r1_0.id,r1_0.count_of_viewers,r1_0.country_code,r1_0.date,r1_0.location,r1_0.name,r1_0.race_creator,w1_0.id,w1_0.birth_day,w1_0.country_code,w1_0.first_name,w1_0.gear_description,w1_0.last_name,w1_0.fk_team,t1_0.id,t1_0.head_sponsor,t1_0.name,w1_0.wins,p1_0.rider_id,p1_1.id,p1_1.count_of_viewers,p1_1.country_code,p1_1.date,p1_1.location,p1_1.name,p1_1.race_creator from race r1_0 left join rider w1_0 on w1_0.id=r1_0.winner_id left join team t1_0 on t1_0.id=w1_0.fk_team left join (rider_program p1_0 join race p1_1 on p1_1.id=p1_0.race_id) on w1_0.id=p1_0.rider_id where r1_0.id=?
Hibernate: insert into calendar (end_year,start_year,id) values (?,?,?)
Hibernate: insert into team (head_sponsor,name,id) values (?,?,?)
Hibernate: insert into rider (birth_day,country_code,first_name,gear_description,last_name,fk_team,wins,id) values (?,?,?,?,?,?,?,?)
Hibernate: insert into race (count_of_viewers,country_code,date,location,name,race_creator,winner_id,id) values (?,?,?,?,?,?,?,default)
Hibernate: update rider set birth_day=?,country_code=?,first_name=?,gear_description=?,last_name=?,fk_team=?,wins=? where id=?
Hibernate: update race set count_of_viewers=?,country_code=?,date=?,location=?,name=?,race_creator=?,winner_id=? where id=?
Hibernate: insert into rider_program (rider_id,race_id) values (?,?)
Hibernate: update race set calendar_id=? where id=?
Hibernate: insert into riders_in_race (race_id,rider_id) values (?,?)
Hibernate: select r1_0.id,r1_0.birth_day,r1_0.country_code,r1_0.first_name,r1_0.gear_description,r1_0.last_name,r1_0.fk_team,r1_0.wins from rider r1_0 where r1_0.first_name=? and r1_0.last_name=?
Hibernate: select t1_0.id,t1_0.head_sponsor,t1_0.name,m1_0.fk_team,m1_0.id,m1_0.birth_day,m1_0.country_code,m1_0.first_name,m1_0.gear_description,m1_0.last_name,m1_0.wins from team t1_0 left join rider m1_0 on t1_0.id=m1_0.fk_team where t1_0.id=?
Hibernate: select r1_0.id,r1_0.birth_day,r1_0.country_code,r1_0.first_name,r1_0.gear_description,r1_0.last_name,r1_0.fk_team,t1_0.id,t1_0.head_sponsor,t1_0.name,r1_0.wins,p1_0.rider_id,p1_1.id,p1_1.count_of_viewers,p1_1.country_code,p1_1.date,p1_1.location,p1_1.name,p1_1.race_creator,w1_0.id,w1_0.birth_day,w1_0.country_code,w1_0.first_name,w1_0.gear_description,w1_0.last_name,w1_0.fk_team,t2_0.id,t2_0.head_sponsor,t2_0.name,w1_0.wins from rider r1_0 join team t1_0 on t1_0.id=r1_0.fk_team left join (rider_program p1_0 join race p1_1 on p1_1.id=p1_0.race_id) on r1_0.id=p1_0.rider_id left join rider w1_0 on w1_0.id=p1_1.winner_id left join team t2_0 on t2_0.id=w1_0.fk_team where r1_0.id=?
Hibernate: select r1_0.id,r1_0.count_of_viewers,r1_0.country_code,r1_0.date,r1_0.location,r1_0.name,r1_0.race_creator,w1_0.id,w1_0.birth_day,w1_0.country_code,w1_0.first_name,w1_0.gear_description,w1_0.last_name,w1_0.fk_team,t1_0.id,t1_0.head_sponsor,t1_0.name,w1_0.wins,p1_0.rider_id,p1_1.id,p1_1.count_of_viewers,p1_1.country_code,p1_1.date,p1_1.location,p1_1.name,p1_1.race_creator from race r1_0 left join rider w1_0 on w1_0.id=r1_0.winner_id left join team t1_0 on t1_0.id=w1_0.fk_team left join (rider_program p1_0 join race p1_1 on p1_1.id=p1_0.race_id) on w1_0.id=p1_0.rider_id where r1_0.id=?
Hibernate: insert into calendar (end_year,start_year,id) values (?,?,?)
Hibernate: insert into team (head_sponsor,name,id) values (?,?,?)
Hibernate: insert into rider (birth_day,country_code,first_name,gear_description,last_name,fk_team,wins,id) values (?,?,?,?,?,?,?,?)
Hibernate: insert into race (count_of_viewers,country_code,date,location,name,race_creator,winner_id,id) values (?,?,?,?,?,?,?,default)
Hibernate: update rider set birth_day=?,country_code=?,first_name=?,gear_description=?,last_name=?,fk_team=?,wins=? where id=?
Hibernate: update race set count_of_viewers=?,country_code=?,date=?,location=?,name=?,race_creator=?,winner_id=? where id=?
Hibernate: insert into rider_program (rider_id,race_id) values (?,?)
Hibernate: update race set calendar_id=? where id=?
Hibernate: insert into riders_in_race (race_id,rider_id) values (?,?)
Hibernate: select r1_0.id,r1_0.birth_day,r1_0.country_code,r1_0.first_name,r1_0.gear_description,r1_0.last_name,r1_0.fk_team,r1_0.wins from rider r1_0 where r1_0.first_name=? and r1_0.last_name=?
Hibernate: select t1_0.id,t1_0.head_sponsor,t1_0.name,m1_0.fk_team,m1_0.id,m1_0.birth_day,m1_0.country_code,m1_0.first_name,m1_0.gear_description,m1_0.last_name,m1_0.wins from team t1_0 left join rider m1_0 on t1_0.id=m1_0.fk_team where t1_0.id=?
Hibernate: select r1_0.id,r1_0.birth_day,r1_0.country_code,r1_0.first_name,r1_0.gear_description,r1_0.last_name,r1_0.fk_team,t1_0.id,t1_0.head_sponsor,t1_0.name,r1_0.wins,p1_0.rider_id,p1_1.id,p1_1.count_of_viewers,p1_1.country_code,p1_1.date,p1_1.location,p1_1.name,p1_1.race_creator,w1_0.id,w1_0.birth_day,w1_0.country_code,w1_0.first_name,w1_0.gear_description,w1_0.last_name,w1_0.fk_team,t2_0.id,t2_0.head_sponsor,t2_0.name,w1_0.wins from rider r1_0 join team t1_0 on t1_0.id=r1_0.fk_team left join (rider_program p1_0 join race p1_1 on p1_1.id=p1_0.race_id) on r1_0.id=p1_0.rider_id left join rider w1_0 on w1_0.id=p1_1.winner_id left join team t2_0 on t2_0.id=w1_0.fk_team where r1_0.id=?
Hibernate: select r1_0.id,r1_0.count_of_viewers,r1_0.country_code,r1_0.date,r1_0.location,r1_0.name,r1_0.race_creator,w1_0.id,w1_0.birth_day,w1_0.country_code,w1_0.first_name,w1_0.gear_description,w1_0.last_name,w1_0.fk_team,t1_0.id,t1_0.head_sponsor,t1_0.name,w1_0.wins,p1_0.rider_id,p1_1.id,p1_1.count_of_viewers,p1_1.country_code,p1_1.date,p1_1.location,p1_1.name,p1_1.race_creator from race r1_0 left join rider w1_0 on w1_0.id=r1_0.winner_id left join team t1_0 on t1_0.id=w1_0.fk_team left join (rider_program p1_0 join race p1_1 on p1_1.id=p1_0.race_id) on w1_0.id=p1_0.rider_id where r1_0.id=?
Hibernate: insert into calendar (end_year,start_year,id) values (?,?,?)
Hibernate: insert into team (head_sponsor,name,id) values (?,?,?)
Hibernate: insert into rider (birth_day,country_code,first_name,gear_description,last_name,fk_team,wins,id) values (?,?,?,?,?,?,?,?)
Hibernate: insert into race (count_of_viewers,country_code,date,location,name,race_creator,winner_id,id) values (?,?,?,?,?,?,?,default)
Hibernate: update rider set birth_day=?,country_code=?,first_name=?,gear_description=?,last_name=?,fk_team=?,wins=? where id=?
Hibernate: update race set count_of_viewers=?,country_code=?,date=?,location=?,name=?,race_creator=?,winner_id=? where id=?
Hibernate: insert into rider_program (rider_id,race_id) values (?,?)
Hibernate: update race set calendar_id=? where id=?
Hibernate: insert into riders_in_race (race_id,rider_id) values (?,?)
Hibernate: select r1_0.id,r1_0.birth_day,r1_0.country_code,r1_0.first_name,r1_0.gear_description,r1_0.last_name,r1_0.fk_team,r1_0.wins from rider r1_0 where r1_0.first_name=? and r1_0.last_name=?
Hibernate: select t1_0.id,t1_0.head_sponsor,t1_0.name,m1_0.fk_team,m1_0.id,m1_0.birth_day,m1_0.country_code,m1_0.first_name,m1_0.gear_description,m1_0.last_name,m1_0.wins from team t1_0 left join rider m1_0 on t1_0.id=m1_0.fk_team where t1_0.id=?
Hibernate: select r1_0.id,r1_0.birth_day,r1_0.country_code,r1_0.first_name,r1_0.gear_description,r1_0.last_name,r1_0.fk_team,t1_0.id,t1_0.head_sponsor,t1_0.name,r1_0.wins,p1_0.rider_id,p1_1.id,p1_1.count_of_viewers,p1_1.country_code,p1_1.date,p1_1.location,p1_1.name,p1_1.race_creator,w1_0.id,w1_0.birth_day,w1_0.country_code,w1_0.first_name,w1_0.gear_description,w1_0.last_name,w1_0.fk_team,t2_0.id,t2_0.head_sponsor,t2_0.name,w1_0.wins from rider r1_0 join team t1_0 on t1_0.id=r1_0.fk_team left join (rider_program p1_0 join race p1_1 on p1_1.id=p1_0.race_id) on r1_0.id=p1_0.rider_id left join rider w1_0 on w1_0.id=p1_1.winner_id left join team t2_0 on t2_0.id=w1_0.fk_team where r1_0.id=?
Hibernate: select r1_0.id,r1_0.count_of_viewers,r1_0.country_code,r1_0.date,r1_0.location,r1_0.name,r1_0.race_creator,w1_0.id,w1_0.birth_day,w1_0.country_code,w1_0.first_name,w1_0.gear_description,w1_0.last_name,w1_0.fk_team,t1_0.id,t1_0.head_sponsor,t1_0.name,w1_0.wins,p1_0.rider_id,p1_1.id,p1_1.count_of_viewers,p1_1.country_code,p1_1.date,p1_1.location,p1_1.name,p1_1.race_creator from race r1_0 left join rider w1_0 on w1_0.id=r1_0.winner_id left join team t1_0 on t1_0.id=w1_0.fk_team left join (rider_program p1_0 join race p1_1 on p1_1.id=p1_0.race_id) on w1_0.id=p1_0.rider_id where r1_0.id=?
Hibernate: insert into calendar (end_year,start_year,id) values (?,?,?)
Hibernate: insert into team (head_sponsor,name,id) values (?,?,?)
Hibernate: insert into rider (birth_day,country_code,first_name,gear_description,last_name,fk_team,wins,id) values (?,?,?,?,?,?,?,?)
Hibernate: insert into race (count_of_viewers,country_code,date,location,name,race_creator,winner_id,id) values (?,?,?,?,?,?,?,default)
Hibernate: update rider set birth_day=?,country_code=?,first_name=?,gear_description=?,last_name=?,fk_team=?,wins=? where id=?
Hibernate: update race set count_of_viewers=?,country_code=?,date=?,location=?,name=?,race_creator=?,winner_id=? where id=?
Hibernate: insert into rider_program (rider_id,race_id) values (?,?)
Hibernate: update race set calendar_id=? where id=?
Hibernate: insert into riders_in_race (race_id,rider_id) values (?,?)
Hibernate: select r1_0.id,r1_0.birth_day,r1_0.country_code,r1_0.first_name,r1_0.gear_description,r1_0.last_name,r1_0.fk_team,r1_0.wins from rider r1_0 where r1_0.first_name=? and r1_0.last_name=?
Hibernate: select t1_0.id,t1_0.head_sponsor,t1_0.name,m1_0.fk_team,m1_0.id,m1_0.birth_day,m1_0.country_code,m1_0.first_name,m1_0.gear_description,m1_0.last_name,m1_0.wins from team t1_0 left join rider m1_0 on t1_0.id=m1_0.fk_team where t1_0.id=?
Hibernate: select r1_0.id,r1_0.birth_day,r1_0.country_code,r1_0.first_name,r1_0.gear_description,r1_0.last_name,r1_0.fk_team,t1_0.id,t1_0.head_sponsor,t1_0.name,r1_0.wins,p1_0.rider_id,p1_1.id,p1_1.count_of_viewers,p1_1.country_code,p1_1.date,p1_1.location,p1_1.name,p1_1.race_creator,w1_0.id,w1_0.birth_day,w1_0.country_code,w1_0.first_name,w1_0.gear_description,w1_0.last_name,w1_0.fk_team,t2_0.id,t2_0.head_sponsor,t2_0.name,w1_0.wins from rider r1_0 join team t1_0 on t1_0.id=r1_0.fk_team left join (rider_program p1_0 join race p1_1 on p1_1.id=p1_0.race_id) on r1_0.id=p1_0.rider_id left join rider w1_0 on w1_0.id=p1_1.winner_id left join team t2_0 on t2_0.id=w1_0.fk_team where r1_0.id=?
Hibernate: select r1_0.id,r1_0.count_of_viewers,r1_0.country_code,r1_0.date,r1_0.location,r1_0.name,r1_0.race_creator,w1_0.id,w1_0.birth_day,w1_0.country_code,w1_0.first_name,w1_0.gear_description,w1_0.last_name,w1_0.fk_team,t1_0.id,t1_0.head_sponsor,t1_0.name,w1_0.wins,p1_0.rider_id,p1_1.id,p1_1.count_of_viewers,p1_1.country_code,p1_1.date,p1_1.location,p1_1.name,p1_1.race_creator from race r1_0 left join rider w1_0 on w1_0.id=r1_0.winner_id left join team t1_0 on t1_0.id=w1_0.fk_team left join (rider_program p1_0 join race p1_1 on p1_1.id=p1_0.race_id) on w1_0.id=p1_0.rider_id where r1_0.id=?
Hibernate: insert into calendar (end_year,start_year,id) values (?,?,?)
Hibernate: insert into team (head_sponsor,name,id) values (?,?,?)
Hibernate: insert into rider (birth_day,country_code,first_name,gear_description,last_name,fk_team,wins,id) values (?,?,?,?,?,?,?,?)
Hibernate: insert into race (count_of_viewers,country_code,date,location,name,race_creator,winner_id,id) values (?,?,?,?,?,?,?,default)
Hibernate: update rider set birth_day=?,country_code=?,first_name=?,gear_description=?,last_name=?,fk_team=?,wins=? where id=?
Hibernate: update race set count_of_viewers=?,country_code=?,date=?,location=?,name=?,race_creator=?,winner_id=? where id=?
Hibernate: insert into rider_program (rider_id,race_id) values (?,?)
Hibernate: update race set calendar_id=? where id=?
Hibernate: insert into riders_in_race (race_id,rider_id) values (?,?)
Hibernate: select r1_0.id,r1_0.birth_day,r1_0.country_code,r1_0.first_name,r1_0.gear_description,r1_0.last_name,r1_0.fk_team,r1_0.wins from rider r1_0 where r1_0.first_name=? and r1_0.last_name=?
Hibernate: select t1_0.id,t1_0.head_sponsor,t1_0.name,m1_0.fk_team,m1_0.id,m1_0.birth_day,m1_0.country_code,m1_0.first_name,m1_0.gear_description,m1_0.last_name,m1_0.wins from team t1_0 left join rider m1_0 on t1_0.id=m1_0.fk_team where t1_0.id=?
Hibernate: select r1_0.id,r1_0.birth_day,r1_0.country_code,r1_0.first_name,r1_0.gear_description,r1_0.last_name,r1_0.fk_team,t1_0.id,t1_0.head_sponsor,t1_0.name,r1_0.wins,p1_0.rider_id,p1_1.id,p1_1.count_of_viewers,p1_1.country_code,p1_1.date,p1_1.location,p1_1.name,p1_1.race_creator,w1_0.id,w1_0.birth_day,w1_0.country_code,w1_0.first_name,w1_0.gear_description,w1_0.last_name,w1_0.fk_team,t2_0.id,t2_0.head_sponsor,t2_0.name,w1_0.wins from rider r1_0 join team t1_0 on t1_0.id=r1_0.fk_team left join (rider_program p1_0 join race p1_1 on p1_1.id=p1_0.race_id) on r1_0.id=p1_0.rider_id left join rider w1_0 on w1_0.id=p1_1.winner_id left join team t2_0 on t2_0.id=w1_0.fk_team where r1_0.id=?
Hibernate: select r1_0.id,r1_0.count_of_viewers,r1_0.country_code,r1_0.date,r1_0.location,r1_0.name,r1_0.race_creator,w1_0.id,w1_0.birth_day,w1_0.country_code,w1_0.first_name,w1_0.gear_description,w1_0.last_name,w1_0.fk_team,t1_0.id,t1_0.head_sponsor,t1_0.name,w1_0.wins,p1_0.rider_id,p1_1.id,p1_1.count_of_viewers,p1_1.country_code,p1_1.date,p1_1.location,p1_1.name,p1_1.race_creator from race r1_0 left join rider w1_0 on w1_0.id=r1_0.winner_id left join team t1_0 on t1_0.id=w1_0.fk_team left join (rider_program p1_0 join race p1_1 on p1_1.id=p1_0.race_id) on w1_0.id=p1_0.rider_id where r1_0.id=?
Hibernate: insert into calendar (end_year,start_year,id) values (?,?,?)
Hibernate: insert into team (head_sponsor,name,id) values (?,?,?)
Hibernate: insert into rider (birth_day,country_code,first_name,gear_description,last_name,fk_team,wins,id) values (?,?,?,?,?,?,?,?)
Hibernate: insert into race (count_of_viewers,country_code,date,location,name,race_creator,winner_id,id) values (?,?,?,?,?,?,?,default)
Hibernate: update rider set birth_day=?,country_code=?,first_name=?,gear_description=?,last_name=?,fk_team=?,wins=? where id=?
Hibernate: update race set count_of_viewers=?,country_code=?,date=?,location=?,name=?,race_creator=?,winner_id=? where id=?
Hibernate: insert into rider_program (rider_id,race_id) values (?,?)
Hibernate: update race set calendar_id=? where id=?
Hibernate: insert into riders_in_race (race_id,rider_id) values (?,?)
Hibernate: select r1_0.id,r1_0.birth_day,r1_0.country_code,r1_0.first_name,r1_0.gear_description,r1_0.last_name,r1_0.fk_team,r1_0.wins from rider r1_0 where r1_0.first_name=? and r1_0.last_name=?
Hibernate: select t1_0.id,t1_0.head_sponsor,t1_0.name,m1_0.fk_team,m1_0.id,m1_0.birth_day,m1_0.country_code,m1_0.first_name,m1_0.gear_description,m1_0.last_name,m1_0.wins from team t1_0 left join rider m1_0 on t1_0.id=m1_0.fk_team where t1_0.id=?
Hibernate: select r1_0.id,r1_0.birth_day,r1_0.country_code,r1_0.first_name,r1_0.gear_description,r1_0.last_name,r1_0.fk_team,t1_0.id,t1_0.head_sponsor,t1_0.name,r1_0.wins,p1_0.rider_id,p1_1.id,p1_1.count_of_viewers,p1_1.country_code,p1_1.date,p1_1.location,p1_1.name,p1_1.race_creator,w1_0.id,w1_0.birth_day,w1_0.country_code,w1_0.first_name,w1_0.gear_description,w1_0.last_name,w1_0.fk_team,t2_0.id,t2_0.head_sponsor,t2_0.name,w1_0.wins from rider r1_0 join team t1_0 on t1_0.id=r1_0.fk_team left join (rider_program p1_0 join race p1_1 on p1_1.id=p1_0.race_id) on r1_0.id=p1_0.rider_id left join rider w1_0 on w1_0.id=p1_1.winner_id left join team t2_0 on t2_0.id=w1_0.fk_team where r1_0.id=?
Hibernate: select r1_0.id,r1_0.count_of_viewers,r1_0.country_code,r1_0.date,r1_0.location,r1_0.name,r1_0.race_creator,w1_0.id,w1_0.birth_day,w1_0.country_code,w1_0.first_name,w1_0.gear_description,w1_0.last_name,w1_0.fk_team,t1_0.id,t1_0.head_sponsor,t1_0.name,w1_0.wins,p1_0.rider_id,p1_1.id,p1_1.count_of_viewers,p1_1.country_code,p1_1.date,p1_1.location,p1_1.name,p1_1.race_creator from race r1_0 left join rider w1_0 on w1_0.id=r1_0.winner_id left join team t1_0 on t1_0.id=w1_0.fk_team left join (rider_program p1_0 join race p1_1 on p1_1.id=p1_0.race_id) on w1_0.id=p1_0.rider_id where r1_0.id=?
Hibernate: insert into calendar (end_year,start_year,id) values (?,?,?)
Hibernate: insert into team (head_sponsor,name,id) values (?,?,?)
Hibernate: insert into rider (birth_day,country_code,first_name,gear_description,last_name,fk_team,wins,id) values (?,?,?,?,?,?,?,?)
Hibernate: insert into race (count_of_viewers,country_code,date,location,name,race_creator,winner_id,id) values (?,?,?,?,?,?,?,default)
Hibernate: update rider set birth_day=?,country_code=?,first_name=?,gear_description=?,last_name=?,fk_team=?,wins=? where id=?
Hibernate: update race set count_of_viewers=?,country_code=?,date=?,location=?,name=?,race_creator=?,winner_id=? where id=?
Hibernate: insert into rider_program (rider_id,race_id) values (?,?)
Hibernate: update race set calendar_id=? where id=?
Hibernate: insert into riders_in_race (race_id,rider_id) values (?,?)
Hibernate: select r1_0.id,r1_0.birth_day,r1_0.country_code,r1_0.first_name,r1_0.gear_description,r1_0.last_name,r1_0.fk_team,r1_0.wins from rider r1_0 where r1_0.first_name=? and r1_0.last_name=?
Hibernate: select t1_0.id,t1_0.head_sponsor,t1_0.name,m1_0.fk_team,m1_0.id,m1_0.birth_day,m1_0.country_code,m1_0.first_name,m1_0.gear_description,m1_0.last_name,m1_0.wins from team t1_0 left join rider m1_0 on t1_0.id=m1_0.fk_team where t1_0.id=?
Hibernate: select r1_0.id,r1_0.birth_day,r1_0.country_code,r1_0.first_name,r1_0.gear_description,r1_0.last_name,r1_0.fk_team,t1_0.id,t1_0.head_sponsor,t1_0.name,r1_0.wins,p1_0.rider_id,p1_1.id,p1_1.count_of_viewers,p1_1.country_code,p1_1.date,p1_1.location,p1_1.name,p1_1.race_creator,w1_0.id,w1_0.birth_day,w1_0.country_code,w1_0.first_name,w1_0.gear_description,w1_0.last_name,w1_0.fk_team,t2_0.id,t2_0.head_sponsor,t2_0.name,w1_0.wins from rider r1_0 join team t1_0 on t1_0.id=r1_0.fk_team left join (rider_program p1_0 join race p1_1 on p1_1.id=p1_0.race_id) on r1_0.id=p1_0.rider_id left join rider w1_0 on w1_0.id=p1_1.winner_id left join team t2_0 on t2_0.id=w1_0.fk_team where r1_0.id=?
Hibernate: select r1_0.id,r1_0.count_of_viewers,r1_0.country_code,r1_0.date,r1_0.location,r1_0.name,r1_0.race_creator,w1_0.id,w1_0.birth_day,w1_0.country_code,w1_0.first_name,w1_0.gear_description,w1_0.last_name,w1_0.fk_team,t1_0.id,t1_0.head_sponsor,t1_0.name,w1_0.wins,p1_0.rider_id,p1_1.id,p1_1.count_of_viewers,p1_1.country_code,p1_1.date,p1_1.location,p1_1.name,p1_1.race_creator from race r1_0 left join rider w1_0 on w1_0.id=r1_0.winner_id left join team t1_0 on t1_0.id=w1_0.fk_team left join (rider_program p1_0 join race p1_1 on p1_1.id=p1_0.race_id) on w1_0.id=p1_0.rider_id where r1_0.id=?
Hibernate: insert into calendar (end_year,start_year,id) values (?,?,?)
Hibernate: insert into team (head_sponsor,name,id) values (?,?,?)
Hibernate: insert into rider (birth_day,country_code,first_name,gear_description,last_name,fk_team,wins,id) values (?,?,?,?,?,?,?,?)
Hibernate: insert into race (count_of_viewers,country_code,date,location,name,race_creator,winner_id,id) values (?,?,?,?,?,?,?,default)
Hibernate: update rider set birth_day=?,country_code=?,first_name=?,gear_description=?,last_name=?,fk_team=?,wins=? where id=?
Hibernate: update race set count_of_viewers=?,country_code=?,date=?,location=?,name=?,race_creator=?,winner_id=? where id=?
Hibernate: insert into rider_program (rider_id,race_id) values (?,?)
Hibernate: update race set calendar_id=? where id=?
Hibernate: insert into riders_in_race (race_id,rider_id) values (?,?)
Hibernate: select r1_0.id,r1_0.birth_day,r1_0.country_code,r1_0.first_name,r1_0.gear_description,r1_0.last_name,r1_0.fk_team,r1_0.wins from rider r1_0 where r1_0.first_name=? and r1_0.last_name=?
Hibernate: select t1_0.id,t1_0.head_sponsor,t1_0.name,m1_0.fk_team,m1_0.id,m1_0.birth_day,m1_0.country_code,m1_0.first_name,m1_0.gear_description,m1_0.last_name,m1_0.wins from team t1_0 left join rider m1_0 on t1_0.id=m1_0.fk_team where t1_0.id=?
Hibernate: select r1_0.id,r1_0.birth_day,r1_0.country_code,r1_0.first_name,r1_0.gear_description,r1_0.last_name,r1_0.fk_team,t1_0.id,t1_0.head_sponsor,t1_0.name,r1_0.wins,p1_0.rider_id,p1_1.id,p1_1.count_of_viewers,p1_1.country_code,p1_1.date,p1_1.location,p1_1.name,p1_1.race_creator,w1_0.id,w1_0.birth_day,w1_0.country_code,w1_0.first_name,w1_0.gear_description,w1_0.last_name,w1_0.fk_team,t2_0.id,t2_0.head_sponsor,t2_0.name,w1_0.wins from rider r1_0 join team t1_0 on t1_0.id=r1_0.fk_team left join (rider_program p1_0 join race p1_1 on p1_1.id=p1_0.race_id) on r1_0.id=p1_0.rider_id left join rider w1_0 on w1_0.id=p1_1.winner_id left join team t2_0 on t2_0.id=w1_0.fk_team where r1_0.id=?
Hibernate: select r1_0.id,r1_0.count_of_viewers,r1_0.country_code,r1_0.date,r1_0.location,r1_0.name,r1_0.race_creator,w1_0.id,w1_0.birth_day,w1_0.country_code,w1_0.first_name,w1_0.gear_description,w1_0.last_name,w1_0.fk_team,t1_0.id,t1_0.head_sponsor,t1_0.name,w1_0.wins,p1_0.rider_id,p1_1.id,p1_1.count_of_viewers,p1_1.country_code,p1_1.date,p1_1.location,p1_1.name,p1_1.race_creator from race r1_0 left join rider w1_0 on w1_0.id=r1_0.winner_id left join team t1_0 on t1_0.id=w1_0.fk_team left join (rider_program p1_0 join race p1_1 on p1_1.id=p1_0.race_id) on w1_0.id=p1_0.rider_id where r1_0.id=?
Hibernate: insert into calendar (end_year,start_year,id) values (?,?,?)
Hibernate: insert into team (head_sponsor,name,id) values (?,?,?)
Hibernate: insert into rider (birth_day,country_code,first_name,gear_description,last_name,fk_team,wins,id) values (?,?,?,?,?,?,?,?)
Hibernate: insert into race (count_of_viewers,country_code,date,location,name,race_creator,winner_id,id) values (?,?,?,?,?,?,?,default)
Hibernate: update rider set birth_day=?,country_code=?,first_name=?,gear_description=?,last_name=?,fk_team=?,wins=? where id=?
Hibernate: update race set count_of_viewers=?,country_code=?,date=?,location=?,name=?,race_creator=?,winner_id=? where id=?
Hibernate: insert into rider_program (rider_id,race_id) values (?,?)
Hibernate: update race set calendar_id=? where id=?
Hibernate: insert into riders_in_race (race_id,rider_id) values (?,?)
Hibernate: select r1_0.id,r1_0.birth_day,r1_0.country_code,r1_0.first_name,r1_0.gear_description,r1_0.last_name,r1_0.fk_team,r1_0.wins from rider r1_0 where r1_0.first_name=? and r1_0.last_name=?
Hibernate: select t1_0.id,t1_0.head_sponsor,t1_0.name,m1_0.fk_team,m1_0.id,m1_0.birth_day,m1_0.country_code,m1_0.first_name,m1_0.gear_description,m1_0.last_name,m1_0.wins from team t1_0 left join rider m1_0 on t1_0.id=m1_0.fk_team where t1_0.id=?
Hibernate: select r1_0.id,r1_0.birth_day,r1_0.country_code,r1_0.first_name,r1_0.gear_description,r1_0.last_name,r1_0.fk_team,t1_0.id,t1_0.head_sponsor,t1_0.name,r1_0.wins,p1_0.rider_id,p1_1.id,p1_1.count_of_viewers,p1_1.country_code,p1_1.date,p1_1.location,p1_1.name,p1_1.race_creator,w1_0.id,w1_0.birth_day,w1_0.country_code,w1_0.first_name,w1_0.gear_description,w1_0.last_name,w1_0.fk_team,t2_0.id,t2_0.head_sponsor,t2_0.name,w1_0.wins from rider r1_0 join team t1_0 on t1_0.id=r1_0.fk_team left join (rider_program p1_0 join race p1_1 on p1_1.id=p1_0.race_id) on r1_0.id=p1_0.rider_id left join rider w1_0 on w1_0.id=p1_1.winner_id left join team t2_0 on t2_0.id=w1_0.fk_team where r1_0.id=?
Hibernate: select r1_0.id,r1_0.count_of_viewers,r1_0.country_code,r1_0.date,r1_0.location,r1_0.name,r1_0.race_creator,w1_0.id,w1_0.birth_day,w1_0.country_code,w1_0.first_name,w1_0.gear_description,w1_0.last_name,w1_0.fk_team,t1_0.id,t1_0.head_sponsor,t1_0.name,w1_0.wins,p1_0.rider_id,p1_1.id,p1_1.count_of_viewers,p1_1.country_code,p1_1.date,p1_1.location,p1_1.name,p1_1.race_creator from race r1_0 left join rider w1_0 on w1_0.id=r1_0.winner_id left join team t1_0 on t1_0.id=w1_0.fk_team left join (rider_program p1_0 join race p1_1 on p1_1.id=p1_0.race_id) on w1_0.id=p1_0.rider_id where r1_0.id=?
Hibernate: insert into calendar (end_year,start_year,id) values (?,?,?)
Hibernate: insert into team (head_sponsor,name,id) values (?,?,?)
Hibernate: insert into rider (birth_day,country_code,first_name,gear_description,last_name,fk_team,wins,id) values (?,?,?,?,?,?,?,?)
Hibernate: insert into race (count_of_viewers,country_code,date,location,name,race_creator,winner_id,id) values (?,?,?,?,?,?,?,default)
Hibernate: update rider set birth_day=?,country_code=?,first_name=?,gear_description=?,last_name=?,fk_team=?,wins=? where id=?
Hibernate: update race set count_of_viewers=?,country_code=?,date=?,location=?,name=?,race_creator=?,winner_id=? where id=?
Hibernate: insert into rider_program (rider_id,race_id) values (?,?)
Hibernate: update race set calendar_id=? where id=?
Hibernate: insert into riders_in_race (race_id,rider_id) values (?,?)
Hibernate: select r1_0.id,r1_0.birth_day,r1_0.country_code,r1_0.first_name,r1_0.gear_description,r1_0.last_name,r1_0.fk_team,r1_0.wins from rider r1_0 where r1_0.first_name=? and r1_0.last_name=?
Hibernate: select t1_0.id,t1_0.head_sponsor,t1_0.name,m1_0.fk_team,m1_0.id,m1_0.birth_day,m1_0.country_code,m1_0.first_name,m1_0.gear_description,m1_0.last_name,m1_0.wins from team t1_0 left join rider m1_0 on t1_0.id=m1_0.fk_team where t1_0.id=?
Hibernate: select r1_0.id,r1_0.birth_day,r1_0.country_code,r1_0.first_name,r1_0.gear_description,r1_0.last_name,r1_0.fk_team,t1_0.id,t1_0.head_sponsor,t1_0.name,r1_0.wins,p1_0.rider_id,p1_1.id,p1_1.count_of_viewers,p1_1.country_code,p1_1.date,p1_1.location,p1_1.name,p1_1.race_creator,w1_0.id,w1_0.birth_day,w1_0.country_code,w1_0.first_name,w1_0.gear_description,w1_0.last_name,w1_0.fk_team,t2_0.id,t2_0.head_sponsor,t2_0.name,w1_0.wins from rider r1_0 join team t1_0 on t1_0.id=r1_0.fk_team left join (rider_program p1_0 join race p1_1 on p1_1.id=p1_0.race_id) on r1_0.id=p1_0.rider_id left join rider w1_0 on w1_0.id=p1_1.winner_id left join team t2_0 on t2_0.id=w1_0.fk_team where r1_0.id=?
Hibernate: select r1_0.id,r1_0.count_of_viewers,r1_0.country_code,r1_0.date,r1_0.location,r1_0.name,r1_0.race_creator,w1_0.id,w1_0.birth_day,w1_0.country_code,w1_0.first_name,w1_0.gear_description,w1_0.last_name,w1_0.fk_team,t1_0.id,t1_0.head_sponsor,t1_0.name,w1_0.wins,p1_0.rider_id,p1_1.id,p1_1.count_of_viewers,p1_1.country_code,p1_1.date,p1_1.location,p1_1.name,p1_1.race_creator from race r1_0 left join rider w1_0 on w1_0.id=r1_0.winner_id left join team t1_0 on t1_0.id=w1_0.fk_team left join (rider_program p1_0 join race p1_1 on p1_1.id=p1_0.race_id) on w1_0.id=p1_0.rider_id where r1_0.id=?
Hibernate: insert into calendar (end_year,start_year,id) values (?,?,?)
Hibernate: insert into team (head_sponsor,name,id) values (?,?,?)
Hibernate: insert into rider (birth_day,country_code,first_name,gear_description,last_name,fk_team,wins,id) values (?,?,?,?,?,?,?,?)
Hibernate: insert into race (count_of_viewers,country_code,date,location,name,race_creator,winner_id,id) values (?,?,?,?,?,?,?,default)
Hibernate: update rider set birth_day=?,country_code=?,first_name=?,gear_description=?,last_name=?,fk_team=?,wins=? where id=?
Hibernate: update race set count_of_viewers=?,country_code=?,date=?,location=?,name=?,race_creator=?,winner_id=? where id=?
Hibernate: insert into rider_program (rider_id,race_id) values (?,?)
Hibernate: update race set calendar_id=? where id=?
Hibernate: insert into riders_in_race (race_id,rider_id) values (?,?)
Hibernate: select r1_0.id,r1_0.birth_day,r1_0.country_code,r1_0.first_name,r1_0.gear_description,r1_0.last_name,r1_0.fk_team,r1_0.wins from rider r1_0 where r1_0.first_name=? and r1_0.last_name=?
Hibernate: select t1_0.id,t1_0.head_sponsor,t1_0.name,m1_0.fk_team,m1_0.id,m1_0.birth_day,m1_0.country_code,m1_0.first_name,m1_0.gear_description,m1_0.last_name,m1_0.wins from team t1_0 left join rider m1_0 on t1_0.id=m1_0.fk_team where t1_0.id=?
Hibernate: select r1_0.id,r1_0.birth_day,r1_0.country_code,r1_0.first_name,r1_0.gear_description,r1_0.last_name,r1_0.fk_team,t1_0.id,t1_0.head_sponsor,t1_0.name,r1_0.wins,p1_0.rider_id,p1_1.id,p1_1.count_of_viewers,p1_1.country_code,p1_1.date,p1_1.location,p1_1.name,p1_1.race_creator,w1_0.id,w1_0.birth_day,w1_0.country_code,w1_0.first_name,w1_0.gear_description,w1_0.last_name,w1_0.fk_team,t2_0.id,t2_0.head_sponsor,t2_0.name,w1_0.wins from rider r1_0 join team t1_0 on t1_0.id=r1_0.fk_team left join (rider_program p1_0 join race p1_1 on p1_1.id=p1_0.race_id) on r1_0.id=p1_0.rider_id left join rider w1_0 on w1_0.id=p1_1.winner_id left join team t2_0 on t2_0.id=w1_0.fk_team where r1_0.id=?
Hibernate: select r1_0.id,r1_0.count_of_viewers,r1_0.country_code,r1_0.date,r1_0.location,r1_0.name,r1_0.race_creator,w1_0.id,w1_0.birth_day,w1_0.country_code,w1_0.first_name,w1_0.gear_description,w1_0.last_name,w1_0.fk_team,t1_0.id,t1_0.head_sponsor,t1_0.name,w1_0.wins,p1_0.rider_id,p1_1.id,p1_1.count_of_viewers,p1_1.country_code,p1_1.date,p1_1.location,p1_1.name,p1_1.race_creator from race r1_0 left join rider w1_0 on w1_0.id=r1_0.winner_id left join team t1_0 on t1_0.id=w1_0.fk_team left join (rider_program p1_0 join race p1_1 on p1_1.id=p1_0.race_id) on w1_0.id=p1_0.rider_id where r1_0.id=?
Hibernate: insert into calendar (end_year,start_year,id) values (?,?,?)
Hibernate: insert into team (head_sponsor,name,id) values (?,?,?)
Hibernate: insert into rider (birth_day,country_code,first_name,gear_description,last_name,fk_team,wins,id) values (?,?,?,?,?,?,?,?)
Hibernate: insert into race (count_of_viewers,country_code,date,location,name,race_creator,winner_id,id) values (?,?,?,?,?,?,?,default)
Hibernate: update rider set birth_day=?,country_code=?,first_name=?,gear_description=?,last_name=?,fk_team=?,wins=? where id=?
Hibernate: update race set count_of_viewers=?,country_code=?,date=?,location=?,name=?,race_creator=?,winner_id=? where id=?
Hibernate: insert into rider_program (rider_id,race_id) values (?,?)
Hibernate: update race set calendar_id=? where id=?
Hibernate: insert into riders_in_race (race_id,rider_id) values (?,?)
Hibernate: select r1_0.id,r1_0.birth_day,r1_0.country_code,r1_0.first_name,r1_0.gear_description,r1_0.last_name,r1_0.fk_team,r1_0.wins from rider r1_0 where r1_0.first_name=? and r1_0.last_name=?
Hibernate: select t1_0.id,t1_0.head_sponsor,t1_0.name,m1_0.fk_team,m1_0.id,m1_0.birth_day,m1_0.country_code,m1_0.first_name,m1_0.gear_description,m1_0.last_name,m1_0.wins from team t1_0 left join rider m1_0 on t1_0.id=m1_0.fk_team where t1_0.id=?
Hibernate: select r1_0.id,r1_0.birth_day,r1_0.country_code,r1_0.first_name,r1_0.gear_description,r1_0.last_name,r1_0.fk_team,t1_0.id,t1_0.head_sponsor,t1_0.name,r1_0.wins,p1_0.rider_id,p1_1.id,p1_1.count_of_viewers,p1_1.country_code,p1_1.date,p1_1.location,p1_1.name,p1_1.race_creator,w1_0.id,w1_0.birth_day,w1_0.country_code,w1_0.first_name,w1_0.gear_description,w1_0.last_name,w1_0.fk_team,t2_0.id,t2_0.head_sponsor,t2_0.name,w1_0.wins from rider r1_0 join team t1_0 on t1_0.id=r1_0.fk_team left join (rider_program p1_0 join race p1_1 on p1_1.id=p1_0.race_id) on r1_0.id=p1_0.rider_id left join rider w1_0 on w1_0.id=p1_1.winner_id left join team t2_0 on t2_0.id=w1_0.fk_team where r1_0.id=?
Hibernate: select r1_0.id,r1_0.count_of_viewers,r1_0.country_code,r1_0.date,r1_0.location,r1_0.name,r1_0.race_creator,w1_0.id,w1_0.birth_day,w1_0.country_code,w1_0.first_name,w1_0.gear_description,w1_0.last_name,w1_0.fk_team,t1_0.id,t1_0.head_sponsor,t1_0.name,w1_0.wins,p1_0.rider_id,p1_1.id,p1_1.count_of_viewers,p1_1.country_code,p1_1.date,p1_1.location,p1_1.name,p1_1.race_creator from race r1_0 left join rider w1_0 on w1_0.id=r1_0.winner_id left join team t1_0 on t1_0.id=w1_0.fk_team left join (rider_program p1_0 join race p1_1 on p1_1.id=p1_0.race_id) on w1_0.id=p1_0.rider_id where r1_0.id=?
Hibernate: insert into calendar (end_year,start_year,id) values (?,?,?)
Hibernate: insert into team (head_sponsor,name,id) values (?,?,?)
Hibernate: insert into rider (birth_day,country_code,first_name,gear_description,last_name,fk_team,wins,id) values (?,?,?,?,?,?,?,?)
Hibernate: insert into race (count_of_viewers,country_code,date,location,name,race_creator,winner_id,id) values (?,?,?,?,?,?,?,default)
Hibernate: update rider set birth_day=?,country_code=?,first_name=?,gear_description=?,last_name=?,fk_team=?,wins=? where id=?
Hibernate: update race set count_of_viewers=?,country_code=?,date=?,location=?,name=?,race_creator=?,winner_id=? where id=?
Hibernate: insert into rider_program (rider_id,race_id) values (?,?)
Hibernate: update race set calendar_id=? where id=?
Hibernate: insert into riders_in_race (race_id,rider_id) values (?,?)
Hibernate: select r1_0.id,r1_0.birth_day,r1_0.country_code,r1_0.first_name,r1_0.gear_description,r1_0.last_name,r1_0.fk_team,r1_0.wins from rider r1_0 where r1_0.first_name=? and r1_0.last_name=?
Hibernate: select t1_0.id,t1_0.head_sponsor,t1_0.name,m1_0.fk_team,m1_0.id,m1_0.birth_day,m1_0.country_code,m1_0.first_name,m1_0.gear_description,m1_0.last_name,m1_0.wins from team t1_0 left join rider m1_0 on t1_0.id=m1_0.fk_team where t1_0.id=?
Hibernate: select r1_0.id,r1_0.birth_day,r1_0.country_code,r1_0.first_name,r1_0.gear_description,r1_0.last_name,r1_0.fk_team,t1_0.id,t1_0.head_sponsor,t1_0.name,r1_0.wins,p1_0.rider_id,p1_1.id,p1_1.count_of_viewers,p1_1.country_code,p1_1.date,p1_1.location,p1_1.name,p1_1.race_creator,w1_0.id,w1_0.birth_day,w1_0.country_code,w1_0.first_name,w1_0.gear_description,w1_0.last_name,w1_0.fk_team,t2_0.id,t2_0.head_sponsor,t2_0.name,w1_0.wins from rider r1_0 join team t1_0 on t1_0.id=r1_0.fk_team left join (rider_program p1_0 join race p1_1 on p1_1.id=p1_0.race_id) on r1_0.id=p1_0.rider_id left join rider w1_0 on w1_0.id=p1_1.winner_id left join team t2_0 on t2_0.id=w1_0.fk_team where r1_0.id=?
Hibernate: select r1_0.id,r1_0.count_of_viewers,r1_0.country_code,r1_0.date,r1_0.location,r1_0.name,r1_0.race_creator,w1_0.id,w1_0.birth_day,w1_0.country_code,w1_0.first_name,w1_0.gear_description,w1_0.last_name,w1_0.fk_team,t1_0.id,t1_0.head_sponsor,t1_0.name,w1_0.wins,p1_0.rider_id,p1_1.id,p1_1.count_of_viewers,p1_1.country_code,p1_1.date,p1_1.location,p1_1.name,p1_1.race_creator from race r1_0 left join rider w1_0 on w1_0.id=r1_0.winner_id left join team t1_0 on t1_0.id=w1_0.fk_team left join (rider_program p1_0 join race p1_1 on p1_1.id=p1_0.race_id) on w1_0.id=p1_0.rider_id where r1_0.id=?
Hibernate: insert into calendar (end_year,start_year,id) values (?,?,?)
Hibernate: insert into team (head_sponsor,name,id) values (?,?,?)
Hibernate: insert into rider (birth_day,country_code,first_name,gear_description,last_name,fk_team,wins,id) values (?,?,?,?,?,?,?,?)
Hibernate: insert into race (count_of_viewers,country_code,date,location,name,race_creator,winner_id,id) values (?,?,?,?,?,?,?,default)
Hibernate: update rider set birth_day=?,country_code=?,first_name=?,gear_description=?,last_name=?,fk_team=?,wins=? where id=?
Hibernate: update race set count_of_viewers=?,country_code=?,date=?,location=?,name=?,race_creator=?,winner_id=? where id=?
Hibernate: insert into rider_program (rider_id,race_id) values (?,?)
Hibernate: update race set calendar_id=? where id=?
Hibernate: insert into riders_in_race (race_id,rider_id) values (?,?)
Hibernate: select r1_0.id,r1_0.birth_day,r1_0.country_code,r1_0.first_name,r1_0.gear_description,r1_0.last_name,r1_0.fk_team,r1_0.wins from rider r1_0 where r1_0.first_name=? and r1_0.last_name=?
Hibernate: select t1_0.id,t1_0.head_sponsor,t1_0.name,m1_0.fk_team,m1_0.id,m1_0.birth_day,m1_0.country_code,m1_0.first_name,m1_0.gear_description,m1_0.last_name,m1_0.wins from team t1_0 left join rider m1_0 on t1_0.id=m1_0.fk_team where t1_0.id=?
Hibernate: select r1_0.id,r1_0.birth_day,r1_0.country_code,r1_0.first_name,r1_0.gear_description,r1_0.last_name,r1_0.fk_team,t1_0.id,t1_0.head_sponsor,t1_0.name,r1_0.wins,p1_0.rider_id,p1_1.id,p1_1.count_of_viewers,p1_1.country_code,p1_1.date,p1_1.location,p1_1.name,p1_1.race_creator,w1_0.id,w1_0.birth_day,w1_0.country_code,w1_0.first_name,w1_0.gear_description,w1_0.last_name,w1_0.fk_team,t2_0.id,t2_0.head_sponsor,t2_0.name,w1_0.wins from rider r1_0 join team t1_0 on t1_0.id=r1_0.fk_team left join (rider_program p1_0 join race p1_1 on p1_1.id=p1_0.race_id) on r1_0.id=p1_0.rider_id left join rider w1_0 on w1_0.id=p1_1.winner_id left join team t2_0 on t2_0.id=w1_0.fk_team where r1_0.id=?
Hibernate: select r1_0.id,r1_0.count_of_viewers,r1_0.country_code,r1_0.date,r1_0.location,r1_0.name,r1_0.race_creator,w1_0.id,w1_0.birth_day,w1_0.country_code,w1_0.first_name,w1_0.gear_description,w1_0.last_name,w1_0.fk_team,t1_0.id,t1_0.head_sponsor,t1_0.name,w1_0.wins,p1_0.rider_id,p1_1.id,p1_1.count_of_viewers,p1_1.country_code,p1_1.date,p1_1.location,p1_1.name,p1_1.race_creator from race r1_0 left join rider w1_0 on w1_0.id=r1_0.winner_id left join team t1_0 on t1_0.id=w1_0.fk_team left join (rider_program p1_0 join race p1_1 on p1_1.id=p1_0.race_id) on w1_0.id=p1_0.rider_id where r1_0.id=?
Hibernate: insert into calendar (end_year,start_year,id) values (?,?,?)
Hibernate: insert into team (head_sponsor,name,id) values (?,?,?)
Hibernate: insert into rider (birth_day,country_code,first_name,gear_description,last_name,fk_team,wins,id) values (?,?,?,?,?,?,?,?)
Hibernate: insert into race (count_of_viewers,country_code,date,location,name,race_creator,winner_id,id) values (?,?,?,?,?,?,?,default)
Hibernate: update rider set birth_day=?,country_code=?,first_name=?,gear_description=?,last_name=?,fk_team=?,wins=? where id=?
Hibernate: update race set count_of_viewers=?,country_code=?,date=?,location=?,name=?,race_creator=?,winner_id=? where id=?
Hibernate: insert into rider_program (rider_id,race_id) values (?,?)
Hibernate: update race set calendar_id=? where id=?
Hibernate: insert into riders_in_race (race_id,rider_id) values (?,?)
Hibernate: select r1_0.id,r1_0.birth_day,r1_0.country_code,r1_0.first_name,r1_0.gear_description,r1_0.last_name,r1_0.fk_team,r1_0.wins from rider r1_0 where r1_0.first_name=? and r1_0.last_name=?
Hibernate: select t1_0.id,t1_0.head_sponsor,t1_0.name,m1_0.fk_team,m1_0.id,m1_0.birth_day,m1_0.country_code,m1_0.first_name,m1_0.gear_description,m1_0.last_name,m1_0.wins from team t1_0 left join rider m1_0 on t1_0.id=m1_0.fk_team where t1_0.id=?
Hibernate: select r1_0.id,r1_0.birth_day,r1_0.country_code,r1_0.first_name,r1_0.gear_description,r1_0.last_name,r1_0.fk_team,t1_0.id,t1_0.head_sponsor,t1_0.name,r1_0.wins,p1_0.rider_id,p1_1.id,p1_1.count_of_viewers,p1_1.country_code,p1_1.date,p1_1.location,p1_1.name,p1_1.race_creator,w1_0.id,w1_0.birth_day,w1_0.country_code,w1_0.first_name,w1_0.gear_description,w1_0.last_name,w1_0.fk_team,t2_0.id,t2_0.head_sponsor,t2_0.name,w1_0.wins from rider r1_0 join team t1_0 on t1_0.id=r1_0.fk_team left join (rider_program p1_0 join race p1_1 on p1_1.id=p1_0.race_id) on r1_0.id=p1_0.rider_id left join rider w1_0 on w1_0.id=p1_1.winner_id left join team t2_0 on t2_0.id=w1_0.fk_team where r1_0.id=?
Hibernate: select r1_0.id,r1_0.count_of_viewers,r1_0.country_code,r1_0.date,r1_0.location,r1_0.name,r1_0.race_creator,w1_0.id,w1_0.birth_day,w1_0.country_code,w1_0.first_name,w1_0.gear_description,w1_0.last_name,w1_0.fk_team,t1_0.id,t1_0.head_sponsor,t1_0.name,w1_0.wins,p1_0.rider_id,p1_1.id,p1_1.count_of_viewers,p1_1.country_code,p1_1.date,p1_1.location,p1_1.name,p1_1.race_creator from race r1_0 left join rider w1_0 on w1_0.id=r1_0.winner_id left join team t1_0 on t1_0.id=w1_0.fk_team left join (rider_program p1_0 join race p1_1 on p1_1.id=p1_0.race_id) on w1_0.id=p1_0.rider_id where r1_0.id=?
Hibernate: insert into calendar (end_year,start_year,id) values (?,?,?)
Hibernate: insert into team (head_sponsor,name,id) values (?,?,?)
Hibernate: insert into rider (birth_day,country_code,first_name,gear_description,last_name,fk_team,wins,id) values (?,?,?,?,?,?,?,?)
Hibernate: insert into race (count_of_viewers,country_code,date,location,name,race_creator,winner_id,id) values (?,?,?,?,?,?,?,default)
Hibernate: update rider set birth_day=?,country_code=?,first_name=?,gear_description=?,last_name=?,fk_team=?,wins=? where id=?
Hibernate: update race set count_of_viewers=?,country_code=?,date=?,location=?,name=?,race_creator=?,winner_id=? where id=?
Hibernate: insert into rider_program (rider_id,race_id) values (?,?)
Hibernate: update race set calendar_id=? where id=?
Hibernate: insert into riders_in_race (race_id,rider_id) values (?,?)
Hibernate: select r1_0.id,r1_0.birth_day,r1_0.country_code,r1_0.first_name,r1_0.gear_description,r1_0.last_name,r1_0.fk_team,r1_0.wins from rider r1_0 where r1_0.first_name=? and r1_0.last_name=?
Hibernate: select t1_0.id,t1_0.head_sponsor,t1_0.name,m1_0.fk_team,m1_0.id,m1_0.birth_day,m1_0.country_code,m1_0.first_name,m1_0.gear_description,m1_0.last_name,m1_0.wins from team t1_0 left join rider m1_0 on t1_0.id=m1_0.fk_team where t1_0.id=?
Hibernate: select r1_0.id,r1_0.birth_day,r1_0.country_code,r1_0.first_name,r1_0.gear_description,r1_0.last_name,r1_0.fk_team,t1_0.id,t1_0.head_sponsor,t1_0.name,r1_0.wins,p1_0.rider_id,p1_1.id,p1_1.count_of_viewers,p1_1.country_code,p1_1.date,p1_1.location,p1_1.name,p1_1.race_creator,w1_0.id,w1_0.birth_day,w1_0.country_code,w1_0.first_name,w1_0.gear_description,w1_0.last_name,w1_0.fk_team,t2_0.id,t2_0.head_sponsor,t2_0.name,w1_0.wins from rider r1_0 join team t1_0 on t1_0.id=r1_0.fk_team left join (rider_program p1_0 join race p1_1 on p1_1.id=p1_0.race_id) on r1_0.id=p1_0.rider_id left join rider w1_0 on w1_0.id=p1_1.winner_id left join team t2_0 on t2_0.id=w1_0.fk_team where r1_0.id=?
Hibernate: select r1_0.id,r1_0.count_of_viewers,r1_0.country_code,r1_0.date,r1_0.location,r1_0.name,r1_0.race_creator,w1_0.id,w1_0.birth_day,w1_0.country_code,w1_0.first_name,w1_0.gear_description,w1_0.last_name,w1_0.fk_team,t1_0.id,t1_0.head_sponsor,t1_0.name,w1_0.wins,p1_0.rider_id,p1_1.id,p1_1.count_of_viewers,p1_1.country_code,p1_1.date,p1_1.location,p1_1.name,p1_1.race_creator from race r1_0 left join rider w1_0 on w1_0.id=r1_0.winner_id left join team t1_0 on t1_0.id=w1_0.fk_team left join (rider_program p1_0 join race p1_1 on p1_1.id=p1_0.race_id) on w1_0.id=p1_0.rider_id where r1_0.id=?
Hibernate: insert into calendar (end_year,start_year,id) values (?,?,?)
Hibernate: insert into team (head_sponsor,name,id) values (?,?,?)
Hibernate: insert into rider (birth_day,country_code,first_name,gear_description,last_name,fk_team,wins,id) values (?,?,?,?,?,?,?,?)
Hibernate: insert into race (count_of_viewers,country_code,date,location,name,race_creator,winner_id,id) values (?,?,?,?,?,?,?,default)
Hibernate: update rider set birth_day=?,country_code=?,first_name=?,gear_description=?,last_name=?,fk_team=?,wins=? where id=?
Hibernate: update race set count_of_viewers=?,country_code=?,date=?,location=?,name=?,race_creator=?,winner_id=? where id=?
Hibernate: insert into rider_program (rider_id,race_id) values (?,?)
Hibernate: update race set calendar_id=? where id=?
Hibernate: insert into riders_in_race (race_id,rider_id) values (?,?)
Hibernate: select r1_0.id,r1_0.birth_day,r1_0.country_code,r1_0.first_name,r1_0.gear_description,r1_0.last_name,r1_0.fk_team,r1_0.wins from rider r1_0 where r1_0.first_name=? and r1_0.last_name=?
Hibernate: select t1_0.id,t1_0.head_sponsor,t1_0.name,m1_0.fk_team,m1_0.id,m1_0.birth_day,m1_0.country_code,m1_0.first_name,m1_0.gear_description,m1_0.last_name,m1_0.wins from team t1_0 left join rider m1_0 on t1_0.id=m1_0.fk_team where t1_0.id=?
Hibernate: select r1_0.id,r1_0.birth_day,r1_0.country_code,r1_0.first_name,r1_0.gear_description,r1_0.last_name,r1_0.fk_team,t1_0.id,t1_0.head_sponsor,t1_0.name,r1_0.wins,p1_0.rider_id,p1_1.id,p1_1.count_of_viewers,p1_1.country_code,p1_1.date,p1_1.location,p1_1.name,p1_1.race_creator,w1_0.id,w1_0.birth_day,w1_0.country_code,w1_0.first_name,w1_0.gear_description,w1_0.last_name,w1_0.fk_team,t2_0.id,t2_0.head_sponsor,t2_0.name,w1_0.wins from rider r1_0 join team t1_0 on t1_0.id=r1_0.fk_team left join (rider_program p1_0 join race p1_1 on p1_1.id=p1_0.race_id) on r1_0.id=p1_0.rider_id left join rider w1_0 on w1_0.id=p1_1.winner_id left join team t2_0 on t2_0.id=w1_0.fk_team where r1_0.id=?
Hibernate: select r1_0.id,r1_0.count_of_viewers,r1_0.country_code,r1_0.date,r1_0.location,r1_0.name,r1_0.race_creator,w1_0.id,w1_0.birth_day,w1_0.country_code,w1_0.first_name,w1_0.gear_description,w1_0.last_name,w1_0.fk_team,t1_0.id,t1_0.head_sponsor,t1_0.name,w1_0.wins,p1_0.rider_id,p1_1.id,p1_1.count_of_viewers,p1_1.country_code,p1_1.date,p1_1.location,p1_1.name,p1_1.race_creator from race r1_0 left join rider w1_0 on w1_0.id=r1_0.winner_id left join team t1_0 on t1_0.id=w1_0.fk_team left join (rider_program p1_0 join race p1_1 on p1_1.id=p1_0.race_id) on w1_0.id=p1_0.rider_id where r1_0.id=?
Hibernate: insert into calendar (end_year,start_year,id) values (?,?,?)
Hibernate: insert into team (head_sponsor,name,id) values (?,?,?)
Hibernate: insert into rider (birth_day,country_code,first_name,gear_description,last_name,fk_team,wins,id) values (?,?,?,?,?,?,?,?)
Hibernate: insert into race (count_of_viewers,country_code,date,location,name,race_creator,winner_id,id) values (?,?,?,?,?,?,?,default)
Hibernate: update rider set birth_day=?,country_code=?,first_name=?,gear_description=?,last_name=?,fk_team=?,wins=? where id=?
Hibernate: update race set count_of_viewers=?,country_code=?,date=?,location=?,name=?,race_creator=?,winner_id=? where id=?
Hibernate: insert into rider_program (rider_id,race_id) values (?,?)
Hibernate: update race set calendar_id=? where id=?
Hibernate: insert into riders_in_race (race_id,rider_id) values (?,?)
Hibernate: select r1_0.id,r1_0.birth_day,r1_0.country_code,r1_0.first_name,r1_0.gear_description,r1_0.last_name,r1_0.fk_team,r1_0.wins from rider r1_0 where r1_0.first_name=? and r1_0.last_name=?
Hibernate: select t1_0.id,t1_0.head_sponsor,t1_0.name,m1_0.fk_team,m1_0.id,m1_0.birth_day,m1_0.country_code,m1_0.first_name,m1_0.gear_description,m1_0.last_name,m1_0.wins from team t1_0 left join rider m1_0 on t1_0.id=m1_0.fk_team where t1_0.id=?
Hibernate: select r1_0.id,r1_0.birth_day,r1_0.country_code,r1_0.first_name,r1_0.gear_description,r1_0.last_name,r1_0.fk_team,t1_0.id,t1_0.head_sponsor,t1_0.name,r1_0.wins,p1_0.rider_id,p1_1.id,p1_1.count_of_viewers,p1_1.country_code,p1_1.date,p1_1.location,p1_1.name,p1_1.race_creator,w1_0.id,w1_0.birth_day,w1_0.country_code,w1_0.first_name,w1_0.gear_description,w1_0.last_name,w1_0.fk_team,t2_0.id,t2_0.head_sponsor,t2_0.name,w1_0.wins from rider r1_0 join team t1_0 on t1_0.id=r1_0.fk_team left join (rider_program p1_0 join race p1_1 on p1_1.id=p1_0.race_id) on r1_0.id=p1_0.rider_id left join rider w1_0 on w1_0.id=p1_1.winner_id left join team t2_0 on t2_0.id=w1_0.fk_team where r1_0.id=?
Hibernate: select r1_0.id,r1_0.count_of_viewers,r1_0.country_code,r1_0.date,r1_0.location,r1_0.name,r1_0.race_creator,w1_0.id,w1_0.birth_day,w1_0.country_code,w1_0.first_name,w1_0.gear_description,w1_0.last_name,w1_0.fk_team,t1_0.id,t1_0.head_sponsor,t1_0.name,w1_0.wins,p1_0.rider_id,p1_1.id,p1_1.count_of_viewers,p1_1.country_code,p1_1.date,p1_1.location,p1_1.name,p1_1.race_creator from race r1_0 left join rider w1_0 on w1_0.id=r1_0.winner_id left join team t1_0 on t1_0.id=w1_0.fk_team left join (rider_program p1_0 join race p1_1 on p1_1.id=p1_0.race_id) on w1_0.id=p1_0.rider_id where r1_0.id=?
Hibernate: insert into calendar (end_year,start_year,id) values (?,?,?)
Hibernate: insert into team (head_sponsor,name,id) values (?,?,?)
Hibernate: insert into rider (birth_day,country_code,first_name,gear_description,last_name,fk_team,wins,id) values (?,?,?,?,?,?,?,?)
Hibernate: insert into race (count_of_viewers,country_code,date,location,name,race_creator,winner_id,id) values (?,?,?,?,?,?,?,default)
Hibernate: update rider set birth_day=?,country_code=?,first_name=?,gear_description=?,last_name=?,fk_team=?,wins=? where id=?
Hibernate: update race set count_of_viewers=?,country_code=?,date=?,location=?,name=?,race_creator=?,winner_id=? where id=?
Hibernate: insert into rider_program (rider_id,race_id) values (?,?)
Hibernate: update race set calendar_id=? where id=?
Hibernate: insert into riders_in_race (race_id,rider_id) values (?,?)
Hibernate: select r1_0.id,r1_0.birth_day,r1_0.country_code,r1_0.first_name,r1_0.gear_description,r1_0.last_name,r1_0.fk_team,r1_0.wins from rider r1_0 where r1_0.first_name=? and r1_0.last_name=?
Hibernate: select t1_0.id,t1_0.head_sponsor,t1_0.name,m1_0.fk_team,m1_0.id,m1_0.birth_day,m1_0.country_code,m1_0.first_name,m1_0.gear_description,m1_0.last_name,m1_0.wins from team t1_0 left join rider m1_0 on t1_0.id=m1_0.fk_team where t1_0.id=?
Hibernate: select r1_0.id,r1_0.birth_day,r1_0.country_code,r1_0.first_name,r1_0.gear_description,r1_0.last_name,r1_0.fk_team,t1_0.id,t1_0.head_sponsor,t1_0.name,r1_0.wins,p1_0.rider_id,p1_1.id,p1_1.count_of_viewers,p1_1.country_code,p1_1.date,p1_1.location,p1_1.name,p1_1.race_creator,w1_0.id,w1_0.birth_day,w1_0.country_code,w1_0.first_name,w1_0.gear_description,w1_0.last_name,w1_0.fk_team,t2_0.id,t2_0.head_sponsor,t2_0.name,w1_0.wins from rider r1_0 join team t1_0 on t1_0.id=r1_0.fk_team left join (rider_program p1_0 join race p1_1 on p1_1.id=p1_0.race_id) on r1_0.id=p1_0.rider_id left join rider w1_0 on w1_0.id=p1_1.winner_id left join team t2_0 on t2_0.id=w1_0.fk_team where r1_0.id=?
Hibernate: select r1_0.id,r1_0.count_of_viewers,r1_0.country_code,r1_0.date,r1_0.location,r1_0.name,r1_0.race_creator,w1_0.id,w1_0.birth_day,w1_0.country_code,w1_0.first_name,w1_0.gear_description,w1_0.last_name,w1_0.fk_team,t1_0.id,t1_0.head_sponsor,t1_0.name,w1_0.wins,p1_0.rider_id,p1_1.id,p1_1.count_of_viewers,p1_1.country_code,p1_1.date,p1_1.location,p1_1.name,p1_1.race_creator from race r1_0 left join rider w1_0 on w1_0.id=r1_0.winner_id left join team t1_0 on t1_0.id=w1_0.fk_team left join (rider_program p1_0 join race p1_1 on p1_1.id=p1_0.race_id) on w1_0.id=p1_0.rider_id where r1_0.id=?
Hibernate: insert into calendar (end_year,start_year,id) values (?,?,?)
Hibernate: insert into team (head_sponsor,name,id) values (?,?,?)
Hibernate: insert into rider (birth_day,country_code,first_name,gear_description,last_name,fk_team,wins,id) values (?,?,?,?,?,?,?,?)
Hibernate: insert into race (count_of_viewers,country_code,date,location,name,race_creator,winner_id,id) values (?,?,?,?,?,?,?,default)
Hibernate: update rider set birth_day=?,country_code=?,first_name=?,gear_description=?,last_name=?,fk_team=?,wins=? where id=?
Hibernate: update race set count_of_viewers=?,country_code=?,date=?,location=?,name=?,race_creator=?,winner_id=? where id=?
Hibernate: insert into rider_program (rider_id,race_id) values (?,?)
Hibernate: update race set calendar_id=? where id=?
Hibernate: insert into riders_in_race (race_id,rider_id) values (?,?)
Hibernate: select r1_0.id,r1_0.birth_day,r1_0.country_code,r1_0.first_name,r1_0.gear_description,r1_0.last_name,r1_0.fk_team,r1_0.wins from rider r1_0 where r1_0.first_name=? and r1_0.last_name=?
Hibernate: select t1_0.id,t1_0.head_sponsor,t1_0.name,m1_0.fk_team,m1_0.id,m1_0.birth_day,m1_0.country_code,m1_0.first_name,m1_0.gear_description,m1_0.last_name,m1_0.wins from team t1_0 left join rider m1_0 on t1_0.id=m1_0.fk_team where t1_0.id=?
Hibernate: select r1_0.id,r1_0.birth_day,r1_0.country_code,r1_0.first_name,r1_0.gear_description,r1_0.last_name,r1_0.fk_team,t1_0.id,t1_0.head_sponsor,t1_0.name,r1_0.wins,p1_0.rider_id,p1_1.id,p1_1.count_of_viewers,p1_1.country_code,p1_1.date,p1_1.location,p1_1.name,p1_1.race_creator,w1_0.id,w1_0.birth_day,w1_0.country_code,w1_0.first_name,w1_0.gear_description,w1_0.last_name,w1_0.fk_team,t2_0.id,t2_0.head_sponsor,t2_0.name,w1_0.wins from rider r1_0 join team t1_0 on t1_0.id=r1_0.fk_team left join (rider_program p1_0 join race p1_1 on p1_1.id=p1_0.race_id) on r1_0.id=p1_0.rider_id left join rider w1_0 on w1_0.id=p1_1.winner_id left join team t2_0 on t2_0.id=w1_0.fk_team where r1_0.id=?
Hibernate: select r1_0.id,r1_0.count_of_viewers,r1_0.country_code,r1_0.date,r1_0.location,r1_0.name,r1_0.race_creator,w1_0.id,w1_0.birth_day,w1_0.country_code,w1_0.first_name,w1_0.gear_description,w1_0.last_name,w1_0.fk_team,t1_0.id,t1_0.head_sponsor,t1_0.name,w1_0.wins,p1_0.rider_id,p1_1.id,p1_1.count_of_viewers,p1_1.country_code,p1_1.date,p1_1.location,p1_1.name,p1_1.race_creator from race r1_0 left join rider w1_0 on w1_0.id=r1_0.winner_id left join team t1_0 on t1_0.id=w1_0.fk_team left join (rider_program p1_0 join race p1_1 on p1_1.id=p1_0.race_id) on w1_0.id=p1_0.rider_id where r1_0.id=?
Hibernate: insert into calendar (end_year,start_year,id) values (?,?,?)
Hibernate: insert into team (head_sponsor,name,id) values (?,?,?)
Hibernate: insert into rider (birth_day,country_code,first_name,gear_description,last_name,fk_team,wins,id) values (?,?,?,?,?,?,?,?)
Hibernate: insert into race (count_of_viewers,country_code,date,location,name,race_creator,winner_id,id) values (?,?,?,?,?,?,?,default)
Hibernate: update rider set birth_day=?,country_code=?,first_name=?,gear_description=?,last_name=?,fk_team=?,wins=? where id=?
Hibernate: update race set count_of_viewers=?,country_code=?,date=?,location=?,name=?,race_creator=?,winner_id=? where id=?
Hibernate: insert into rider_program (rider_id,race_id) values (?,?)
Hibernate: update race set calendar_id=? where id=?
Hibernate: insert into riders_in_race (race_id,rider_id) values (?,?)
Hibernate: select r1_0.id,r1_0.birth_day,r1_0.country_code,r1_0.first_name,r1_0.gear_description,r1_0.last_name,r1_0.fk_team,r1_0.wins from rider r1_0 where r1_0.first_name=? and r1_0.last_name=?
Hibernate: select t1_0.id,t1_0.head_sponsor,t1_0.name,m1_0.fk_team,m1_0.id,m1_0.birth_day,m1_0.country_code,m1_0.first_name,m1_0.gear_description,m1_0.last_name,m1_0.wins from team t1_0 left join rider m1_0 on t1_0.id=m1_0.fk_team where t1_0.id=?
Hibernate: select r1_0.id,r1_0.birth_day,r1_0.country_code,r1_0.first_name,r1_0.gear_description,r1_0.last_name,r1_0.fk_team,t1_0.id,t1_0.head_sponsor,t1_0.name,r1_0.wins,p1_0.rider_id,p1_1.id,p1_1.count_of_viewers,p1_1.country_code,p1_1.date,p1_1.location,p1_1.name,p1_1.race_creator,w1_0.id,w1_0.birth_day,w1_0.country_code,w1_0.first_name,w1_0.gear_description,w1_0.last_name,w1_0.fk_team,t2_0.id,t2_0.head_sponsor,t2_0.name,w1_0.wins from rider r1_0 join team t1_0 on t1_0.id=r1_0.fk_team left join (rider_program p1_0 join race p1_1 on p1_1.id=p1_0.race_id) on r1_0.id=p1_0.rider_id left join rider w1_0 on w1_0.id=p1_1.winner_id left join team t2_0 on t2_0.id=w1_0.fk_team where r1_0.id=?
Hibernate: select r1_0.id,r1_0.count_of_viewers,r1_0.country_code,r1_0.date,r1_0.location,r1_0.name,r1_0.race_creator,w1_0.id,w1_0.birth_day,w1_0.country_code,w1_0.first_name,w1_0.gear_description,w1_0.last_name,w1_0.fk_team,t1_0.id,t1_0.head_sponsor,t1_0.name,w1_0.wins,p1_0.rider_id,p1_1.id,p1_1.count_of_viewers,p1_1.country_code,p1_1.date,p1_1.location,p1_1.name,p1_1.race_creator from race r1_0 left join rider w1_0 on w1_0.id=r1_0.winner_id left join team t1_0 on t1_0.id=w1_0.fk_team left join (rider_program p1_0 join race p1_1 on p1_1.id=p1_0.race_id) on w1_0.id=p1_0.rider_id where r1_0.id=?
Hibernate: insert into calendar (end_year,start_year,id) values (?,?,?)
Hibernate: insert into team (head_sponsor,name,id) values (?,?,?)
Hibernate: insert into rider (birth_day,country_code,first_name,gear_description,last_name,fk_team,wins,id) values (?,?,?,?,?,?,?,?)
Hibernate: insert into race (count_of_viewers,country_code,date,location,name,race_creator,winner_id,id) values (?,?,?,?,?,?,?,default)
Hibernate: update rider set birth_day=?,country_code=?,first_name=?,gear_description=?,last_name=?,fk_team=?,wins=? where id=?
Hibernate: update race set count_of_viewers=?,country_code=?,date=?,location=?,name=?,race_creator=?,winner_id=? where id=?
Hibernate: insert into rider_program (rider_id,race_id) values (?,?)
Hibernate: update race set calendar_id=? where id=?
Hibernate: insert into riders_in_race (race_id,rider_id) values (?,?)
Hibernate: select r1_0.id,r1_0.birth_day,r1_0.country_code,r1_0.first_name,r1_0.gear_description,r1_0.last_name,r1_0.fk_team,r1_0.wins from rider r1_0 where r1_0.first_name=? and r1_0.last_name=?
Hibernate: select t1_0.id,t1_0.head_sponsor,t1_0.name,m1_0.fk_team,m1_0.id,m1_0.birth_day,m1_0.country_code,m1_0.first_name,m1_0.gear_description,m1_0.last_name,m1_0.wins from team t1_0 left join rider m1_0 on t1_0.id=m1_0.fk_team where t1_0.id=?
Hibernate: select r1_0.id,r1_0.birth_day,r1_0.country_code,r1_0.first_name,r1_0.gear_description,r1_0.last_name,r1_0.fk_team,t1_0.id,t1_0.head_sponsor,t1_0.name,r1_0.wins,p1_0.rider_id,p1_1.id,p1_1.count_of_viewers,p1_1.country_code,p1_1.date,p1_1.location,p1_1.name,p1_1.race_creator,w1_0.id,w1_0.birth_day,w1_0.country_code,w1_0.first_name,w1_0.gear_description,w1_0.last_name,w1_0.fk_team,t2_0.id,t2_0.head_sponsor,t2_0.name,w1_0.wins from rider r1_0 join team t1_0 on t1_0.id=r1_0.fk_team left join (rider_program p1_0 join race p1_1 on p1_1.id=p1_0.race_id) on r1_0.id=p1_0.rider_id left join rider w1_0 on w1_0.id=p1_1.winner_id left join team t2_0 on t2_0.id=w1_0.fk_team where r1_0.id=?
Hibernate: select r1_0.id,r1_0.count_of_viewers,r1_0.country_code,r1_0.date,r1_0.location,r1_0.name,r1_0.race_creator,w1_0.id,w1_0.birth_day,w1_0.country_code,w1_0.first_name,w1_0.gear_description,w1_0.last_name,w1_0.fk_team,t1_0.id,t1_0.head_sponsor,t1_0.name,w1_0.wins,p1_0.rider_id,p1_1.id,p1_1.count_of_viewers,p1_1.country_code,p1_1.date,p1_1.location,p1_1.name,p1_1.race_creator from race r1_0 left join rider w1_0 on w1_0.id=r1_0.winner_id left join team t1_0 on t1_0.id=w1_0.fk_team left join (rider_program p1_0 join race p1_1 on p1_1.id=p1_0.race_id) on w1_0.id=p1_0.rider_id where r1_0.id=?
Hibernate: insert into calendar (end_year,start_year,id) values (?,?,?)
Hibernate: insert into team (head_sponsor,name,id) values (?,?,?)
Hibernate: insert into rider (birth_day,country_code,first_name,gear_description,last_name,fk_team,wins,id) values (?,?,?,?,?,?,?,?)
Hibernate: insert into race (count_of_viewers,country_code,date,location,name,race_creator,winner_id,id) values (?,?,?,?,?,?,?,default)
Hibernate: update rider set birth_day=?,country_code=?,first_name=?,gear_description=?,last_name=?,fk_team=?,wins=? where id=?
Hibernate: update race set count_of_viewers=?,country_code=?,date=?,location=?,name=?,race_creator=?,winner_id=? where id=?
Hibernate: insert into rider_program (rider_id,race_id) values (?,?)
Hibernate: update race set calendar_id=? where id=?
Hibernate: insert into riders_in_race (race_id,rider_id) values (?,?)
Hibernate: select r1_0.id,r1_0.birth_day,r1_0.country_code,r1_0.first_name,r1_0.gear_description,r1_0.last_name,r1_0.fk_team,r1_0.wins from rider r1_0 where r1_0.first_name=? and r1_0.last_name=?
Hibernate: select t1_0.id,t1_0.head_sponsor,t1_0.name,m1_0.fk_team,m1_0.id,m1_0.birth_day,m1_0.country_code,m1_0.first_name,m1_0.gear_description,m1_0.last_name,m1_0.wins from team t1_0 left join rider m1_0 on t1_0.id=m1_0.fk_team where t1_0.id=?
Hibernate: select r1_0.id,r1_0.birth_day,r1_0.country_code,r1_0.first_name,r1_0.gear_description,r1_0.last_name,r1_0.fk_team,t1_0.id,t1_0.head_sponsor,t1_0.name,r1_0.wins,p1_0.rider_id,p1_1.id,p1_1.count_of_viewers,p1_1.country_code,p1_1.date,p1_1.location,p1_1.name,p1_1.race_creator,w1_0.id,w1_0.birth_day,w1_0.country_code,w1_0.first_name,w1_0.gear_description,w1_0.last_name,w1_0.fk_team,t2_0.id,t2_0.head_sponsor,t2_0.name,w1_0.wins from rider r1_0 join team t1_0 on t1_0.id=r1_0.fk_team left join (rider_program p1_0 join race p1_1 on p1_1.id=p1_0.race_id) on r1_0.id=p1_0.rider_id left join rider w1_0 on w1_0.id=p1_1.winner_id left join team t2_0 on t2_0.id=w1_0.fk_team where r1_0.id=?
Hibernate: select r1_0.id,r1_0.count_of_viewers,r1_0.country_code,r1_0.date,r1_0.location,r1_0.name,r1_0.race_creator,w1_0.id,w1_0.birth_day,w1_0.country_code,w1_0.first_name,w1_0.gear_description,w1_0.last_name,w1_0.fk_team,t1_0.id,t1_0.head_sponsor,t1_0.name,w1_0.wins,p1_0.rider_id,p1_1.id,p1_1.count_of_viewers,p1_1.country_code,p1_1.date,p1_1.location,p1_1.name,p1_1.race_creator from race r1_0 left join rider w1_0 on w1_0.id=r1_0.winner_id left join team t1_0 on t1_0.id=w1_0.fk_team left join (rider_program p1_0 join race p1_1 on p1_1.id=p1_0.race_id) on w1_0.id=p1_0.rider_id where r1_0.id=?
Hibernate: insert into calendar (end_year,start_year,id) values (?,?,?)
Hibernate: insert into team (head_sponsor,name,id) values (?,?,?)
Hibernate: insert into rider (birth_day,country_code,first_name,gear_description,last_name,fk_team,wins,id) values (?,?,?,?,?,?,?,?)
Hibernate: insert into race (count_of_viewers,country_code,date,location,name,race_creator,winner_id,id) values (?,?,?,?,?,?,?,default)
Hibernate: update rider set birth_day=?,country_code=?,first_name=?,gear_description=?,last_name=?,fk_team=?,wins=? where id=?
Hibernate: update race set count_of_viewers=?,country_code=?,date=?,location=?,name=?,race_creator=?,winner_id=? where id=?
Hibernate: insert into rider_program (rider_id,race_id) values (?,?)
Hibernate: update race set calendar_id=? where id=?
Hibernate: insert into riders_in_race (race_id,rider_id) values (?,?)
Hibernate: select r1_0.id,r1_0.birth_day,r1_0.country_code,r1_0.first_name,r1_0.gear_description,r1_0.last_name,r1_0.fk_team,r1_0.wins from rider r1_0 where r1_0.first_name=? and r1_0.last_name=?
Hibernate: select t1_0.id,t1_0.head_sponsor,t1_0.name,m1_0.fk_team,m1_0.id,m1_0.birth_day,m1_0.country_code,m1_0.first_name,m1_0.gear_description,m1_0.last_name,m1_0.wins from team t1_0 left join rider m1_0 on t1_0.id=m1_0.fk_team where t1_0.id=?
Hibernate: select r1_0.id,r1_0.birth_day,r1_0.country_code,r1_0.first_name,r1_0.gear_description,r1_0.last_name,r1_0.fk_team,t1_0.id,t1_0.head_sponsor,t1_0.name,r1_0.wins,p1_0.rider_id,p1_1.id,p1_1.count_of_viewers,p1_1.country_code,p1_1.date,p1_1.location,p1_1.name,p1_1.race_creator,w1_0.id,w1_0.birth_day,w1_0.country_code,w1_0.first_name,w1_0.gear_description,w1_0.last_name,w1_0.fk_team,t2_0.id,t2_0.head_sponsor,t2_0.name,w1_0.wins from rider r1_0 join team t1_0 on t1_0.id=r1_0.fk_team left join (rider_program p1_0 join race p1_1 on p1_1.id=p1_0.race_id) on r1_0.id=p1_0.rider_id left join rider w1_0 on w1_0.id=p1_1.winner_id left join team t2_0 on t2_0.id=w1_0.fk_team where r1_0.id=?
Hibernate: select r1_0.id,r1_0.count_of_viewers,r1_0.country_code,r1_0.date,r1_0.location,r1_0.name,r1_0.race_creator,w1_0.id,w1_0.birth_day,w1_0.country_code,w1_0.first_name,w1_0.gear_description,w1_0.last_name,w1_0.fk_team,t1_0.id,t1_0.head_sponsor,t1_0.name,w1_0.wins,p1_0.rider_id,p1_1.id,p1_1.count_of_viewers,p1_1.country_code,p1_1.date,p1_1.location,p1_1.name,p1_1.race_creator from race r1_0 left join rider w1_0 on w1_0.id=r1_0.winner_id left join team t1_0 on t1_0.id=w1_0.fk_team left join (rider_program p1_0 join race p1_1 on p1_1.id=p1_0.race_id) on w1_0.id=p1_0.rider_id where r1_0.id=?
Hibernate: insert into calendar (end_year,start_year,id) values (?,?,?)
Hibernate: insert into team (head_sponsor,name,id) values (?,?,?)
Hibernate: insert into rider (birth_day,country_code,first_name,gear_description,last_name,fk_team,wins,id) values (?,?,?,?,?,?,?,?)
Hibernate: insert into race (count_of_viewers,country_code,date,location,name,race_creator,winner_id,id) values (?,?,?,?,?,?,?,default)
Hibernate: update rider set birth_day=?,country_code=?,first_name=?,gear_description=?,last_name=?,fk_team=?,wins=? where id=?
Hibernate: update race set count_of_viewers=?,country_code=?,date=?,location=?,name=?,race_creator=?,winner_id=? where id=?
Hibernate: insert into rider_program (rider_id,race_id) values (?,?)
Hibernate: update race set calendar_id=? where id=?
Hibernate: insert into riders_in_race (race_id,rider_id) values (?,?)
Hibernate: select r1_0.id,r1_0.birth_day,r1_0.country_code,r1_0.first_name,r1_0.gear_description,r1_0.last_name,r1_0.fk_team,r1_0.wins from rider r1_0 where r1_0.first_name=? and r1_0.last_name=?
Hibernate: select t1_0.id,t1_0.head_sponsor,t1_0.name,m1_0.fk_team,m1_0.id,m1_0.birth_day,m1_0.country_code,m1_0.first_name,m1_0.gear_description,m1_0.last_name,m1_0.wins from team t1_0 left join rider m1_0 on t1_0.id=m1_0.fk_team where t1_0.id=?
Hibernate: select r1_0.id,r1_0.birth_day,r1_0.country_code,r1_0.first_name,r1_0.gear_description,r1_0.last_name,r1_0.fk_team,t1_0.id,t1_0.head_sponsor,t1_0.name,r1_0.wins,p1_0.rider_id,p1_1.id,p1_1.count_of_viewers,p1_1.country_code,p1_1.date,p1_1.location,p1_1.name,p1_1.race_creator,w1_0.id,w1_0.birth_day,w1_0.country_code,w1_0.first_name,w1_0.gear_description,w1_0.last_name,w1_0.fk_team,t2_0.id,t2_0.head_sponsor,t2_0.name,w1_0.wins from rider r1_0 join team t1_0 on t1_0.id=r1_0.fk_team left join (rider_program p1_0 join race p1_1 on p1_1.id=p1_0.race_id) on r1_0.id=p1_0.rider_id left join rider w1_0 on w1_0.id=p1_1.winner_id left join team t2_0 on t2_0.id=w1_0.fk_team where r1_0.id=?
Hibernate: select r1_0.id,r1_0.count_of_viewers,r1_0.country_code,r1_0.date,r1_0.location,r1_0.name,r1_0.race_creator,w1_0.id,w1_0.birth_day,w1_0.country_code,w1_0.first_name,w1_0.gear_description,w1_0.last_name,w1_0.fk_team,t1_0.id,t1_0.head_sponsor,t1_0.name,w1_0.wins,p1_0.rider_id,p1_1.id,p1_1.count_of_viewers,p1_1.country_code,p1_1.date,p1_1.location,p1_1.name,p1_1.race_creator from race r1_0 left join rider w1_0 on w1_0.id=r1_0.winner_id left join team t1_0 on t1_0.id=w1_0.fk_team left join (rider_program p1_0 join race p1_1 on p1_1.id=p1_0.race_id) on w1_0.id=p1_0.rider_id where r1_0.id=?
Hibernate: insert into calendar (end_year,start_year,id) values (?,?,?)
Hibernate: insert into team (head_sponsor,name,id) values (?,?,?)
Hibernate: insert into rider (birth_day,country_code,first_name,gear_description,last_name,fk_team,wins,id) values (?,?,?,?,?,?,?,?)
Hibernate: insert into race (count_of_viewers,country_code,date,location,name,race_creator,winner_id,id) values (?,?,?,?,?,?,?,default)
Hibernate: update rider set birth_day=?,country_code=?,first_name=?,gear_description=?,last_name=?,fk_team=?,wins=? where id=?
Hibernate: update race set count_of_viewers=?,country_code=?,date=?,location=?,name=?,race_creator=?,winner_id=? where id=?
Hibernate: insert into rider_program (rider_id,race_id) values (?,?)
Hibernate: update race set calendar_id=? where id=?
Hibernate: insert into riders_in_race (race_id,rider_id) values (?,?)
Hibernate: select r1_0.id,r1_0.birth_day,r1_0.country_code,r1_0.first_name,r1_0.gear_description,r1_0.last_name,r1_0.fk_team,r1_0.wins from rider r1_0 where r1_0.first_name=? and r1_0.last_name=?
Hibernate: select t1_0.id,t1_0.head_sponsor,t1_0.name,m1_0.fk_team,m1_0.id,m1_0.birth_day,m1_0.country_code,m1_0.first_name,m1_0.gear_description,m1_0.last_name,m1_0.wins from team t1_0 left join rider m1_0 on t1_0.id=m1_0.fk_team where t1_0.id=?
Hibernate: select r1_0.id,r1_0.birth_day,r1_0.country_code,r1_0.first_name,r1_0.gear_description,r1_0.last_name,r1_0.fk_team,t1_0.id,t1_0.head_sponsor,t1_0.name,r1_0.wins,p1_0.rider_id,p1_1.id,p1_1.count_of_viewers,p1_1.country_code,p1_1.date,p1_1.location,p1_1.name,p1_1.race_creator,w1_0.id,w1_0.birth_day,w1_0.country_code,w1_0.first_name,w1_0.gear_description,w1_0.last_name,w1_0.fk_team,t2_0.id,t2_0.head_sponsor,t2_0.name,w1_0.wins from rider r1_0 join team t1_0 on t1_0.id=r1_0.fk_team left join (rider_program p1_0 join race p1_1 on p1_1.id=p1_0.race_id) on r1_0.id=p1_0.rider_id left join rider w1_0 on w1_0.id=p1_1.winner_id left join team t2_0 on t2_0.id=w1_0.fk_team where r1_0.id=?
Hibernate: select r1_0.id,r1_0.count_of_viewers,r1_0.country_code,r1_0.date,r1_0.location,r1_0.name,r1_0.race_creator,w1_0.id,w1_0.birth_day,w1_0.country_code,w1_0.first_name,w1_0.gear_description,w1_0.last_name,w1_0.fk_team,t1_0.id,t1_0.head_sponsor,t1_0.name,w1_0.wins,p1_0.rider_id,p1_1.id,p1_1.count_of_viewers,p1_1.country_code,p1_1.date,p1_1.location,p1_1.name,p1_1.race_creator from race r1_0 left join rider w1_0 on w1_0.id=r1_0.winner_id left join team t1_0 on t1_0.id=w1_0.fk_team left join (rider_program p1_0 join race p1_1 on p1_1.id=p1_0.race_id) on w1_0.id=p1_0.rider_id where r1_0.id=?
Hibernate: insert into calendar (end_year,start_year,id) values (?,?,?)
Hibernate: insert into team (head_sponsor,name,id) values (?,?,?)
Hibernate: insert into rider (birth_day,country_code,first_name,gear_description,last_name,fk_team,wins,id) values (?,?,?,?,?,?,?,?)
Hibernate: insert into race (count_of_viewers,country_code,date,location,name,race_creator,winner_id,id) values (?,?,?,?,?,?,?,default)
Hibernate: update rider set birth_day=?,country_code=?,first_name=?,gear_description=?,last_name=?,fk_team=?,wins=? where id=?
Hibernate: update race set count_of_viewers=?,country_code=?,date=?,location=?,name=?,race_creator=?,winner_id=? where id=?
Hibernate: insert into rider_program (rider_id,race_id) values (?,?)
Hibernate: update race set calendar_id=? where id=?
Hibernate: insert into riders_in_race (race_id,rider_id) values (?,?)
Hibernate: select r1_0.id,r1_0.birth_day,r1_0.country_code,r1_0.first_name,r1_0.gear_description,r1_0.last_name,r1_0.fk_team,r1_0.wins from rider r1_0 where r1_0.first_name=? and r1_0.last_name=?
Hibernate: insert into rider_program (rider_id,race_id) values (?,?)
]]></system-out>
    <system-err><![CDATA[WARNING: A Java agent has been loaded dynamically (C:\Users\Jonas Notredame\.m2\repository\net\bytebuddy\byte-buddy-agent\1.14.9\byte-buddy-agent-1.14.9.jar)
WARNING: If a serviceability tool is in use, please run with -XX:+EnableDynamicAgentLoading to hide this warning
WARNING: If a serviceability tool is not in use, please run with -Djdk.instrument.traceUsage for more information
WARNING: Dynamic loading of agents will be disallowed by default in a future release
]]></system-err>
  </testcase>
</testsuite>